CRITICAL - 2023-03-21 18:14:15 --> Attempt to read property "f_name" on null
in APPPATH/Views/pages/about.php on line 14.
 1 APPPATH/Views/pages/about.php(14): CodeIgniter\Debug\Exceptions->errorHandler(2, 'Attempt to read property "f_name" on null', 'APPPATH/Views/pages/about.php', 14)
 2 SYSTEMPATH/View/View.php(213): include('APPPATH/Views/pages/about.php')
 3 SYSTEMPATH/View/View.php(216): CodeIgniter\View\View->CodeIgniter\View\{closure}()
 4 SYSTEMPATH/Common.php(1137): CodeIgniter\View\View->render('pages/about', [], true)
 5 APPPATH/Controllers/Page.php(14): view('pages/about')
 6 SYSTEMPATH/CodeIgniter.php(904): App\Controllers\Page->about()
 7 SYSTEMPATH/CodeIgniter.php(457): CodeIgniter\CodeIgniter->runController(Object(App\Controllers\Page))
 8 SYSTEMPATH/CodeIgniter.php(340): CodeIgniter\CodeIgniter->handleRequest(null, Object(Config\Cache), false)
 9 FCPATH/index.php(55): CodeIgniter\CodeIgniter->run()
10 SYSTEMPATH/Commands/Server/rewrite.php(43): require_once('FCPATH/index.php')
CRITICAL - 2023-03-21 18:14:19 --> Attempt to read property "f_name" on null
in APPPATH/Views/pages/features.php on line 19.
 1 APPPATH/Views/pages/features.php(19): CodeIgniter\Debug\Exceptions->errorHandler(2, 'Attempt to read property "f_name" on null', 'APPPATH/Views/pages/features.php', 19)
 2 SYSTEMPATH/View/View.php(213): include('APPPATH/Views/pages/features.php')
 3 SYSTEMPATH/View/View.php(216): CodeIgniter\View\View->CodeIgniter\View\{closure}()
 4 SYSTEMPATH/Common.php(1137): CodeIgniter\View\View->render('pages/features', [], true)
 5 APPPATH/Controllers/Page.php(40): view('pages/features')
 6 SYSTEMPATH/CodeIgniter.php(904): App\Controllers\Page->features()
 7 SYSTEMPATH/CodeIgniter.php(457): CodeIgniter\CodeIgniter->runController(Object(App\Controllers\Page))
 8 SYSTEMPATH/CodeIgniter.php(340): CodeIgniter\CodeIgniter->handleRequest(null, Object(Config\Cache), false)
 9 FCPATH/index.php(55): CodeIgniter\CodeIgniter->run()
10 SYSTEMPATH/Commands/Server/rewrite.php(43): require_once('FCPATH/index.php')
