CRITICAL - 2022-10-01 08:35:55 --> file_get_contents(C:\Users\h4ham\OneDrive\Desktop\Auziplan-C-4\writable\uploads\20220906\1662504573_eecc8be79c5687adb982.png): Failed to open stream: No such file or directory
in APPPATH\Controllers\Uploadfile.php on line 28.
 1 [internal function]: CodeIgniter\Debug\Exceptions->errorHandler()
 2 APPPATH\Controllers\Uploadfile.php(28): file_get_contents()
 3 SYSTEMPATH\CodeIgniter.php(904): App\Controllers\Uploadfile->index()
 4 SYSTEMPATH\CodeIgniter.php(457): CodeIgniter\CodeIgniter->runController()
 5 SYSTEMPATH\CodeIgniter.php(340): CodeIgniter\CodeIgniter->handleRequest()
 6 FCPATH\index.php(55): CodeIgniter\CodeIgniter->run()
 7 SYSTEMPATH\Commands\Server\rewrite.php(43): require_once('FCPATH\\index.php')
CRITICAL - 2022-10-01 08:35:57 --> file_get_contents(C:\Users\h4ham\OneDrive\Desktop\Auziplan-C-4\writable\uploads\20220906\1662504621_25ce283405c762f812a9.png): Failed to open stream: No such file or directory
in APPPATH\Controllers\Uploadfile.php on line 28.
 1 [internal function]: CodeIgniter\Debug\Exceptions->errorHandler()
 2 APPPATH\Controllers\Uploadfile.php(28): file_get_contents()
 3 SYSTEMPATH\CodeIgniter.php(904): App\Controllers\Uploadfile->index()
 4 SYSTEMPATH\CodeIgniter.php(457): CodeIgniter\CodeIgniter->runController()
 5 SYSTEMPATH\CodeIgniter.php(340): CodeIgniter\CodeIgniter->handleRequest()
 6 FCPATH\index.php(55): CodeIgniter\CodeIgniter->run()
 7 SYSTEMPATH\Commands\Server\rewrite.php(43): require_once('FCPATH\\index.php')
CRITICAL - 2022-10-01 08:35:59 --> file_get_contents(C:\Users\h4ham\OneDrive\Desktop\Auziplan-C-4\writable\uploads\20220906\1662504573_eecc8be79c5687adb982.png): Failed to open stream: No such file or directory
in APPPATH\Controllers\Uploadfile.php on line 28.
 1 [internal function]: CodeIgniter\Debug\Exceptions->errorHandler()
 2 APPPATH\Controllers\Uploadfile.php(28): file_get_contents()
 3 SYSTEMPATH\CodeIgniter.php(904): App\Controllers\Uploadfile->index()
 4 SYSTEMPATH\CodeIgniter.php(457): CodeIgniter\CodeIgniter->runController()
 5 SYSTEMPATH\CodeIgniter.php(340): CodeIgniter\CodeIgniter->handleRequest()
 6 FCPATH\index.php(55): CodeIgniter\CodeIgniter->run()
 7 SYSTEMPATH\Commands\Server\rewrite.php(43): require_once('FCPATH\\index.php')
CRITICAL - 2022-10-01 08:35:59 --> file_get_contents(C:\Users\h4ham\OneDrive\Desktop\Auziplan-C-4\writable\uploads\20220906\1662504573_eecc8be79c5687adb982.png): Failed to open stream: No such file or directory
in APPPATH\Controllers\Uploadfile.php on line 28.
 1 [internal function]: CodeIgniter\Debug\Exceptions->errorHandler()
 2 APPPATH\Controllers\Uploadfile.php(28): file_get_contents()
 3 SYSTEMPATH\CodeIgniter.php(904): App\Controllers\Uploadfile->index()
 4 SYSTEMPATH\CodeIgniter.php(457): CodeIgniter\CodeIgniter->runController()
 5 SYSTEMPATH\CodeIgniter.php(340): CodeIgniter\CodeIgniter->handleRequest()
 6 FCPATH\index.php(55): CodeIgniter\CodeIgniter->run()
 7 SYSTEMPATH\Commands\Server\rewrite.php(43): require_once('FCPATH\\index.php')
CRITICAL - 2022-10-01 08:36:00 --> file_get_contents(C:\Users\h4ham\OneDrive\Desktop\Auziplan-C-4\writable\uploads\20220906\1662504621_25ce283405c762f812a9.png): Failed to open stream: No such file or directory
in APPPATH\Controllers\Uploadfile.php on line 28.
 1 [internal function]: CodeIgniter\Debug\Exceptions->errorHandler()
 2 APPPATH\Controllers\Uploadfile.php(28): file_get_contents()
 3 SYSTEMPATH\CodeIgniter.php(904): App\Controllers\Uploadfile->index()
 4 SYSTEMPATH\CodeIgniter.php(457): CodeIgniter\CodeIgniter->runController()
 5 SYSTEMPATH\CodeIgniter.php(340): CodeIgniter\CodeIgniter->handleRequest()
 6 FCPATH\index.php(55): CodeIgniter\CodeIgniter->run()
 7 SYSTEMPATH\Commands\Server\rewrite.php(43): require_once('FCPATH\\index.php')
CRITICAL - 2022-10-01 08:46:15 --> round(): Argument #1 ($num) must be of type int|float, string given
in APPPATH\Controllers\Revenue.php on line 444.
 1 APPPATH\Controllers\Revenue.php(444): round()
 2 SYSTEMPATH\CodeIgniter.php(904): App\Controllers\Revenue->ajaxAddHourlyRate()
 3 SYSTEMPATH\CodeIgniter.php(457): CodeIgniter\CodeIgniter->runController()
 4 SYSTEMPATH\CodeIgniter.php(340): CodeIgniter\CodeIgniter->handleRequest()
 5 FCPATH\index.php(55): CodeIgniter\CodeIgniter->run()
 6 SYSTEMPATH\Commands\Server\rewrite.php(43): require_once('FCPATH\\index.php')
CRITICAL - 2022-10-01 08:46:15 --> round(): Argument #1 ($num) must be of type int|float, string given
in APPPATH\Controllers\Revenue.php on line 444.
 1 APPPATH\Controllers\Revenue.php(444): round()
 2 SYSTEMPATH\CodeIgniter.php(904): App\Controllers\Revenue->ajaxAddHourlyRate()
 3 SYSTEMPATH\CodeIgniter.php(457): CodeIgniter\CodeIgniter->runController()
 4 SYSTEMPATH\CodeIgniter.php(340): CodeIgniter\CodeIgniter->handleRequest()
 5 FCPATH\index.php(55): CodeIgniter\CodeIgniter->run()
 6 SYSTEMPATH\Commands\Server\rewrite.php(43): require_once('FCPATH\\index.php')
CRITICAL - 2022-10-01 08:46:15 --> round(): Argument #1 ($num) must be of type int|float, string given
in APPPATH\Controllers\Revenue.php on line 444.
 1 APPPATH\Controllers\Revenue.php(444): round()
 2 SYSTEMPATH\CodeIgniter.php(904): App\Controllers\Revenue->ajaxAddHourlyRate()
 3 SYSTEMPATH\CodeIgniter.php(457): CodeIgniter\CodeIgniter->runController()
 4 SYSTEMPATH\CodeIgniter.php(340): CodeIgniter\CodeIgniter->handleRequest()
 5 FCPATH\index.php(55): CodeIgniter\CodeIgniter->run()
 6 SYSTEMPATH\Commands\Server\rewrite.php(43): require_once('FCPATH\\index.php')
CRITICAL - 2022-10-01 08:46:15 --> round(): Argument #1 ($num) must be of type int|float, string given
in APPPATH\Controllers\Revenue.php on line 444.
 1 APPPATH\Controllers\Revenue.php(444): round()
 2 SYSTEMPATH\CodeIgniter.php(904): App\Controllers\Revenue->ajaxAddHourlyRate()
 3 SYSTEMPATH\CodeIgniter.php(457): CodeIgniter\CodeIgniter->runController()
 4 SYSTEMPATH\CodeIgniter.php(340): CodeIgniter\CodeIgniter->handleRequest()
 5 FCPATH\index.php(55): CodeIgniter\CodeIgniter->run()
 6 SYSTEMPATH\Commands\Server\rewrite.php(43): require_once('FCPATH\\index.php')
CRITICAL - 2022-10-01 08:46:18 --> round(): Argument #1 ($num) must be of type int|float, string given
in APPPATH\Controllers\Revenue.php on line 444.
 1 APPPATH\Controllers\Revenue.php(444): round()
 2 SYSTEMPATH\CodeIgniter.php(904): App\Controllers\Revenue->ajaxAddHourlyRate()
 3 SYSTEMPATH\CodeIgniter.php(457): CodeIgniter\CodeIgniter->runController()
 4 SYSTEMPATH\CodeIgniter.php(340): CodeIgniter\CodeIgniter->handleRequest()
 5 FCPATH\index.php(55): CodeIgniter\CodeIgniter->run()
 6 SYSTEMPATH\Commands\Server\rewrite.php(43): require_once('FCPATH\\index.php')
CRITICAL - 2022-10-01 08:46:18 --> round(): Argument #1 ($num) must be of type int|float, string given
in APPPATH\Controllers\Revenue.php on line 444.
 1 APPPATH\Controllers\Revenue.php(444): round()
 2 SYSTEMPATH\CodeIgniter.php(904): App\Controllers\Revenue->ajaxAddHourlyRate()
 3 SYSTEMPATH\CodeIgniter.php(457): CodeIgniter\CodeIgniter->runController()
 4 SYSTEMPATH\CodeIgniter.php(340): CodeIgniter\CodeIgniter->handleRequest()
 5 FCPATH\index.php(55): CodeIgniter\CodeIgniter->run()
 6 SYSTEMPATH\Commands\Server\rewrite.php(43): require_once('FCPATH\\index.php')
CRITICAL - 2022-10-01 08:46:18 --> round(): Argument #1 ($num) must be of type int|float, string given
in APPPATH\Controllers\Revenue.php on line 444.
 1 APPPATH\Controllers\Revenue.php(444): round()
 2 SYSTEMPATH\CodeIgniter.php(904): App\Controllers\Revenue->ajaxAddHourlyRate()
 3 SYSTEMPATH\CodeIgniter.php(457): CodeIgniter\CodeIgniter->runController()
 4 SYSTEMPATH\CodeIgniter.php(340): CodeIgniter\CodeIgniter->handleRequest()
 5 FCPATH\index.php(55): CodeIgniter\CodeIgniter->run()
 6 SYSTEMPATH\Commands\Server\rewrite.php(43): require_once('FCPATH\\index.php')
CRITICAL - 2022-10-01 08:46:18 --> round(): Argument #1 ($num) must be of type int|float, string given
in APPPATH\Controllers\Revenue.php on line 444.
 1 APPPATH\Controllers\Revenue.php(444): round()
 2 SYSTEMPATH\CodeIgniter.php(904): App\Controllers\Revenue->ajaxAddHourlyRate()
 3 SYSTEMPATH\CodeIgniter.php(457): CodeIgniter\CodeIgniter->runController()
 4 SYSTEMPATH\CodeIgniter.php(340): CodeIgniter\CodeIgniter->handleRequest()
 5 FCPATH\index.php(55): CodeIgniter\CodeIgniter->run()
 6 SYSTEMPATH\Commands\Server\rewrite.php(43): require_once('FCPATH\\index.php')
CRITICAL - 2022-10-01 08:46:29 --> round(): Argument #1 ($num) must be of type int|float, string given
in APPPATH\Controllers\Revenue.php on line 444.
 1 APPPATH\Controllers\Revenue.php(444): round()
 2 SYSTEMPATH\CodeIgniter.php(904): App\Controllers\Revenue->ajaxAddHourlyRate()
 3 SYSTEMPATH\CodeIgniter.php(457): CodeIgniter\CodeIgniter->runController()
 4 SYSTEMPATH\CodeIgniter.php(340): CodeIgniter\CodeIgniter->handleRequest()
 5 FCPATH\index.php(55): CodeIgniter\CodeIgniter->run()
 6 SYSTEMPATH\Commands\Server\rewrite.php(43): require_once('FCPATH\\index.php')
CRITICAL - 2022-10-01 08:46:29 --> round(): Argument #1 ($num) must be of type int|float, string given
in APPPATH\Controllers\Revenue.php on line 444.
 1 APPPATH\Controllers\Revenue.php(444): round()
 2 SYSTEMPATH\CodeIgniter.php(904): App\Controllers\Revenue->ajaxAddHourlyRate()
 3 SYSTEMPATH\CodeIgniter.php(457): CodeIgniter\CodeIgniter->runController()
 4 SYSTEMPATH\CodeIgniter.php(340): CodeIgniter\CodeIgniter->handleRequest()
 5 FCPATH\index.php(55): CodeIgniter\CodeIgniter->run()
 6 SYSTEMPATH\Commands\Server\rewrite.php(43): require_once('FCPATH\\index.php')
CRITICAL - 2022-10-01 08:46:29 --> round(): Argument #1 ($num) must be of type int|float, string given
in APPPATH\Controllers\Revenue.php on line 444.
 1 APPPATH\Controllers\Revenue.php(444): round()
 2 SYSTEMPATH\CodeIgniter.php(904): App\Controllers\Revenue->ajaxAddHourlyRate()
 3 SYSTEMPATH\CodeIgniter.php(457): CodeIgniter\CodeIgniter->runController()
 4 SYSTEMPATH\CodeIgniter.php(340): CodeIgniter\CodeIgniter->handleRequest()
 5 FCPATH\index.php(55): CodeIgniter\CodeIgniter->run()
 6 SYSTEMPATH\Commands\Server\rewrite.php(43): require_once('FCPATH\\index.php')
CRITICAL - 2022-10-01 08:46:29 --> round(): Argument #1 ($num) must be of type int|float, string given
in APPPATH\Controllers\Revenue.php on line 444.
 1 APPPATH\Controllers\Revenue.php(444): round()
 2 SYSTEMPATH\CodeIgniter.php(904): App\Controllers\Revenue->ajaxAddHourlyRate()
 3 SYSTEMPATH\CodeIgniter.php(457): CodeIgniter\CodeIgniter->runController()
 4 SYSTEMPATH\CodeIgniter.php(340): CodeIgniter\CodeIgniter->handleRequest()
 5 FCPATH\index.php(55): CodeIgniter\CodeIgniter->run()
 6 SYSTEMPATH\Commands\Server\rewrite.php(43): require_once('FCPATH\\index.php')
CRITICAL - 2022-10-01 08:46:33 --> round(): Argument #1 ($num) must be of type int|float, string given
in APPPATH\Controllers\Revenue.php on line 444.
 1 APPPATH\Controllers\Revenue.php(444): round()
 2 SYSTEMPATH\CodeIgniter.php(904): App\Controllers\Revenue->ajaxAddHourlyRate()
 3 SYSTEMPATH\CodeIgniter.php(457): CodeIgniter\CodeIgniter->runController()
 4 SYSTEMPATH\CodeIgniter.php(340): CodeIgniter\CodeIgniter->handleRequest()
 5 FCPATH\index.php(55): CodeIgniter\CodeIgniter->run()
 6 SYSTEMPATH\Commands\Server\rewrite.php(43): require_once('FCPATH\\index.php')
CRITICAL - 2022-10-01 08:46:33 --> round(): Argument #1 ($num) must be of type int|float, string given
in APPPATH\Controllers\Revenue.php on line 444.
 1 APPPATH\Controllers\Revenue.php(444): round()
 2 SYSTEMPATH\CodeIgniter.php(904): App\Controllers\Revenue->ajaxAddHourlyRate()
 3 SYSTEMPATH\CodeIgniter.php(457): CodeIgniter\CodeIgniter->runController()
 4 SYSTEMPATH\CodeIgniter.php(340): CodeIgniter\CodeIgniter->handleRequest()
 5 FCPATH\index.php(55): CodeIgniter\CodeIgniter->run()
 6 SYSTEMPATH\Commands\Server\rewrite.php(43): require_once('FCPATH\\index.php')
CRITICAL - 2022-10-01 08:46:33 --> round(): Argument #1 ($num) must be of type int|float, string given
in APPPATH\Controllers\Revenue.php on line 444.
 1 APPPATH\Controllers\Revenue.php(444): round()
 2 SYSTEMPATH\CodeIgniter.php(904): App\Controllers\Revenue->ajaxAddHourlyRate()
 3 SYSTEMPATH\CodeIgniter.php(457): CodeIgniter\CodeIgniter->runController()
 4 SYSTEMPATH\CodeIgniter.php(340): CodeIgniter\CodeIgniter->handleRequest()
 5 FCPATH\index.php(55): CodeIgniter\CodeIgniter->run()
 6 SYSTEMPATH\Commands\Server\rewrite.php(43): require_once('FCPATH\\index.php')
CRITICAL - 2022-10-01 08:46:33 --> round(): Argument #1 ($num) must be of type int|float, string given
in APPPATH\Controllers\Revenue.php on line 444.
 1 APPPATH\Controllers\Revenue.php(444): round()
 2 SYSTEMPATH\CodeIgniter.php(904): App\Controllers\Revenue->ajaxAddHourlyRate()
 3 SYSTEMPATH\CodeIgniter.php(457): CodeIgniter\CodeIgniter->runController()
 4 SYSTEMPATH\CodeIgniter.php(340): CodeIgniter\CodeIgniter->handleRequest()
 5 FCPATH\index.php(55): CodeIgniter\CodeIgniter->run()
 6 SYSTEMPATH\Commands\Server\rewrite.php(43): require_once('FCPATH\\index.php')
CRITICAL - 2022-10-01 09:01:47 --> A non-numeric value encountered
in APPPATH\Controllers\Revenue.php on line 424.
 1 APPPATH\Controllers\Revenue.php(424): CodeIgniter\Debug\Exceptions->errorHandler()
 2 SYSTEMPATH\CodeIgniter.php(904): App\Controllers\Revenue->ajaxAddHourlyRate()
 3 SYSTEMPATH\CodeIgniter.php(457): CodeIgniter\CodeIgniter->runController()
 4 SYSTEMPATH\CodeIgniter.php(340): CodeIgniter\CodeIgniter->handleRequest()
 5 FCPATH\index.php(55): CodeIgniter\CodeIgniter->run()
 6 SYSTEMPATH\Commands\Server\rewrite.php(43): require_once('FCPATH\\index.php')
CRITICAL - 2022-10-01 09:01:47 --> A non-numeric value encountered
in APPPATH\Controllers\Revenue.php on line 424.
 1 APPPATH\Controllers\Revenue.php(424): CodeIgniter\Debug\Exceptions->errorHandler()
 2 SYSTEMPATH\CodeIgniter.php(904): App\Controllers\Revenue->ajaxAddHourlyRate()
 3 SYSTEMPATH\CodeIgniter.php(457): CodeIgniter\CodeIgniter->runController()
 4 SYSTEMPATH\CodeIgniter.php(340): CodeIgniter\CodeIgniter->handleRequest()
 5 FCPATH\index.php(55): CodeIgniter\CodeIgniter->run()
 6 SYSTEMPATH\Commands\Server\rewrite.php(43): require_once('FCPATH\\index.php')
CRITICAL - 2022-10-01 09:01:47 --> A non-numeric value encountered
in APPPATH\Controllers\Revenue.php on line 424.
 1 APPPATH\Controllers\Revenue.php(424): CodeIgniter\Debug\Exceptions->errorHandler()
 2 SYSTEMPATH\CodeIgniter.php(904): App\Controllers\Revenue->ajaxAddHourlyRate()
 3 SYSTEMPATH\CodeIgniter.php(457): CodeIgniter\CodeIgniter->runController()
 4 SYSTEMPATH\CodeIgniter.php(340): CodeIgniter\CodeIgniter->handleRequest()
 5 FCPATH\index.php(55): CodeIgniter\CodeIgniter->run()
 6 SYSTEMPATH\Commands\Server\rewrite.php(43): require_once('FCPATH\\index.php')
CRITICAL - 2022-10-01 09:01:47 --> A non-numeric value encountered
in APPPATH\Controllers\Revenue.php on line 424.
 1 APPPATH\Controllers\Revenue.php(424): CodeIgniter\Debug\Exceptions->errorHandler()
 2 SYSTEMPATH\CodeIgniter.php(904): App\Controllers\Revenue->ajaxAddHourlyRate()
 3 SYSTEMPATH\CodeIgniter.php(457): CodeIgniter\CodeIgniter->runController()
 4 SYSTEMPATH\CodeIgniter.php(340): CodeIgniter\CodeIgniter->handleRequest()
 5 FCPATH\index.php(55): CodeIgniter\CodeIgniter->run()
 6 SYSTEMPATH\Commands\Server\rewrite.php(43): require_once('FCPATH\\index.php')
CRITICAL - 2022-10-01 19:48:20 --> round(): Passing null to parameter #1 ($num) of type int|float is deprecated
in APPPATH/Controllers/Revenue.php on line 540.
 1 [internal function]: CodeIgniter\Debug\Exceptions->errorHandler(8192, 'round(): Passing null to parameter #1 ($num) of type int|float is deprecated', 'APPPATH/Controllers/Revenue.php', 540)
 2 APPPATH/Controllers/Revenue.php(540): round(null)
 3 SYSTEMPATH/CodeIgniter.php(904): App\Controllers\Revenue->revenue_stream_total_revenue_required()
 4 SYSTEMPATH/CodeIgniter.php(457): CodeIgniter\CodeIgniter->runController(Object(App\Controllers\Revenue))
 5 SYSTEMPATH/CodeIgniter.php(340): CodeIgniter\CodeIgniter->handleRequest(null, Object(Config\Cache), false)
 6 FCPATH/index.php(55): CodeIgniter\CodeIgniter->run()
 7 SYSTEMPATH/Commands/Server/rewrite.php(43): require_once('FCPATH/index.php')
CRITICAL - 2022-10-01 19:48:20 --> round(): Passing null to parameter #1 ($num) of type int|float is deprecated
in APPPATH/Controllers/Revenue.php on line 540.
 1 [internal function]: CodeIgniter\Debug\Exceptions->errorHandler(8192, 'round(): Passing null to parameter #1 ($num) of type int|float is deprecated', 'APPPATH/Controllers/Revenue.php', 540)
 2 APPPATH/Controllers/Revenue.php(540): round(null)
 3 SYSTEMPATH/CodeIgniter.php(904): App\Controllers\Revenue->revenue_stream_total_revenue_required()
 4 SYSTEMPATH/CodeIgniter.php(457): CodeIgniter\CodeIgniter->runController(Object(App\Controllers\Revenue))
 5 SYSTEMPATH/CodeIgniter.php(340): CodeIgniter\CodeIgniter->handleRequest(null, Object(Config\Cache), false)
 6 FCPATH/index.php(55): CodeIgniter\CodeIgniter->run()
 7 SYSTEMPATH/Commands/Server/rewrite.php(43): require_once('FCPATH/index.php')
CRITICAL - 2022-10-01 19:48:20 --> round(): Passing null to parameter #1 ($num) of type int|float is deprecated
in APPPATH/Controllers/Revenue.php on line 540.
 1 [internal function]: CodeIgniter\Debug\Exceptions->errorHandler(8192, 'round(): Passing null to parameter #1 ($num) of type int|float is deprecated', 'APPPATH/Controllers/Revenue.php', 540)
 2 APPPATH/Controllers/Revenue.php(540): round(null)
 3 SYSTEMPATH/CodeIgniter.php(904): App\Controllers\Revenue->revenue_stream_total_revenue_required()
 4 SYSTEMPATH/CodeIgniter.php(457): CodeIgniter\CodeIgniter->runController(Object(App\Controllers\Revenue))
 5 SYSTEMPATH/CodeIgniter.php(340): CodeIgniter\CodeIgniter->handleRequest(null, Object(Config\Cache), false)
 6 FCPATH/index.php(55): CodeIgniter\CodeIgniter->run()
 7 SYSTEMPATH/Commands/Server/rewrite.php(43): require_once('FCPATH/index.php')
CRITICAL - 2022-10-01 19:48:20 --> round(): Passing null to parameter #1 ($num) of type int|float is deprecated
in APPPATH/Controllers/Revenue.php on line 540.
 1 [internal function]: CodeIgniter\Debug\Exceptions->errorHandler(8192, 'round(): Passing null to parameter #1 ($num) of type int|float is deprecated', 'APPPATH/Controllers/Revenue.php', 540)
 2 APPPATH/Controllers/Revenue.php(540): round(null)
 3 SYSTEMPATH/CodeIgniter.php(904): App\Controllers\Revenue->revenue_stream_total_revenue_required()
 4 SYSTEMPATH/CodeIgniter.php(457): CodeIgniter\CodeIgniter->runController(Object(App\Controllers\Revenue))
 5 SYSTEMPATH/CodeIgniter.php(340): CodeIgniter\CodeIgniter->handleRequest(null, Object(Config\Cache), false)
 6 FCPATH/index.php(55): CodeIgniter\CodeIgniter->run()
 7 SYSTEMPATH/Commands/Server/rewrite.php(43): require_once('FCPATH/index.php')
CRITICAL - 2022-10-01 19:48:23 --> round(): Passing null to parameter #1 ($num) of type int|float is deprecated
in APPPATH/Controllers/Revenue.php on line 540.
 1 [internal function]: CodeIgniter\Debug\Exceptions->errorHandler(8192, 'round(): Passing null to parameter #1 ($num) of type int|float is deprecated', 'APPPATH/Controllers/Revenue.php', 540)
 2 APPPATH/Controllers/Revenue.php(540): round(null)
 3 SYSTEMPATH/CodeIgniter.php(904): App\Controllers\Revenue->revenue_stream_total_revenue_required()
 4 SYSTEMPATH/CodeIgniter.php(457): CodeIgniter\CodeIgniter->runController(Object(App\Controllers\Revenue))
 5 SYSTEMPATH/CodeIgniter.php(340): CodeIgniter\CodeIgniter->handleRequest(null, Object(Config\Cache), false)
 6 FCPATH/index.php(55): CodeIgniter\CodeIgniter->run()
 7 SYSTEMPATH/Commands/Server/rewrite.php(43): require_once('FCPATH/index.php')
CRITICAL - 2022-10-01 19:48:23 --> round(): Passing null to parameter #1 ($num) of type int|float is deprecated
in APPPATH/Controllers/Revenue.php on line 540.
 1 [internal function]: CodeIgniter\Debug\Exceptions->errorHandler(8192, 'round(): Passing null to parameter #1 ($num) of type int|float is deprecated', 'APPPATH/Controllers/Revenue.php', 540)
 2 APPPATH/Controllers/Revenue.php(540): round(null)
 3 SYSTEMPATH/CodeIgniter.php(904): App\Controllers\Revenue->revenue_stream_total_revenue_required()
 4 SYSTEMPATH/CodeIgniter.php(457): CodeIgniter\CodeIgniter->runController(Object(App\Controllers\Revenue))
 5 SYSTEMPATH/CodeIgniter.php(340): CodeIgniter\CodeIgniter->handleRequest(null, Object(Config\Cache), false)
 6 FCPATH/index.php(55): CodeIgniter\CodeIgniter->run()
 7 SYSTEMPATH/Commands/Server/rewrite.php(43): require_once('FCPATH/index.php')
CRITICAL - 2022-10-01 19:48:23 --> round(): Passing null to parameter #1 ($num) of type int|float is deprecated
in APPPATH/Controllers/Revenue.php on line 540.
 1 [internal function]: CodeIgniter\Debug\Exceptions->errorHandler(8192, 'round(): Passing null to parameter #1 ($num) of type int|float is deprecated', 'APPPATH/Controllers/Revenue.php', 540)
 2 APPPATH/Controllers/Revenue.php(540): round(null)
 3 SYSTEMPATH/CodeIgniter.php(904): App\Controllers\Revenue->revenue_stream_total_revenue_required()
 4 SYSTEMPATH/CodeIgniter.php(457): CodeIgniter\CodeIgniter->runController(Object(App\Controllers\Revenue))
 5 SYSTEMPATH/CodeIgniter.php(340): CodeIgniter\CodeIgniter->handleRequest(null, Object(Config\Cache), false)
 6 FCPATH/index.php(55): CodeIgniter\CodeIgniter->run()
 7 SYSTEMPATH/Commands/Server/rewrite.php(43): require_once('FCPATH/index.php')
CRITICAL - 2022-10-01 19:48:23 --> round(): Passing null to parameter #1 ($num) of type int|float is deprecated
in APPPATH/Controllers/Revenue.php on line 540.
 1 [internal function]: CodeIgniter\Debug\Exceptions->errorHandler(8192, 'round(): Passing null to parameter #1 ($num) of type int|float is deprecated', 'APPPATH/Controllers/Revenue.php', 540)
 2 APPPATH/Controllers/Revenue.php(540): round(null)
 3 SYSTEMPATH/CodeIgniter.php(904): App\Controllers\Revenue->revenue_stream_total_revenue_required()
 4 SYSTEMPATH/CodeIgniter.php(457): CodeIgniter\CodeIgniter->runController(Object(App\Controllers\Revenue))
 5 SYSTEMPATH/CodeIgniter.php(340): CodeIgniter\CodeIgniter->handleRequest(null, Object(Config\Cache), false)
 6 FCPATH/index.php(55): CodeIgniter\CodeIgniter->run()
 7 SYSTEMPATH/Commands/Server/rewrite.php(43): require_once('FCPATH/index.php')
CRITICAL - 2022-10-01 19:49:10 --> round(): Passing null to parameter #1 ($num) of type int|float is deprecated
in APPPATH/Controllers/Revenue.php on line 540.
 1 [internal function]: CodeIgniter\Debug\Exceptions->errorHandler(8192, 'round(): Passing null to parameter #1 ($num) of type int|float is deprecated', 'APPPATH/Controllers/Revenue.php', 540)
 2 APPPATH/Controllers/Revenue.php(540): round(null)
 3 SYSTEMPATH/CodeIgniter.php(904): App\Controllers\Revenue->revenue_stream_total_revenue_required()
 4 SYSTEMPATH/CodeIgniter.php(457): CodeIgniter\CodeIgniter->runController(Object(App\Controllers\Revenue))
 5 SYSTEMPATH/CodeIgniter.php(340): CodeIgniter\CodeIgniter->handleRequest(null, Object(Config\Cache), false)
 6 FCPATH/index.php(55): CodeIgniter\CodeIgniter->run()
 7 SYSTEMPATH/Commands/Server/rewrite.php(43): require_once('FCPATH/index.php')
CRITICAL - 2022-10-01 19:49:10 --> round(): Passing null to parameter #1 ($num) of type int|float is deprecated
in APPPATH/Controllers/Revenue.php on line 540.
 1 [internal function]: CodeIgniter\Debug\Exceptions->errorHandler(8192, 'round(): Passing null to parameter #1 ($num) of type int|float is deprecated', 'APPPATH/Controllers/Revenue.php', 540)
 2 APPPATH/Controllers/Revenue.php(540): round(null)
 3 SYSTEMPATH/CodeIgniter.php(904): App\Controllers\Revenue->revenue_stream_total_revenue_required()
 4 SYSTEMPATH/CodeIgniter.php(457): CodeIgniter\CodeIgniter->runController(Object(App\Controllers\Revenue))
 5 SYSTEMPATH/CodeIgniter.php(340): CodeIgniter\CodeIgniter->handleRequest(null, Object(Config\Cache), false)
 6 FCPATH/index.php(55): CodeIgniter\CodeIgniter->run()
 7 SYSTEMPATH/Commands/Server/rewrite.php(43): require_once('FCPATH/index.php')
CRITICAL - 2022-10-01 19:49:10 --> round(): Passing null to parameter #1 ($num) of type int|float is deprecated
in APPPATH/Controllers/Revenue.php on line 540.
 1 [internal function]: CodeIgniter\Debug\Exceptions->errorHandler(8192, 'round(): Passing null to parameter #1 ($num) of type int|float is deprecated', 'APPPATH/Controllers/Revenue.php', 540)
 2 APPPATH/Controllers/Revenue.php(540): round(null)
 3 SYSTEMPATH/CodeIgniter.php(904): App\Controllers\Revenue->revenue_stream_total_revenue_required()
 4 SYSTEMPATH/CodeIgniter.php(457): CodeIgniter\CodeIgniter->runController(Object(App\Controllers\Revenue))
 5 SYSTEMPATH/CodeIgniter.php(340): CodeIgniter\CodeIgniter->handleRequest(null, Object(Config\Cache), false)
 6 FCPATH/index.php(55): CodeIgniter\CodeIgniter->run()
 7 SYSTEMPATH/Commands/Server/rewrite.php(43): require_once('FCPATH/index.php')
CRITICAL - 2022-10-01 19:49:11 --> round(): Passing null to parameter #1 ($num) of type int|float is deprecated
in APPPATH/Controllers/Revenue.php on line 540.
 1 [internal function]: CodeIgniter\Debug\Exceptions->errorHandler(8192, 'round(): Passing null to parameter #1 ($num) of type int|float is deprecated', 'APPPATH/Controllers/Revenue.php', 540)
 2 APPPATH/Controllers/Revenue.php(540): round(null)
 3 SYSTEMPATH/CodeIgniter.php(904): App\Controllers\Revenue->revenue_stream_total_revenue_required()
 4 SYSTEMPATH/CodeIgniter.php(457): CodeIgniter\CodeIgniter->runController(Object(App\Controllers\Revenue))
 5 SYSTEMPATH/CodeIgniter.php(340): CodeIgniter\CodeIgniter->handleRequest(null, Object(Config\Cache), false)
 6 FCPATH/index.php(55): CodeIgniter\CodeIgniter->run()
 7 SYSTEMPATH/Commands/Server/rewrite.php(43): require_once('FCPATH/index.php')
CRITICAL - 2022-10-01 19:49:29 --> round(): Passing null to parameter #1 ($num) of type int|float is deprecated
in APPPATH/Controllers/Revenue.php on line 540.
 1 [internal function]: CodeIgniter\Debug\Exceptions->errorHandler(8192, 'round(): Passing null to parameter #1 ($num) of type int|float is deprecated', 'APPPATH/Controllers/Revenue.php', 540)
 2 APPPATH/Controllers/Revenue.php(540): round(null)
 3 SYSTEMPATH/CodeIgniter.php(904): App\Controllers\Revenue->revenue_stream_total_revenue_required()
 4 SYSTEMPATH/CodeIgniter.php(457): CodeIgniter\CodeIgniter->runController(Object(App\Controllers\Revenue))
 5 SYSTEMPATH/CodeIgniter.php(340): CodeIgniter\CodeIgniter->handleRequest(null, Object(Config\Cache), false)
 6 FCPATH/index.php(55): CodeIgniter\CodeIgniter->run()
 7 SYSTEMPATH/Commands/Server/rewrite.php(43): require_once('FCPATH/index.php')
CRITICAL - 2022-10-01 19:49:29 --> round(): Passing null to parameter #1 ($num) of type int|float is deprecated
in APPPATH/Controllers/Revenue.php on line 540.
 1 [internal function]: CodeIgniter\Debug\Exceptions->errorHandler(8192, 'round(): Passing null to parameter #1 ($num) of type int|float is deprecated', 'APPPATH/Controllers/Revenue.php', 540)
 2 APPPATH/Controllers/Revenue.php(540): round(null)
 3 SYSTEMPATH/CodeIgniter.php(904): App\Controllers\Revenue->revenue_stream_total_revenue_required()
 4 SYSTEMPATH/CodeIgniter.php(457): CodeIgniter\CodeIgniter->runController(Object(App\Controllers\Revenue))
 5 SYSTEMPATH/CodeIgniter.php(340): CodeIgniter\CodeIgniter->handleRequest(null, Object(Config\Cache), false)
 6 FCPATH/index.php(55): CodeIgniter\CodeIgniter->run()
 7 SYSTEMPATH/Commands/Server/rewrite.php(43): require_once('FCPATH/index.php')
CRITICAL - 2022-10-01 19:49:29 --> round(): Passing null to parameter #1 ($num) of type int|float is deprecated
in APPPATH/Controllers/Revenue.php on line 540.
 1 [internal function]: CodeIgniter\Debug\Exceptions->errorHandler(8192, 'round(): Passing null to parameter #1 ($num) of type int|float is deprecated', 'APPPATH/Controllers/Revenue.php', 540)
 2 APPPATH/Controllers/Revenue.php(540): round(null)
 3 SYSTEMPATH/CodeIgniter.php(904): App\Controllers\Revenue->revenue_stream_total_revenue_required()
 4 SYSTEMPATH/CodeIgniter.php(457): CodeIgniter\CodeIgniter->runController(Object(App\Controllers\Revenue))
 5 SYSTEMPATH/CodeIgniter.php(340): CodeIgniter\CodeIgniter->handleRequest(null, Object(Config\Cache), false)
 6 FCPATH/index.php(55): CodeIgniter\CodeIgniter->run()
 7 SYSTEMPATH/Commands/Server/rewrite.php(43): require_once('FCPATH/index.php')
CRITICAL - 2022-10-01 19:49:29 --> round(): Passing null to parameter #1 ($num) of type int|float is deprecated
in APPPATH/Controllers/Revenue.php on line 540.
 1 [internal function]: CodeIgniter\Debug\Exceptions->errorHandler(8192, 'round(): Passing null to parameter #1 ($num) of type int|float is deprecated', 'APPPATH/Controllers/Revenue.php', 540)
 2 APPPATH/Controllers/Revenue.php(540): round(null)
 3 SYSTEMPATH/CodeIgniter.php(904): App\Controllers\Revenue->revenue_stream_total_revenue_required()
 4 SYSTEMPATH/CodeIgniter.php(457): CodeIgniter\CodeIgniter->runController(Object(App\Controllers\Revenue))
 5 SYSTEMPATH/CodeIgniter.php(340): CodeIgniter\CodeIgniter->handleRequest(null, Object(Config\Cache), false)
 6 FCPATH/index.php(55): CodeIgniter\CodeIgniter->run()
 7 SYSTEMPATH/Commands/Server/rewrite.php(43): require_once('FCPATH/index.php')
