CRITICAL - 2022-09-03 01:01:34 --> The framework needs the following extension(s) installed and loaded: intl.
in SYSTEMPATH\CodeIgniter.php on line 219.
 1 SYSTEMPATH\CodeIgniter.php(219): CodeIgniter\Exceptions\FrameworkException::forMissingExtension()
 2 SYSTEMPATH\CodeIgniter.php(177): CodeIgniter\CodeIgniter->resolvePlatformExtensions()
 3 ROOTPATH\spark(71): CodeIgniter\CodeIgniter->initialize()
CRITICAL - 2022-09-03 08:41:59 --> Too few arguments to function App\Controllers\OperatingCosts::ajaxEditPeople(), 0 passed in C:\Users\h4ham\OneDrive\Desktop\Auziplan-C-4\system\CodeIgniter.php on line 904 and exactly 1 expected
in APPPATH\Controllers\OperatingCosts.php on line 441.
 1 SYSTEMPATH\CodeIgniter.php(904): App\Controllers\OperatingCosts->ajaxEditPeople()
 2 SYSTEMPATH\CodeIgniter.php(457): CodeIgniter\CodeIgniter->runController()
 3 SYSTEMPATH\CodeIgniter.php(340): CodeIgniter\CodeIgniter->handleRequest()
 4 FCPATH\index.php(55): CodeIgniter\CodeIgniter->run()
 5 SYSTEMPATH\Commands\Server\rewrite.php(43): require_once('FCPATH\\index.php')
CRITICAL - 2022-09-03 08:42:08 --> Too few arguments to function App\Controllers\OperatingCosts::ajaxEditPeople(), 0 passed in C:\Users\h4ham\OneDrive\Desktop\Auziplan-C-4\system\CodeIgniter.php on line 904 and exactly 1 expected
in APPPATH\Controllers\OperatingCosts.php on line 441.
 1 SYSTEMPATH\CodeIgniter.php(904): App\Controllers\OperatingCosts->ajaxEditPeople()
 2 SYSTEMPATH\CodeIgniter.php(457): CodeIgniter\CodeIgniter->runController()
 3 SYSTEMPATH\CodeIgniter.php(340): CodeIgniter\CodeIgniter->handleRequest()
 4 FCPATH\index.php(55): CodeIgniter\CodeIgniter->run()
 5 SYSTEMPATH\Commands\Server\rewrite.php(43): require_once('FCPATH\\index.php')
CRITICAL - 2022-09-03 08:57:41 --> Too few arguments to function App\Controllers\OperatingCosts::ajaxEditPeople(), 0 passed in C:\Users\h4ham\OneDrive\Desktop\Auziplan-C-4\system\CodeIgniter.php on line 904 and exactly 1 expected
in APPPATH\Controllers\OperatingCosts.php on line 441.
 1 SYSTEMPATH\CodeIgniter.php(904): App\Controllers\OperatingCosts->ajaxEditPeople()
 2 SYSTEMPATH\CodeIgniter.php(457): CodeIgniter\CodeIgniter->runController()
 3 SYSTEMPATH\CodeIgniter.php(340): CodeIgniter\CodeIgniter->handleRequest()
 4 FCPATH\index.php(55): CodeIgniter\CodeIgniter->run()
 5 SYSTEMPATH\Commands\Server\rewrite.php(43): require_once('FCPATH\\index.php')
CRITICAL - 2022-09-03 08:57:53 --> Too few arguments to function App\Controllers\OperatingCosts::ajaxEditPeople(), 0 passed in C:\Users\h4ham\OneDrive\Desktop\Auziplan-C-4\system\CodeIgniter.php on line 904 and exactly 1 expected
in APPPATH\Controllers\OperatingCosts.php on line 441.
 1 SYSTEMPATH\CodeIgniter.php(904): App\Controllers\OperatingCosts->ajaxEditPeople()
 2 SYSTEMPATH\CodeIgniter.php(457): CodeIgniter\CodeIgniter->runController()
 3 SYSTEMPATH\CodeIgniter.php(340): CodeIgniter\CodeIgniter->handleRequest()
 4 FCPATH\index.php(55): CodeIgniter\CodeIgniter->run()
 5 SYSTEMPATH\Commands\Server\rewrite.php(43): require_once('FCPATH\\index.php')
CRITICAL - 2022-09-03 09:00:04 --> Undefined property: App\Controllers\OperatingCosts::$builder
in APPPATH\Controllers\OperatingCosts.php on line 445.
 1 APPPATH\Controllers\OperatingCosts.php(445): CodeIgniter\Debug\Exceptions->errorHandler()
 2 SYSTEMPATH\CodeIgniter.php(904): App\Controllers\OperatingCosts->ajaxEditPeople()
 3 SYSTEMPATH\CodeIgniter.php(457): CodeIgniter\CodeIgniter->runController()
 4 SYSTEMPATH\CodeIgniter.php(340): CodeIgniter\CodeIgniter->handleRequest()
 5 FCPATH\index.php(55): CodeIgniter\CodeIgniter->run()
 6 SYSTEMPATH\Commands\Server\rewrite.php(43): require_once('FCPATH\\index.php')
CRITICAL - 2022-09-03 09:00:20 --> Undefined property: App\Controllers\OperatingCosts::$builder
in APPPATH\Controllers\OperatingCosts.php on line 445.
 1 APPPATH\Controllers\OperatingCosts.php(445): CodeIgniter\Debug\Exceptions->errorHandler()
 2 SYSTEMPATH\CodeIgniter.php(904): App\Controllers\OperatingCosts->ajaxEditPeople()
 3 SYSTEMPATH\CodeIgniter.php(457): CodeIgniter\CodeIgniter->runController()
 4 SYSTEMPATH\CodeIgniter.php(340): CodeIgniter\CodeIgniter->handleRequest()
 5 FCPATH\index.php(55): CodeIgniter\CodeIgniter->run()
 6 SYSTEMPATH\Commands\Server\rewrite.php(43): require_once('FCPATH\\index.php')
CRITICAL - 2022-09-03 09:09:32 --> Too few arguments to function App\Controllers\OperatingCosts::getPayrollAssumptionsVal(), 0 passed in C:\Users\h4ham\OneDrive\Desktop\Auziplan-C-4\system\CodeIgniter.php on line 904 and exactly 1 expected
in APPPATH\Controllers\OperatingCosts.php on line 361.
 1 SYSTEMPATH\CodeIgniter.php(904): App\Controllers\OperatingCosts->getPayrollAssumptionsVal()
 2 SYSTEMPATH\CodeIgniter.php(457): CodeIgniter\CodeIgniter->runController()
 3 SYSTEMPATH\CodeIgniter.php(340): CodeIgniter\CodeIgniter->handleRequest()
 4 FCPATH\index.php(55): CodeIgniter\CodeIgniter->run()
 5 SYSTEMPATH\Commands\Server\rewrite.php(43): require_once('FCPATH\\index.php')
CRITICAL - 2022-09-03 09:09:34 --> Too few arguments to function App\Controllers\OperatingCosts::getPayrollAssumptionsVal(), 0 passed in C:\Users\h4ham\OneDrive\Desktop\Auziplan-C-4\system\CodeIgniter.php on line 904 and exactly 1 expected
in APPPATH\Controllers\OperatingCosts.php on line 361.
 1 SYSTEMPATH\CodeIgniter.php(904): App\Controllers\OperatingCosts->getPayrollAssumptionsVal()
 2 SYSTEMPATH\CodeIgniter.php(457): CodeIgniter\CodeIgniter->runController()
 3 SYSTEMPATH\CodeIgniter.php(340): CodeIgniter\CodeIgniter->handleRequest()
 4 FCPATH\index.php(55): CodeIgniter\CodeIgniter->run()
 5 SYSTEMPATH\Commands\Server\rewrite.php(43): require_once('FCPATH\\index.php')
CRITICAL - 2022-09-03 09:10:05 --> Too few arguments to function App\Controllers\OperatingCosts::getPayrollAssumptionsVal(), 0 passed in C:\Users\h4ham\OneDrive\Desktop\Auziplan-C-4\system\CodeIgniter.php on line 904 and exactly 1 expected
in APPPATH\Controllers\OperatingCosts.php on line 361.
 1 SYSTEMPATH\CodeIgniter.php(904): App\Controllers\OperatingCosts->getPayrollAssumptionsVal()
 2 SYSTEMPATH\CodeIgniter.php(457): CodeIgniter\CodeIgniter->runController()
 3 SYSTEMPATH\CodeIgniter.php(340): CodeIgniter\CodeIgniter->handleRequest()
 4 FCPATH\index.php(55): CodeIgniter\CodeIgniter->run()
 5 SYSTEMPATH\Commands\Server\rewrite.php(43): require_once('FCPATH\\index.php')
CRITICAL - 2022-09-03 09:16:25 --> Undefined property: App\Controllers\OperatingCosts::$builder
in APPPATH\Controllers\OperatingCosts.php on line 446.
 1 APPPATH\Controllers\OperatingCosts.php(446): CodeIgniter\Debug\Exceptions->errorHandler()
 2 SYSTEMPATH\CodeIgniter.php(904): App\Controllers\OperatingCosts->ajaxEditPeople()
 3 SYSTEMPATH\CodeIgniter.php(457): CodeIgniter\CodeIgniter->runController()
 4 SYSTEMPATH\CodeIgniter.php(340): CodeIgniter\CodeIgniter->handleRequest()
 5 FCPATH\index.php(55): CodeIgniter\CodeIgniter->run()
 6 SYSTEMPATH\Commands\Server\rewrite.php(43): require_once('FCPATH\\index.php')
CRITICAL - 2022-09-03 09:16:30 --> Undefined property: App\Controllers\OperatingCosts::$builder
in APPPATH\Controllers\OperatingCosts.php on line 446.
 1 APPPATH\Controllers\OperatingCosts.php(446): CodeIgniter\Debug\Exceptions->errorHandler()
 2 SYSTEMPATH\CodeIgniter.php(904): App\Controllers\OperatingCosts->ajaxEditPeople()
 3 SYSTEMPATH\CodeIgniter.php(457): CodeIgniter\CodeIgniter->runController()
 4 SYSTEMPATH\CodeIgniter.php(340): CodeIgniter\CodeIgniter->handleRequest()
 5 FCPATH\index.php(55): CodeIgniter\CodeIgniter->run()
 6 SYSTEMPATH\Commands\Server\rewrite.php(43): require_once('FCPATH\\index.php')
CRITICAL - 2022-09-03 09:18:00 --> Undefined property: App\Controllers\OperatingCosts::$builder
in APPPATH\Controllers\OperatingCosts.php on line 446.
 1 APPPATH\Controllers\OperatingCosts.php(446): CodeIgniter\Debug\Exceptions->errorHandler()
 2 SYSTEMPATH\CodeIgniter.php(904): App\Controllers\OperatingCosts->ajaxEditPeople()
 3 SYSTEMPATH\CodeIgniter.php(457): CodeIgniter\CodeIgniter->runController()
 4 SYSTEMPATH\CodeIgniter.php(340): CodeIgniter\CodeIgniter->handleRequest()
 5 FCPATH\index.php(55): CodeIgniter\CodeIgniter->run()
 6 SYSTEMPATH\Commands\Server\rewrite.php(43): require_once('FCPATH\\index.php')
CRITICAL - 2022-09-03 09:18:10 --> Undefined property: App\Controllers\OperatingCosts::$builder
in APPPATH\Controllers\OperatingCosts.php on line 446.
 1 APPPATH\Controllers\OperatingCosts.php(446): CodeIgniter\Debug\Exceptions->errorHandler()
 2 SYSTEMPATH\CodeIgniter.php(904): App\Controllers\OperatingCosts->ajaxEditPeople()
 3 SYSTEMPATH\CodeIgniter.php(457): CodeIgniter\CodeIgniter->runController()
 4 SYSTEMPATH\CodeIgniter.php(340): CodeIgniter\CodeIgniter->handleRequest()
 5 FCPATH\index.php(55): CodeIgniter\CodeIgniter->run()
 6 SYSTEMPATH\Commands\Server\rewrite.php(43): require_once('FCPATH\\index.php')
CRITICAL - 2022-09-03 09:18:32 --> Undefined property: App\Controllers\OperatingCosts::$builder
in APPPATH\Controllers\OperatingCosts.php on line 446.
 1 APPPATH\Controllers\OperatingCosts.php(446): CodeIgniter\Debug\Exceptions->errorHandler()
 2 SYSTEMPATH\CodeIgniter.php(904): App\Controllers\OperatingCosts->ajaxEditPeople()
 3 SYSTEMPATH\CodeIgniter.php(457): CodeIgniter\CodeIgniter->runController()
 4 SYSTEMPATH\CodeIgniter.php(340): CodeIgniter\CodeIgniter->handleRequest()
 5 FCPATH\index.php(55): CodeIgniter\CodeIgniter->run()
 6 SYSTEMPATH\Commands\Server\rewrite.php(43): require_once('FCPATH\\index.php')
CRITICAL - 2022-09-03 09:19:15 --> Too few arguments to function App\Controllers\OperatingCosts::getPayrollAssumptionsVal(), 0 passed in C:\Users\h4ham\OneDrive\Desktop\Auziplan-C-4\system\CodeIgniter.php on line 904 and exactly 1 expected
in APPPATH\Controllers\OperatingCosts.php on line 361.
 1 SYSTEMPATH\CodeIgniter.php(904): App\Controllers\OperatingCosts->getPayrollAssumptionsVal()
 2 SYSTEMPATH\CodeIgniter.php(457): CodeIgniter\CodeIgniter->runController()
 3 SYSTEMPATH\CodeIgniter.php(340): CodeIgniter\CodeIgniter->handleRequest()
 4 FCPATH\index.php(55): CodeIgniter\CodeIgniter->run()
 5 SYSTEMPATH\Commands\Server\rewrite.php(43): require_once('FCPATH\\index.php')
CRITICAL - 2022-09-03 09:19:17 --> Too few arguments to function App\Controllers\OperatingCosts::getPayrollAssumptionsVal(), 0 passed in C:\Users\h4ham\OneDrive\Desktop\Auziplan-C-4\system\CodeIgniter.php on line 904 and exactly 1 expected
in APPPATH\Controllers\OperatingCosts.php on line 361.
 1 SYSTEMPATH\CodeIgniter.php(904): App\Controllers\OperatingCosts->getPayrollAssumptionsVal()
 2 SYSTEMPATH\CodeIgniter.php(457): CodeIgniter\CodeIgniter->runController()
 3 SYSTEMPATH\CodeIgniter.php(340): CodeIgniter\CodeIgniter->handleRequest()
 4 FCPATH\index.php(55): CodeIgniter\CodeIgniter->run()
 5 SYSTEMPATH\Commands\Server\rewrite.php(43): require_once('FCPATH\\index.php')
CRITICAL - 2022-09-03 09:19:42 --> Too few arguments to function App\Controllers\OperatingCosts::getPayrollAssumptionsVal(), 0 passed in C:\Users\h4ham\OneDrive\Desktop\Auziplan-C-4\system\CodeIgniter.php on line 904 and exactly 1 expected
in APPPATH\Controllers\OperatingCosts.php on line 361.
 1 SYSTEMPATH\CodeIgniter.php(904): App\Controllers\OperatingCosts->getPayrollAssumptionsVal()
 2 SYSTEMPATH\CodeIgniter.php(457): CodeIgniter\CodeIgniter->runController()
 3 SYSTEMPATH\CodeIgniter.php(340): CodeIgniter\CodeIgniter->handleRequest()
 4 FCPATH\index.php(55): CodeIgniter\CodeIgniter->run()
 5 SYSTEMPATH\Commands\Server\rewrite.php(43): require_once('FCPATH\\index.php')
CRITICAL - 2022-09-03 09:19:42 --> Too few arguments to function App\Controllers\OperatingCosts::getPayrollAssumptionsVal(), 0 passed in C:\Users\h4ham\OneDrive\Desktop\Auziplan-C-4\system\CodeIgniter.php on line 904 and exactly 1 expected
in APPPATH\Controllers\OperatingCosts.php on line 361.
 1 SYSTEMPATH\CodeIgniter.php(904): App\Controllers\OperatingCosts->getPayrollAssumptionsVal()
 2 SYSTEMPATH\CodeIgniter.php(457): CodeIgniter\CodeIgniter->runController()
 3 SYSTEMPATH\CodeIgniter.php(340): CodeIgniter\CodeIgniter->handleRequest()
 4 FCPATH\index.php(55): CodeIgniter\CodeIgniter->run()
 5 SYSTEMPATH\Commands\Server\rewrite.php(43): require_once('FCPATH\\index.php')
CRITICAL - 2022-09-03 09:19:47 --> Too few arguments to function App\Controllers\OperatingCosts::getPayrollAssumptionsVal(), 0 passed in C:\Users\h4ham\OneDrive\Desktop\Auziplan-C-4\system\CodeIgniter.php on line 904 and exactly 1 expected
in APPPATH\Controllers\OperatingCosts.php on line 361.
 1 SYSTEMPATH\CodeIgniter.php(904): App\Controllers\OperatingCosts->getPayrollAssumptionsVal()
 2 SYSTEMPATH\CodeIgniter.php(457): CodeIgniter\CodeIgniter->runController()
 3 SYSTEMPATH\CodeIgniter.php(340): CodeIgniter\CodeIgniter->handleRequest()
 4 FCPATH\index.php(55): CodeIgniter\CodeIgniter->run()
 5 SYSTEMPATH\Commands\Server\rewrite.php(43): require_once('FCPATH\\index.php')
CRITICAL - 2022-09-03 09:19:47 --> Too few arguments to function App\Controllers\OperatingCosts::getPayrollAssumptionsVal(), 0 passed in C:\Users\h4ham\OneDrive\Desktop\Auziplan-C-4\system\CodeIgniter.php on line 904 and exactly 1 expected
in APPPATH\Controllers\OperatingCosts.php on line 361.
 1 SYSTEMPATH\CodeIgniter.php(904): App\Controllers\OperatingCosts->getPayrollAssumptionsVal()
 2 SYSTEMPATH\CodeIgniter.php(457): CodeIgniter\CodeIgniter->runController()
 3 SYSTEMPATH\CodeIgniter.php(340): CodeIgniter\CodeIgniter->handleRequest()
 4 FCPATH\index.php(55): CodeIgniter\CodeIgniter->run()
 5 SYSTEMPATH\Commands\Server\rewrite.php(43): require_once('FCPATH\\index.php')
CRITICAL - 2022-09-03 09:49:31 --> Too few arguments to function App\Controllers\OperatingCosts::getPayrollAssumptionsVal(), 0 passed in C:\Users\h4ham\OneDrive\Desktop\Auziplan-C-4\system\CodeIgniter.php on line 904 and exactly 1 expected
in APPPATH\Controllers\OperatingCosts.php on line 361.
 1 SYSTEMPATH\CodeIgniter.php(904): App\Controllers\OperatingCosts->getPayrollAssumptionsVal()
 2 SYSTEMPATH\CodeIgniter.php(457): CodeIgniter\CodeIgniter->runController()
 3 SYSTEMPATH\CodeIgniter.php(340): CodeIgniter\CodeIgniter->handleRequest()
 4 FCPATH\index.php(55): CodeIgniter\CodeIgniter->run()
 5 SYSTEMPATH\Commands\Server\rewrite.php(43): require_once('FCPATH\\index.php')
CRITICAL - 2022-09-03 09:49:32 --> Too few arguments to function App\Controllers\OperatingCosts::getPayrollAssumptionsVal(), 0 passed in C:\Users\h4ham\OneDrive\Desktop\Auziplan-C-4\system\CodeIgniter.php on line 904 and exactly 1 expected
in APPPATH\Controllers\OperatingCosts.php on line 361.
 1 SYSTEMPATH\CodeIgniter.php(904): App\Controllers\OperatingCosts->getPayrollAssumptionsVal()
 2 SYSTEMPATH\CodeIgniter.php(457): CodeIgniter\CodeIgniter->runController()
 3 SYSTEMPATH\CodeIgniter.php(340): CodeIgniter\CodeIgniter->handleRequest()
 4 FCPATH\index.php(55): CodeIgniter\CodeIgniter->run()
 5 SYSTEMPATH\Commands\Server\rewrite.php(43): require_once('FCPATH\\index.php')
CRITICAL - 2022-09-03 09:49:32 --> Too few arguments to function App\Controllers\OperatingCosts::getPayrollAssumptionsVal(), 0 passed in C:\Users\h4ham\OneDrive\Desktop\Auziplan-C-4\system\CodeIgniter.php on line 904 and exactly 1 expected
in APPPATH\Controllers\OperatingCosts.php on line 361.
 1 SYSTEMPATH\CodeIgniter.php(904): App\Controllers\OperatingCosts->getPayrollAssumptionsVal()
 2 SYSTEMPATH\CodeIgniter.php(457): CodeIgniter\CodeIgniter->runController()
 3 SYSTEMPATH\CodeIgniter.php(340): CodeIgniter\CodeIgniter->handleRequest()
 4 FCPATH\index.php(55): CodeIgniter\CodeIgniter->run()
 5 SYSTEMPATH\Commands\Server\rewrite.php(43): require_once('FCPATH\\index.php')
CRITICAL - 2022-09-03 09:49:50 --> Too few arguments to function App\Controllers\OperatingCosts::getPayrollAssumptionsVal(), 0 passed in C:\Users\h4ham\OneDrive\Desktop\Auziplan-C-4\system\CodeIgniter.php on line 904 and exactly 1 expected
in APPPATH\Controllers\OperatingCosts.php on line 361.
 1 SYSTEMPATH\CodeIgniter.php(904): App\Controllers\OperatingCosts->getPayrollAssumptionsVal()
 2 SYSTEMPATH\CodeIgniter.php(457): CodeIgniter\CodeIgniter->runController()
 3 SYSTEMPATH\CodeIgniter.php(340): CodeIgniter\CodeIgniter->handleRequest()
 4 FCPATH\index.php(55): CodeIgniter\CodeIgniter->run()
 5 SYSTEMPATH\Commands\Server\rewrite.php(43): require_once('FCPATH\\index.php')
CRITICAL - 2022-09-03 09:56:23 --> Too few arguments to function App\Controllers\OperatingCosts::getPayrollAssumptionsVal(), 0 passed in C:\Users\h4ham\OneDrive\Desktop\Auziplan-C-4\system\CodeIgniter.php on line 904 and exactly 1 expected
in APPPATH\Controllers\OperatingCosts.php on line 363.
 1 SYSTEMPATH\CodeIgniter.php(904): App\Controllers\OperatingCosts->getPayrollAssumptionsVal()
 2 SYSTEMPATH\CodeIgniter.php(457): CodeIgniter\CodeIgniter->runController()
 3 SYSTEMPATH\CodeIgniter.php(340): CodeIgniter\CodeIgniter->handleRequest()
 4 FCPATH\index.php(55): CodeIgniter\CodeIgniter->run()
 5 SYSTEMPATH\Commands\Server\rewrite.php(43): require_once('FCPATH\\index.php')
CRITICAL - 2022-09-03 09:57:12 --> Too few arguments to function App\Controllers\OperatingCosts::ajaxEditPeople(), 0 passed in C:\Users\h4ham\OneDrive\Desktop\Auziplan-C-4\system\CodeIgniter.php on line 904 and exactly 1 expected
in APPPATH\Controllers\OperatingCosts.php on line 444.
 1 SYSTEMPATH\CodeIgniter.php(904): App\Controllers\OperatingCosts->ajaxEditPeople()
 2 SYSTEMPATH\CodeIgniter.php(457): CodeIgniter\CodeIgniter->runController()
 3 SYSTEMPATH\CodeIgniter.php(340): CodeIgniter\CodeIgniter->handleRequest()
 4 FCPATH\index.php(55): CodeIgniter\CodeIgniter->run()
 5 SYSTEMPATH\Commands\Server\rewrite.php(43): require_once('FCPATH\\index.php')
CRITICAL - 2022-09-03 09:58:13 --> Too few arguments to function App\Controllers\OperatingCosts::getPayrollAssumptionsVal(), 0 passed in C:\Users\h4ham\OneDrive\Desktop\Auziplan-C-4\system\CodeIgniter.php on line 904 and exactly 1 expected
in APPPATH\Controllers\OperatingCosts.php on line 363.
 1 SYSTEMPATH\CodeIgniter.php(904): App\Controllers\OperatingCosts->getPayrollAssumptionsVal()
 2 SYSTEMPATH\CodeIgniter.php(457): CodeIgniter\CodeIgniter->runController()
 3 SYSTEMPATH\CodeIgniter.php(340): CodeIgniter\CodeIgniter->handleRequest()
 4 FCPATH\index.php(55): CodeIgniter\CodeIgniter->run()
 5 SYSTEMPATH\Commands\Server\rewrite.php(43): require_once('FCPATH\\index.php')
CRITICAL - 2022-09-03 09:58:14 --> Too few arguments to function App\Controllers\OperatingCosts::ajaxEditPeople(), 0 passed in C:\Users\h4ham\OneDrive\Desktop\Auziplan-C-4\system\CodeIgniter.php on line 904 and exactly 1 expected
in APPPATH\Controllers\OperatingCosts.php on line 444.
 1 SYSTEMPATH\CodeIgniter.php(904): App\Controllers\OperatingCosts->ajaxEditPeople()
 2 SYSTEMPATH\CodeIgniter.php(457): CodeIgniter\CodeIgniter->runController()
 3 SYSTEMPATH\CodeIgniter.php(340): CodeIgniter\CodeIgniter->handleRequest()
 4 FCPATH\index.php(55): CodeIgniter\CodeIgniter->run()
 5 SYSTEMPATH\Commands\Server\rewrite.php(43): require_once('FCPATH\\index.php')
CRITICAL - 2022-09-03 09:58:16 --> Too few arguments to function App\Controllers\OperatingCosts::ajaxEditPeople(), 0 passed in C:\Users\h4ham\OneDrive\Desktop\Auziplan-C-4\system\CodeIgniter.php on line 904 and exactly 1 expected
in APPPATH\Controllers\OperatingCosts.php on line 444.
 1 SYSTEMPATH\CodeIgniter.php(904): App\Controllers\OperatingCosts->ajaxEditPeople()
 2 SYSTEMPATH\CodeIgniter.php(457): CodeIgniter\CodeIgniter->runController()
 3 SYSTEMPATH\CodeIgniter.php(340): CodeIgniter\CodeIgniter->handleRequest()
 4 FCPATH\index.php(55): CodeIgniter\CodeIgniter->run()
 5 SYSTEMPATH\Commands\Server\rewrite.php(43): require_once('FCPATH\\index.php')
CRITICAL - 2022-09-03 09:59:28 --> Too few arguments to function App\Controllers\OperatingCosts::getPayrollAssumptionsVal(), 0 passed in C:\Users\h4ham\OneDrive\Desktop\Auziplan-C-4\system\CodeIgniter.php on line 904 and exactly 1 expected
in APPPATH\Controllers\OperatingCosts.php on line 363.
 1 SYSTEMPATH\CodeIgniter.php(904): App\Controllers\OperatingCosts->getPayrollAssumptionsVal()
 2 SYSTEMPATH\CodeIgniter.php(457): CodeIgniter\CodeIgniter->runController()
 3 SYSTEMPATH\CodeIgniter.php(340): CodeIgniter\CodeIgniter->handleRequest()
 4 FCPATH\index.php(55): CodeIgniter\CodeIgniter->run()
 5 SYSTEMPATH\Commands\Server\rewrite.php(43): require_once('FCPATH\\index.php')
CRITICAL - 2022-09-03 09:59:29 --> Too few arguments to function App\Controllers\OperatingCosts::getPayrollAssumptionsVal(), 0 passed in C:\Users\h4ham\OneDrive\Desktop\Auziplan-C-4\system\CodeIgniter.php on line 904 and exactly 1 expected
in APPPATH\Controllers\OperatingCosts.php on line 363.
 1 SYSTEMPATH\CodeIgniter.php(904): App\Controllers\OperatingCosts->getPayrollAssumptionsVal()
 2 SYSTEMPATH\CodeIgniter.php(457): CodeIgniter\CodeIgniter->runController()
 3 SYSTEMPATH\CodeIgniter.php(340): CodeIgniter\CodeIgniter->handleRequest()
 4 FCPATH\index.php(55): CodeIgniter\CodeIgniter->run()
 5 SYSTEMPATH\Commands\Server\rewrite.php(43): require_once('FCPATH\\index.php')
CRITICAL - 2022-09-03 09:59:30 --> Too few arguments to function App\Controllers\OperatingCosts::getPayrollAssumptionsVal(), 0 passed in C:\Users\h4ham\OneDrive\Desktop\Auziplan-C-4\system\CodeIgniter.php on line 904 and exactly 1 expected
in APPPATH\Controllers\OperatingCosts.php on line 363.
 1 SYSTEMPATH\CodeIgniter.php(904): App\Controllers\OperatingCosts->getPayrollAssumptionsVal()
 2 SYSTEMPATH\CodeIgniter.php(457): CodeIgniter\CodeIgniter->runController()
 3 SYSTEMPATH\CodeIgniter.php(340): CodeIgniter\CodeIgniter->handleRequest()
 4 FCPATH\index.php(55): CodeIgniter\CodeIgniter->run()
 5 SYSTEMPATH\Commands\Server\rewrite.php(43): require_once('FCPATH\\index.php')
CRITICAL - 2022-09-03 10:16:07 --> round(): Argument #1 ($num) must be of type int|float, string given
in APPPATH\Controllers\OperatingCosts.php on line 324.
 1 APPPATH\Controllers\OperatingCosts.php(324): round()
 2 SYSTEMPATH\CodeIgniter.php(904): App\Controllers\OperatingCosts->ajaxAddPeople()
 3 SYSTEMPATH\CodeIgniter.php(457): CodeIgniter\CodeIgniter->runController()
 4 SYSTEMPATH\CodeIgniter.php(340): CodeIgniter\CodeIgniter->handleRequest()
 5 FCPATH\index.php(55): CodeIgniter\CodeIgniter->run()
 6 SYSTEMPATH\Commands\Server\rewrite.php(43): require_once('FCPATH\\index.php')
ERROR - 2022-09-03 16:01:21 --> Error connecting to the database: mysqli_sql_exception: No connection could be made because the target machine actively refused it in C:\Users\h4ham\OneDrive\Desktop\Auziplan-C-4\system\Database\MySQLi\Connection.php:171
Stack trace:
#0 C:\Users\h4ham\OneDrive\Desktop\Auziplan-C-4\system\Database\MySQLi\Connection.php(171): mysqli->real_connect()
#1 C:\Users\h4ham\OneDrive\Desktop\Auziplan-C-4\system\Database\BaseConnection.php(382): CodeIgniter\Database\MySQLi\Connection->connect()
#2 C:\Users\h4ham\OneDrive\Desktop\Auziplan-C-4\system\Database\BaseConnection.php(588): CodeIgniter\Database\BaseConnection->initialize()
#3 C:\Users\h4ham\OneDrive\Desktop\Auziplan-C-4\system\Database\BaseBuilder.php(1585): CodeIgniter\Database\BaseConnection->query()
#4 C:\Users\h4ham\OneDrive\Desktop\Auziplan-C-4\system\Model.php(184): CodeIgniter\Database\BaseBuilder->get()
#5 C:\Users\h4ham\OneDrive\Desktop\Auziplan-C-4\system\BaseModel.php(523): CodeIgniter\Model->doFind()
#6 C:\Users\h4ham\OneDrive\Desktop\Auziplan-C-4\app\Controllers\Login.php(54): CodeIgniter\BaseModel->find()
#7 C:\Users\h4ham\OneDrive\Desktop\Auziplan-C-4\system\CodeIgniter.php(904): App\Controllers\Login->doLogin()
#8 C:\Users\h4ham\OneDrive\Desktop\Auziplan-C-4\system\CodeIgniter.php(457): CodeIgniter\CodeIgniter->runController()
#9 C:\Users\h4ham\OneDrive\Desktop\Auziplan-C-4\system\CodeIgniter.php(340): CodeIgniter\CodeIgniter->handleRequest()
#10 C:\Users\h4ham\OneDrive\Desktop\Auziplan-C-4\public\index.php(55): CodeIgniter\CodeIgniter->run()
#11 C:\Users\h4ham\OneDrive\Desktop\Auziplan-C-4\system\Commands\Server\rewrite.php(43): require_once('...')
#12 {main}

Next CodeIgniter\Database\Exceptions\DatabaseException: No connection could be made because the target machine actively refused it in C:\Users\h4ham\OneDrive\Desktop\Auziplan-C-4\system\Database\MySQLi\Connection.php:215
Stack trace:
#0 C:\Users\h4ham\OneDrive\Desktop\Auziplan-C-4\system\Database\BaseConnection.php(382): CodeIgniter\Database\MySQLi\Connection->connect()
#1 C:\Users\h4ham\OneDrive\Desktop\Auziplan-C-4\system\Database\BaseConnection.php(588): CodeIgniter\Database\BaseConnection->initialize()
#2 C:\Users\h4ham\OneDrive\Desktop\Auziplan-C-4\system\Database\BaseBuilder.php(1585): CodeIgniter\Database\BaseConnection->query()
#3 C:\Users\h4ham\OneDrive\Desktop\Auziplan-C-4\system\Model.php(184): CodeIgniter\Database\BaseBuilder->get()
#4 C:\Users\h4ham\OneDrive\Desktop\Auziplan-C-4\system\BaseModel.php(523): CodeIgniter\Model->doFind()
#5 C:\Users\h4ham\OneDrive\Desktop\Auziplan-C-4\app\Controllers\Login.php(54): CodeIgniter\BaseModel->find()
#6 C:\Users\h4ham\OneDrive\Desktop\Auziplan-C-4\system\CodeIgniter.php(904): App\Controllers\Login->doLogin()
#7 C:\Users\h4ham\OneDrive\Desktop\Auziplan-C-4\system\CodeIgniter.php(457): CodeIgniter\CodeIgniter->runController()
#8 C:\Users\h4ham\OneDrive\Desktop\Auziplan-C-4\system\CodeIgniter.php(340): CodeIgniter\CodeIgniter->handleRequest()
#9 C:\Users\h4ham\OneDrive\Desktop\Auziplan-C-4\public\index.php(55): CodeIgniter\CodeIgniter->run()
#10 C:\Users\h4ham\OneDrive\Desktop\Auziplan-C-4\system\Commands\Server\rewrite.php(43): require_once('...')
#11 {main}
CRITICAL - 2022-09-03 16:01:21 --> Unable to connect to the database.
Main connection [MySQLi]: No connection could be made because the target machine actively refused it
in SYSTEMPATH\Database\BaseConnection.php on line 418.
 1 SYSTEMPATH\Database\BaseConnection.php(588): CodeIgniter\Database\BaseConnection->initialize()
 2 SYSTEMPATH\Database\BaseBuilder.php(1585): CodeIgniter\Database\BaseConnection->query()
 3 SYSTEMPATH\Model.php(184): CodeIgniter\Database\BaseBuilder->get()
 4 SYSTEMPATH\BaseModel.php(523): CodeIgniter\Model->doFind()
 5 APPPATH\Controllers\Login.php(54): CodeIgniter\BaseModel->find()
 6 SYSTEMPATH\CodeIgniter.php(904): App\Controllers\Login->doLogin()
 7 SYSTEMPATH\CodeIgniter.php(457): CodeIgniter\CodeIgniter->runController()
 8 SYSTEMPATH\CodeIgniter.php(340): CodeIgniter\CodeIgniter->handleRequest()
 9 FCPATH\index.php(55): CodeIgniter\CodeIgniter->run()
10 SYSTEMPATH\Commands\Server\rewrite.php(43): require_once('FCPATH\\index.php')
CRITICAL - 2022-09-03 16:50:28 --> Call to undefined method CodeIgniter\Database\MySQLi\Builder::result_array()
in APPPATH\Models\LocalProductModel.php on line 54.
 1 APPPATH\Controllers\Revenue.php(372): App\Models\LocalProductModel->get_all_expenses()
 2 SYSTEMPATH\CodeIgniter.php(904): App\Controllers\Revenue->revenue_stream_total_revenue_required()
 3 SYSTEMPATH\CodeIgniter.php(457): CodeIgniter\CodeIgniter->runController()
 4 SYSTEMPATH\CodeIgniter.php(340): CodeIgniter\CodeIgniter->handleRequest()
 5 FCPATH\index.php(55): CodeIgniter\CodeIgniter->run()
 6 SYSTEMPATH\Commands\Server\rewrite.php(43): require_once('FCPATH\\index.php')
CRITICAL - 2022-09-03 16:51:14 --> Call to undefined method CodeIgniter\Database\MySQLi\Builder::result_array()
in APPPATH\Models\LocalProductModel.php on line 54.
 1 APPPATH\Controllers\Revenue.php(372): App\Models\LocalProductModel->get_all_expenses()
 2 SYSTEMPATH\CodeIgniter.php(904): App\Controllers\Revenue->revenue_stream_total_revenue_required()
 3 SYSTEMPATH\CodeIgniter.php(457): CodeIgniter\CodeIgniter->runController()
 4 SYSTEMPATH\CodeIgniter.php(340): CodeIgniter\CodeIgniter->handleRequest()
 5 FCPATH\index.php(55): CodeIgniter\CodeIgniter->run()
 6 SYSTEMPATH\Commands\Server\rewrite.php(43): require_once('FCPATH\\index.php')
CRITICAL - 2022-09-03 16:51:15 --> Call to undefined method CodeIgniter\Database\MySQLi\Builder::result_array()
in APPPATH\Models\LocalProductModel.php on line 54.
 1 APPPATH\Controllers\Revenue.php(372): App\Models\LocalProductModel->get_all_expenses()
 2 SYSTEMPATH\CodeIgniter.php(904): App\Controllers\Revenue->revenue_stream_total_revenue_required()
 3 SYSTEMPATH\CodeIgniter.php(457): CodeIgniter\CodeIgniter->runController()
 4 SYSTEMPATH\CodeIgniter.php(340): CodeIgniter\CodeIgniter->handleRequest()
 5 FCPATH\index.php(55): CodeIgniter\CodeIgniter->run()
 6 SYSTEMPATH\Commands\Server\rewrite.php(43): require_once('FCPATH\\index.php')
CRITICAL - 2022-09-03 16:51:15 --> Call to undefined method CodeIgniter\Database\MySQLi\Builder::result_array()
in APPPATH\Models\LocalProductModel.php on line 54.
 1 APPPATH\Controllers\Revenue.php(372): App\Models\LocalProductModel->get_all_expenses()
 2 SYSTEMPATH\CodeIgniter.php(904): App\Controllers\Revenue->revenue_stream_total_revenue_required()
 3 SYSTEMPATH\CodeIgniter.php(457): CodeIgniter\CodeIgniter->runController()
 4 SYSTEMPATH\CodeIgniter.php(340): CodeIgniter\CodeIgniter->handleRequest()
 5 FCPATH\index.php(55): CodeIgniter\CodeIgniter->run()
 6 SYSTEMPATH\Commands\Server\rewrite.php(43): require_once('FCPATH\\index.php')
CRITICAL - 2022-09-03 16:51:16 --> Call to undefined method CodeIgniter\Database\MySQLi\Builder::result_array()
in APPPATH\Models\LocalProductModel.php on line 54.
 1 APPPATH\Controllers\Revenue.php(372): App\Models\LocalProductModel->get_all_expenses()
 2 SYSTEMPATH\CodeIgniter.php(904): App\Controllers\Revenue->revenue_stream_total_revenue_required()
 3 SYSTEMPATH\CodeIgniter.php(457): CodeIgniter\CodeIgniter->runController()
 4 SYSTEMPATH\CodeIgniter.php(340): CodeIgniter\CodeIgniter->handleRequest()
 5 FCPATH\index.php(55): CodeIgniter\CodeIgniter->run()
 6 SYSTEMPATH\Commands\Server\rewrite.php(43): require_once('FCPATH\\index.php')
CRITICAL - 2022-09-03 16:54:47 --> Call to undefined method CodeIgniter\Database\MySQLi\Result::row()
in APPPATH\Controllers\Revenue.php on line 375.
 1 SYSTEMPATH\CodeIgniter.php(904): App\Controllers\Revenue->revenue_stream_total_revenue_required()
 2 SYSTEMPATH\CodeIgniter.php(457): CodeIgniter\CodeIgniter->runController()
 3 SYSTEMPATH\CodeIgniter.php(340): CodeIgniter\CodeIgniter->handleRequest()
 4 FCPATH\index.php(55): CodeIgniter\CodeIgniter->run()
 5 SYSTEMPATH\Commands\Server\rewrite.php(43): require_once('FCPATH\\index.php')
CRITICAL - 2022-09-03 17:01:50 --> Call to undefined method App\Controllers\Revenue::get_payroll_assumptions_val()
in APPPATH\Controllers\Revenue.php on line 445.
 1 SYSTEMPATH\CodeIgniter.php(904): App\Controllers\Revenue->revenue_stream_payroll_expense()
 2 SYSTEMPATH\CodeIgniter.php(457): CodeIgniter\CodeIgniter->runController()
 3 SYSTEMPATH\CodeIgniter.php(340): CodeIgniter\CodeIgniter->handleRequest()
 4 FCPATH\index.php(55): CodeIgniter\CodeIgniter->run()
 5 SYSTEMPATH\Commands\Server\rewrite.php(43): require_once('FCPATH\\index.php')
CRITICAL - 2022-09-03 17:31:53 --> Undefined variable $query
in APPPATH\Models\LocalProductModel.php on line 71.
 1 APPPATH\Models\LocalProductModel.php(71): CodeIgniter\Debug\Exceptions->errorHandler()
 2 APPPATH\Controllers\Revenue.php(122): App\Models\LocalProductModel->get_list()
 3 SYSTEMPATH\CodeIgniter.php(904): App\Controllers\Revenue->loadProductRevenueDt()
 4 SYSTEMPATH\CodeIgniter.php(457): CodeIgniter\CodeIgniter->runController()
 5 SYSTEMPATH\CodeIgniter.php(340): CodeIgniter\CodeIgniter->handleRequest()
 6 FCPATH\index.php(55): CodeIgniter\CodeIgniter->run()
 7 SYSTEMPATH\Commands\Server\rewrite.php(43): require_once('FCPATH\\index.php')
CRITICAL - 2022-09-03 17:32:21 --> Undefined variable $query
in APPPATH\Models\LocalProductModel.php on line 71.
 1 APPPATH\Models\LocalProductModel.php(71): CodeIgniter\Debug\Exceptions->errorHandler()
 2 APPPATH\Controllers\Revenue.php(122): App\Models\LocalProductModel->get_list()
 3 SYSTEMPATH\CodeIgniter.php(904): App\Controllers\Revenue->loadProductRevenueDt()
 4 SYSTEMPATH\CodeIgniter.php(457): CodeIgniter\CodeIgniter->runController()
 5 SYSTEMPATH\CodeIgniter.php(340): CodeIgniter\CodeIgniter->handleRequest()
 6 FCPATH\index.php(55): CodeIgniter\CodeIgniter->run()
 7 SYSTEMPATH\Commands\Server\rewrite.php(43): require_once('FCPATH\\index.php')
CRITICAL - 2022-09-03 17:32:22 --> Undefined variable $query
in APPPATH\Models\LocalProductModel.php on line 71.
 1 APPPATH\Models\LocalProductModel.php(71): CodeIgniter\Debug\Exceptions->errorHandler()
 2 APPPATH\Controllers\Revenue.php(122): App\Models\LocalProductModel->get_list()
 3 SYSTEMPATH\CodeIgniter.php(904): App\Controllers\Revenue->loadProductRevenueDt()
 4 SYSTEMPATH\CodeIgniter.php(457): CodeIgniter\CodeIgniter->runController()
 5 SYSTEMPATH\CodeIgniter.php(340): CodeIgniter\CodeIgniter->handleRequest()
 6 FCPATH\index.php(55): CodeIgniter\CodeIgniter->run()
 7 SYSTEMPATH\Commands\Server\rewrite.php(43): require_once('FCPATH\\index.php')
CRITICAL - 2022-09-03 17:32:22 --> Undefined variable $query
in APPPATH\Models\LocalProductModel.php on line 71.
 1 APPPATH\Models\LocalProductModel.php(71): CodeIgniter\Debug\Exceptions->errorHandler()
 2 APPPATH\Controllers\Revenue.php(122): App\Models\LocalProductModel->get_list()
 3 SYSTEMPATH\CodeIgniter.php(904): App\Controllers\Revenue->loadProductRevenueDt()
 4 SYSTEMPATH\CodeIgniter.php(457): CodeIgniter\CodeIgniter->runController()
 5 SYSTEMPATH\CodeIgniter.php(340): CodeIgniter\CodeIgniter->handleRequest()
 6 FCPATH\index.php(55): CodeIgniter\CodeIgniter->run()
 7 SYSTEMPATH\Commands\Server\rewrite.php(43): require_once('FCPATH\\index.php')
CRITICAL - 2022-09-03 17:32:23 --> Undefined variable $query
in APPPATH\Models\LocalProductModel.php on line 71.
 1 APPPATH\Models\LocalProductModel.php(71): CodeIgniter\Debug\Exceptions->errorHandler()
 2 APPPATH\Controllers\Revenue.php(122): App\Models\LocalProductModel->get_list()
 3 SYSTEMPATH\CodeIgniter.php(904): App\Controllers\Revenue->loadProductRevenueDt()
 4 SYSTEMPATH\CodeIgniter.php(457): CodeIgniter\CodeIgniter->runController()
 5 SYSTEMPATH\CodeIgniter.php(340): CodeIgniter\CodeIgniter->handleRequest()
 6 FCPATH\index.php(55): CodeIgniter\CodeIgniter->run()
 7 SYSTEMPATH\Commands\Server\rewrite.php(43): require_once('FCPATH\\index.php')
CRITICAL - 2022-09-03 17:32:37 --> Call to undefined method CodeIgniter\Database\MySQLi\Builder::getResult()
in APPPATH\Models\LocalProductModel.php on line 71.
 1 APPPATH\Controllers\Revenue.php(122): App\Models\LocalProductModel->get_list()
 2 SYSTEMPATH\CodeIgniter.php(904): App\Controllers\Revenue->loadProductRevenueDt()
 3 SYSTEMPATH\CodeIgniter.php(457): CodeIgniter\CodeIgniter->runController()
 4 SYSTEMPATH\CodeIgniter.php(340): CodeIgniter\CodeIgniter->handleRequest()
 5 FCPATH\index.php(55): CodeIgniter\CodeIgniter->run()
 6 SYSTEMPATH\Commands\Server\rewrite.php(43): require_once('FCPATH\\index.php')
CRITICAL - 2022-09-03 17:32:38 --> Call to undefined method CodeIgniter\Database\MySQLi\Builder::getResult()
in APPPATH\Models\LocalProductModel.php on line 71.
 1 APPPATH\Controllers\Revenue.php(122): App\Models\LocalProductModel->get_list()
 2 SYSTEMPATH\CodeIgniter.php(904): App\Controllers\Revenue->loadProductRevenueDt()
 3 SYSTEMPATH\CodeIgniter.php(457): CodeIgniter\CodeIgniter->runController()
 4 SYSTEMPATH\CodeIgniter.php(340): CodeIgniter\CodeIgniter->handleRequest()
 5 FCPATH\index.php(55): CodeIgniter\CodeIgniter->run()
 6 SYSTEMPATH\Commands\Server\rewrite.php(43): require_once('FCPATH\\index.php')
CRITICAL - 2022-09-03 18:05:21 --> Call to undefined method CodeIgniter\Database\MySQLi\Connection::insert()
in APPPATH\Controllers\Revenue.php on line 103.
 1 SYSTEMPATH\CodeIgniter.php(904): App\Controllers\Revenue->ajaxAddProduct()
 2 SYSTEMPATH\CodeIgniter.php(457): CodeIgniter\CodeIgniter->runController()
 3 SYSTEMPATH\CodeIgniter.php(340): CodeIgniter\CodeIgniter->handleRequest()
 4 FCPATH\index.php(55): CodeIgniter\CodeIgniter->run()
 5 SYSTEMPATH\Commands\Server\rewrite.php(43): require_once('FCPATH\\index.php')
CRITICAL - 2022-09-03 18:05:21 --> Call to undefined method CodeIgniter\Database\MySQLi\Connection::insert()
in APPPATH\Controllers\Revenue.php on line 103.
 1 SYSTEMPATH\CodeIgniter.php(904): App\Controllers\Revenue->ajaxAddProduct()
 2 SYSTEMPATH\CodeIgniter.php(457): CodeIgniter\CodeIgniter->runController()
 3 SYSTEMPATH\CodeIgniter.php(340): CodeIgniter\CodeIgniter->handleRequest()
 4 FCPATH\index.php(55): CodeIgniter\CodeIgniter->run()
 5 SYSTEMPATH\Commands\Server\rewrite.php(43): require_once('FCPATH\\index.php')
CRITICAL - 2022-09-03 18:05:21 --> Call to undefined method CodeIgniter\Database\MySQLi\Connection::insert()
in APPPATH\Controllers\Revenue.php on line 103.
 1 SYSTEMPATH\CodeIgniter.php(904): App\Controllers\Revenue->ajaxAddProduct()
 2 SYSTEMPATH\CodeIgniter.php(457): CodeIgniter\CodeIgniter->runController()
 3 SYSTEMPATH\CodeIgniter.php(340): CodeIgniter\CodeIgniter->handleRequest()
 4 FCPATH\index.php(55): CodeIgniter\CodeIgniter->run()
 5 SYSTEMPATH\Commands\Server\rewrite.php(43): require_once('FCPATH\\index.php')
CRITICAL - 2022-09-03 18:05:21 --> Call to undefined method CodeIgniter\Database\MySQLi\Connection::insert()
in APPPATH\Controllers\Revenue.php on line 103.
 1 SYSTEMPATH\CodeIgniter.php(904): App\Controllers\Revenue->ajaxAddProduct()
 2 SYSTEMPATH\CodeIgniter.php(457): CodeIgniter\CodeIgniter->runController()
 3 SYSTEMPATH\CodeIgniter.php(340): CodeIgniter\CodeIgniter->handleRequest()
 4 FCPATH\index.php(55): CodeIgniter\CodeIgniter->run()
 5 SYSTEMPATH\Commands\Server\rewrite.php(43): require_once('FCPATH\\index.php')
CRITICAL - 2022-09-03 18:26:58 --> Class "App\Controllers\Ssp" not found
in APPPATH\Controllers\Revenue.php on line 232.
 1 SYSTEMPATH\CodeIgniter.php(904): App\Controllers\Revenue->loadProductRevenueDt()
 2 SYSTEMPATH\CodeIgniter.php(457): CodeIgniter\CodeIgniter->runController()
 3 SYSTEMPATH\CodeIgniter.php(340): CodeIgniter\CodeIgniter->handleRequest()
 4 FCPATH\index.php(55): CodeIgniter\CodeIgniter->run()
 5 SYSTEMPATH\Commands\Server\rewrite.php(43): require_once('FCPATH\\index.php')
CRITICAL - 2022-09-03 18:26:59 --> Class "App\Controllers\Ssp" not found
in APPPATH\Controllers\Revenue.php on line 232.
 1 SYSTEMPATH\CodeIgniter.php(904): App\Controllers\Revenue->loadProductRevenueDt()
 2 SYSTEMPATH\CodeIgniter.php(457): CodeIgniter\CodeIgniter->runController()
 3 SYSTEMPATH\CodeIgniter.php(340): CodeIgniter\CodeIgniter->handleRequest()
 4 FCPATH\index.php(55): CodeIgniter\CodeIgniter->run()
 5 SYSTEMPATH\Commands\Server\rewrite.php(43): require_once('FCPATH\\index.php')
CRITICAL - 2022-09-03 18:26:59 --> Class "App\Controllers\Ssp" not found
in APPPATH\Controllers\Revenue.php on line 232.
 1 SYSTEMPATH\CodeIgniter.php(904): App\Controllers\Revenue->loadProductRevenueDt()
 2 SYSTEMPATH\CodeIgniter.php(457): CodeIgniter\CodeIgniter->runController()
 3 SYSTEMPATH\CodeIgniter.php(340): CodeIgniter\CodeIgniter->handleRequest()
 4 FCPATH\index.php(55): CodeIgniter\CodeIgniter->run()
 5 SYSTEMPATH\Commands\Server\rewrite.php(43): require_once('FCPATH\\index.php')
CRITICAL - 2022-09-03 18:43:08 --> A non-numeric value encountered
in APPPATH\Controllers\Revenue.php on line 247.
 1 APPPATH\Controllers\Revenue.php(247): CodeIgniter\Debug\Exceptions->errorHandler()
 2 FCPATH\custom-assets\Ssp.php(51): App\Controllers\Revenue->App\Controllers\{closure}()
 3 FCPATH\custom-assets\Ssp.php(293): Ssp::data_output()
 4 APPPATH\Controllers\Revenue.php(299): Ssp::simple()
 5 SYSTEMPATH\CodeIgniter.php(904): App\Controllers\Revenue->loadProductRevenueDt()
 6 SYSTEMPATH\CodeIgniter.php(457): CodeIgniter\CodeIgniter->runController()
 7 SYSTEMPATH\CodeIgniter.php(340): CodeIgniter\CodeIgniter->handleRequest()
 8 FCPATH\index.php(55): CodeIgniter\CodeIgniter->run()
 9 SYSTEMPATH\Commands\Server\rewrite.php(43): require_once('FCPATH\\index.php')
CRITICAL - 2022-09-03 18:43:10 --> A non-numeric value encountered
in APPPATH\Controllers\Revenue.php on line 247.
 1 APPPATH\Controllers\Revenue.php(247): CodeIgniter\Debug\Exceptions->errorHandler()
 2 FCPATH\custom-assets\Ssp.php(51): App\Controllers\Revenue->App\Controllers\{closure}()
 3 FCPATH\custom-assets\Ssp.php(293): Ssp::data_output()
 4 APPPATH\Controllers\Revenue.php(299): Ssp::simple()
 5 SYSTEMPATH\CodeIgniter.php(904): App\Controllers\Revenue->loadProductRevenueDt()
 6 SYSTEMPATH\CodeIgniter.php(457): CodeIgniter\CodeIgniter->runController()
 7 SYSTEMPATH\CodeIgniter.php(340): CodeIgniter\CodeIgniter->handleRequest()
 8 FCPATH\index.php(55): CodeIgniter\CodeIgniter->run()
 9 SYSTEMPATH\Commands\Server\rewrite.php(43): require_once('FCPATH\\index.php')
