CRITICAL - 2022-08-31 19:32:02 --> Undefined variable: cur
in APPPATH\Controllers\Director.php on line 428.
 1 APPPATH\Controllers\Director.php(428): CodeIgniter\Debug\Exceptions->errorHandler(8, 'Undefined variable: cur', 'APPPATH\\Controllers\\Director.php', 428, [...])
 2 FCPATH\custom-assets\Ssp.php(51): App\Controllers\Director->App\Controllers\{closure}('2323', [...])
 3 FCPATH\custom-assets\Ssp.php(293): Ssp::data_output([...], [...])
 4 APPPATH\Controllers\Director.php(477): Ssp::simple([...], [...], 'select * from director where user_id="387"', 'director_id', [...])
 5 SYSTEMPATH\CodeIgniter.php(904): App\Controllers\Director->ajaxListDt()
 6 SYSTEMPATH\CodeIgniter.php(457): CodeIgniter\CodeIgniter->runController(Object(App\Controllers\Director))
 7 SYSTEMPATH\CodeIgniter.php(340): CodeIgniter\CodeIgniter->handleRequest(null, Object(Config\Cache), false)
 8 FCPATH\index.php(55): CodeIgniter\CodeIgniter->run()
 9 SYSTEMPATH\Commands\Server\rewrite.php(43): require_once('FCPATH\\index.php')
CRITICAL - 2022-08-31 19:34:28 --> Undefined variable: cur
in APPPATH\Controllers\Director.php on line 429.
 1 APPPATH\Controllers\Director.php(429): CodeIgniter\Debug\Exceptions->errorHandler(8, 'Undefined variable: cur', 'APPPATH\\Controllers\\Director.php', 429, [...])
 2 FCPATH\custom-assets\Ssp.php(51): App\Controllers\Director->App\Controllers\{closure}('2323', [...])
 3 FCPATH\custom-assets\Ssp.php(293): Ssp::data_output([...], [...])
 4 APPPATH\Controllers\Director.php(478): Ssp::simple([...], [...], 'select * from director where user_id="387"', 'director_id', [...])
 5 SYSTEMPATH\CodeIgniter.php(904): App\Controllers\Director->ajaxListDt()
 6 SYSTEMPATH\CodeIgniter.php(457): CodeIgniter\CodeIgniter->runController(Object(App\Controllers\Director))
 7 SYSTEMPATH\CodeIgniter.php(340): CodeIgniter\CodeIgniter->handleRequest(null, Object(Config\Cache), false)
 8 FCPATH\index.php(55): CodeIgniter\CodeIgniter->run()
 9 SYSTEMPATH\Commands\Server\rewrite.php(43): require_once('FCPATH\\index.php')
CRITICAL - 2022-08-31 19:37:39 --> Undefined variable: id
in APPPATH\Controllers\Director.php on line 409.
 1 APPPATH\Controllers\Director.php(409): CodeIgniter\Debug\Exceptions->errorHandler(8, 'Undefined variable: id', 'APPPATH\\Controllers\\Director.php', 409, [...])
 2 SYSTEMPATH\CodeIgniter.php(904): App\Controllers\Director->ajaxListDt()
 3 SYSTEMPATH\CodeIgniter.php(457): CodeIgniter\CodeIgniter->runController(Object(App\Controllers\Director))
 4 SYSTEMPATH\CodeIgniter.php(340): CodeIgniter\CodeIgniter->handleRequest(null, Object(Config\Cache), false)
 5 FCPATH\index.php(55): CodeIgniter\CodeIgniter->run()
 6 SYSTEMPATH\Commands\Server\rewrite.php(43): require_once('FCPATH\\index.php')
CRITICAL - 2022-08-31 19:38:04 --> Trying to get property 'currency' of non-object
in APPPATH\Controllers\Director.php on line 410.
 1 APPPATH\Controllers\Director.php(410): CodeIgniter\Debug\Exceptions->errorHandler(8, 'Trying to get property \'currency\' of non-object', 'APPPATH\\Controllers\\Director.php', 410, [...])
 2 SYSTEMPATH\CodeIgniter.php(904): App\Controllers\Director->ajaxListDt()
 3 SYSTEMPATH\CodeIgniter.php(457): CodeIgniter\CodeIgniter->runController(Object(App\Controllers\Director))
 4 SYSTEMPATH\CodeIgniter.php(340): CodeIgniter\CodeIgniter->handleRequest(null, Object(Config\Cache), false)
 5 FCPATH\index.php(55): CodeIgniter\CodeIgniter->run()
 6 SYSTEMPATH\Commands\Server\rewrite.php(43): require_once('FCPATH\\index.php')
CRITICAL - 2022-08-31 19:38:05 --> Trying to get property 'currency' of non-object
in APPPATH\Controllers\Director.php on line 410.
 1 APPPATH\Controllers\Director.php(410): CodeIgniter\Debug\Exceptions->errorHandler(8, 'Trying to get property \'currency\' of non-object', 'APPPATH\\Controllers\\Director.php', 410, [...])
 2 SYSTEMPATH\CodeIgniter.php(904): App\Controllers\Director->ajaxListDt()
 3 SYSTEMPATH\CodeIgniter.php(457): CodeIgniter\CodeIgniter->runController(Object(App\Controllers\Director))
 4 SYSTEMPATH\CodeIgniter.php(340): CodeIgniter\CodeIgniter->handleRequest(null, Object(Config\Cache), false)
 5 FCPATH\index.php(55): CodeIgniter\CodeIgniter->run()
 6 SYSTEMPATH\Commands\Server\rewrite.php(43): require_once('FCPATH\\index.php')
CRITICAL - 2022-08-31 19:38:05 --> Trying to get property 'currency' of non-object
in APPPATH\Controllers\Director.php on line 410.
 1 APPPATH\Controllers\Director.php(410): CodeIgniter\Debug\Exceptions->errorHandler(8, 'Trying to get property \'currency\' of non-object', 'APPPATH\\Controllers\\Director.php', 410, [...])
 2 SYSTEMPATH\CodeIgniter.php(904): App\Controllers\Director->ajaxListDt()
 3 SYSTEMPATH\CodeIgniter.php(457): CodeIgniter\CodeIgniter->runController(Object(App\Controllers\Director))
 4 SYSTEMPATH\CodeIgniter.php(340): CodeIgniter\CodeIgniter->handleRequest(null, Object(Config\Cache), false)
 5 FCPATH\index.php(55): CodeIgniter\CodeIgniter->run()
 6 SYSTEMPATH\Commands\Server\rewrite.php(43): require_once('FCPATH\\index.php')
CRITICAL - 2022-08-31 19:38:06 --> Trying to get property 'currency' of non-object
in APPPATH\Controllers\Director.php on line 410.
 1 APPPATH\Controllers\Director.php(410): CodeIgniter\Debug\Exceptions->errorHandler(8, 'Trying to get property \'currency\' of non-object', 'APPPATH\\Controllers\\Director.php', 410, [...])
 2 SYSTEMPATH\CodeIgniter.php(904): App\Controllers\Director->ajaxListDt()
 3 SYSTEMPATH\CodeIgniter.php(457): CodeIgniter\CodeIgniter->runController(Object(App\Controllers\Director))
 4 SYSTEMPATH\CodeIgniter.php(340): CodeIgniter\CodeIgniter->handleRequest(null, Object(Config\Cache), false)
 5 FCPATH\index.php(55): CodeIgniter\CodeIgniter->run()
 6 SYSTEMPATH\Commands\Server\rewrite.php(43): require_once('FCPATH\\index.php')
CRITICAL - 2022-08-31 19:38:44 --> Undefined property: stdClass::$currency
in APPPATH\Controllers\Director.php on line 410.
 1 APPPATH\Controllers\Director.php(410): CodeIgniter\Debug\Exceptions->errorHandler(8, 'Undefined property: stdClass::$currency', 'APPPATH\\Controllers\\Director.php', 410, [...])
 2 SYSTEMPATH\CodeIgniter.php(904): App\Controllers\Director->ajaxListDt()
 3 SYSTEMPATH\CodeIgniter.php(457): CodeIgniter\CodeIgniter->runController(Object(App\Controllers\Director))
 4 SYSTEMPATH\CodeIgniter.php(340): CodeIgniter\CodeIgniter->handleRequest(null, Object(Config\Cache), false)
 5 FCPATH\index.php(55): CodeIgniter\CodeIgniter->run()
 6 SYSTEMPATH\Commands\Server\rewrite.php(43): require_once('FCPATH\\index.php')
ERROR - 2022-08-31 19:40:14 --> mysqli_sql_exception: Unknown column 'user_id' in 'where clause' in C:\Users\h4ham\OneDrive\Desktop\Auziplan-C-4\system\Database\MySQLi\Connection.php:292
Stack trace:
#0 C:\Users\h4ham\OneDrive\Desktop\Auziplan-C-4\system\Database\MySQLi\Connection.php(292): mysqli->query('SELECT *\nFROM `...', 0)
#1 C:\Users\h4ham\OneDrive\Desktop\Auziplan-C-4\system\Database\BaseConnection.php(693): CodeIgniter\Database\MySQLi\Connection->execute('SELECT *\nFROM `...')
#2 C:\Users\h4ham\OneDrive\Desktop\Auziplan-C-4\system\Database\BaseConnection.php(620): CodeIgniter\Database\BaseConnection->simpleQuery('SELECT *\nFROM `...')
#3 C:\Users\h4ham\OneDrive\Desktop\Auziplan-C-4\system\Database\BaseBuilder.php(1585): CodeIgniter\Database\BaseConnection->query('SELECT *\nFROM `...', Array, false)
#4 C:\Users\h4ham\OneDrive\Desktop\Auziplan-C-4\app\Controllers\Director.php(409): CodeIgniter\Database\BaseBuilder->get()
#5 C:\Users\h4ham\OneDrive\Desktop\Auziplan-C-4\system\CodeIgniter.php(904): App\Controllers\Director->ajaxListDt()
#6 C:\Users\h4ham\OneDrive\Desktop\Auziplan-C-4\system\CodeIgniter.php(457): CodeIgniter\CodeIgniter->runController(Object(App\Controllers\Director))
#7 C:\Users\h4ham\OneDrive\Desktop\Auziplan-C-4\system\CodeIgniter.php(340): CodeIgniter\CodeIgniter->handleRequest(NULL, Object(Config\Cache), false)
#8 C:\Users\h4ham\OneDrive\Desktop\Auziplan-C-4\public\index.php(55): CodeIgniter\CodeIgniter->run()
#9 C:\Users\h4ham\OneDrive\Desktop\Auziplan-C-4\system\Commands\Server\rewrite.php(43): require_once('C:\\Users\\h4ham\\...')
#10 {main}
CRITICAL - 2022-08-31 19:40:14 --> Unknown column 'user_id' in 'where clause'
in SYSTEMPATH\Database\MySQLi\Connection.php on line 292.
 1 SYSTEMPATH\Database\MySQLi\Connection.php(292): mysqli->query('SELECT *
FROM `user`
WHERE `user_id` = \'387\'', 0)
 2 SYSTEMPATH\Database\BaseConnection.php(693): CodeIgniter\Database\MySQLi\Connection->execute('SELECT *
FROM `user`
WHERE `user_id` = \'387\'')
 3 SYSTEMPATH\Database\BaseConnection.php(620): CodeIgniter\Database\BaseConnection->simpleQuery('SELECT *
FROM `user`
WHERE `user_id` = \'387\'')
 4 SYSTEMPATH\Database\BaseBuilder.php(1585): CodeIgniter\Database\BaseConnection->query('SELECT *
FROM `user`
WHERE `user_id` = :user_id:', [...], false)
 5 APPPATH\Controllers\Director.php(409): CodeIgniter\Database\BaseBuilder->get()
 6 SYSTEMPATH\CodeIgniter.php(904): App\Controllers\Director->ajaxListDt()
 7 SYSTEMPATH\CodeIgniter.php(457): CodeIgniter\CodeIgniter->runController(Object(App\Controllers\Director))
 8 SYSTEMPATH\CodeIgniter.php(340): CodeIgniter\CodeIgniter->handleRequest(null, Object(Config\Cache), false)
 9 FCPATH\index.php(55): CodeIgniter\CodeIgniter->run()
10 SYSTEMPATH\Commands\Server\rewrite.php(43): require_once('FCPATH\\index.php')
ERROR - 2022-08-31 19:45:35 --> mysqli_sql_exception: Table 'excelpla_cbp_online_dev.company' doesn't exist in C:\Users\h4ham\OneDrive\Desktop\Auziplan-C-4\system\Database\MySQLi\Connection.php:292
Stack trace:
#0 C:\Users\h4ham\OneDrive\Desktop\Auziplan-C-4\system\Database\MySQLi\Connection.php(292): mysqli->query('SELECT *\nFROM `...', 0)
#1 C:\Users\h4ham\OneDrive\Desktop\Auziplan-C-4\system\Database\BaseConnection.php(693): CodeIgniter\Database\MySQLi\Connection->execute('SELECT *\nFROM `...')
#2 C:\Users\h4ham\OneDrive\Desktop\Auziplan-C-4\system\Database\BaseConnection.php(620): CodeIgniter\Database\BaseConnection->simpleQuery('SELECT *\nFROM `...')
#3 C:\Users\h4ham\OneDrive\Desktop\Auziplan-C-4\system\Database\BaseBuilder.php(1585): CodeIgniter\Database\BaseConnection->query('SELECT *\nFROM `...', Array, false)
#4 C:\Users\h4ham\OneDrive\Desktop\Auziplan-C-4\app\Controllers\Director.php(409): CodeIgniter\Database\BaseBuilder->get()
#5 C:\Users\h4ham\OneDrive\Desktop\Auziplan-C-4\system\CodeIgniter.php(904): App\Controllers\Director->ajaxListDt()
#6 C:\Users\h4ham\OneDrive\Desktop\Auziplan-C-4\system\CodeIgniter.php(457): CodeIgniter\CodeIgniter->runController(Object(App\Controllers\Director))
#7 C:\Users\h4ham\OneDrive\Desktop\Auziplan-C-4\system\CodeIgniter.php(340): CodeIgniter\CodeIgniter->handleRequest(NULL, Object(Config\Cache), false)
#8 C:\Users\h4ham\OneDrive\Desktop\Auziplan-C-4\public\index.php(55): CodeIgniter\CodeIgniter->run()
#9 C:\Users\h4ham\OneDrive\Desktop\Auziplan-C-4\system\Commands\Server\rewrite.php(43): require_once('C:\\Users\\h4ham\\...')
#10 {main}
CRITICAL - 2022-08-31 19:45:35 --> Table 'excelpla_cbp_online_dev.company' doesn't exist
in SYSTEMPATH\Database\MySQLi\Connection.php on line 292.
 1 SYSTEMPATH\Database\MySQLi\Connection.php(292): mysqli->query('SELECT *
FROM `company`
WHERE `user_id` = \'387\'', 0)
 2 SYSTEMPATH\Database\BaseConnection.php(693): CodeIgniter\Database\MySQLi\Connection->execute('SELECT *
FROM `company`
WHERE `user_id` = \'387\'')
 3 SYSTEMPATH\Database\BaseConnection.php(620): CodeIgniter\Database\BaseConnection->simpleQuery('SELECT *
FROM `company`
WHERE `user_id` = \'387\'')
 4 SYSTEMPATH\Database\BaseBuilder.php(1585): CodeIgniter\Database\BaseConnection->query('SELECT *
FROM `company`
WHERE `user_id` = :user_id:', [...], false)
 5 APPPATH\Controllers\Director.php(409): CodeIgniter\Database\BaseBuilder->get()
 6 SYSTEMPATH\CodeIgniter.php(904): App\Controllers\Director->ajaxListDt()
 7 SYSTEMPATH\CodeIgniter.php(457): CodeIgniter\CodeIgniter->runController(Object(App\Controllers\Director))
 8 SYSTEMPATH\CodeIgniter.php(340): CodeIgniter\CodeIgniter->handleRequest(null, Object(Config\Cache), false)
 9 FCPATH\index.php(55): CodeIgniter\CodeIgniter->run()
10 SYSTEMPATH\Commands\Server\rewrite.php(43): require_once('FCPATH\\index.php')
CRITICAL - 2022-08-31 19:46:13 --> Undefined variable: cur
in APPPATH\Controllers\Director.php on line 432.
 1 APPPATH\Controllers\Director.php(432): CodeIgniter\Debug\Exceptions->errorHandler(8, 'Undefined variable: cur', 'APPPATH\\Controllers\\Director.php', 432, [...])
 2 FCPATH\custom-assets\Ssp.php(51): App\Controllers\Director->App\Controllers\{closure}('2323', [...])
 3 FCPATH\custom-assets\Ssp.php(293): Ssp::data_output([...], [...])
 4 APPPATH\Controllers\Director.php(481): Ssp::simple([...], [...], 'select * from director where user_id="387"', 'director_id', [...])
 5 SYSTEMPATH\CodeIgniter.php(904): App\Controllers\Director->ajaxListDt()
 6 SYSTEMPATH\CodeIgniter.php(457): CodeIgniter\CodeIgniter->runController(Object(App\Controllers\Director))
 7 SYSTEMPATH\CodeIgniter.php(340): CodeIgniter\CodeIgniter->handleRequest(null, Object(Config\Cache), false)
 8 FCPATH\index.php(55): CodeIgniter\CodeIgniter->run()
 9 SYSTEMPATH\Commands\Server\rewrite.php(43): require_once('FCPATH\\index.php')
CRITICAL - 2022-08-31 19:46:49 --> Undefined variable: cur
in APPPATH\Controllers\Director.php on line 430.
 1 APPPATH\Controllers\Director.php(430): CodeIgniter\Debug\Exceptions->errorHandler(8, 'Undefined variable: cur', 'APPPATH\\Controllers\\Director.php', 430, [...])
 2 FCPATH\custom-assets\Ssp.php(51): App\Controllers\Director->App\Controllers\{closure}('2323', [...])
 3 FCPATH\custom-assets\Ssp.php(293): Ssp::data_output([...], [...])
 4 APPPATH\Controllers\Director.php(479): Ssp::simple([], [...], 'select * from director where user_id="387"', 'director_id', [...])
 5 SYSTEMPATH\CodeIgniter.php(904): App\Controllers\Director->ajaxListDt()
 6 SYSTEMPATH\CodeIgniter.php(457): CodeIgniter\CodeIgniter->runController(Object(App\Controllers\Director))
 7 SYSTEMPATH\CodeIgniter.php(340): CodeIgniter\CodeIgniter->handleRequest(null, Object(Config\Cache), false)
 8 FCPATH\index.php(55): CodeIgniter\CodeIgniter->run()
 9 SYSTEMPATH\Commands\Server\rewrite.php(43): require_once('FCPATH\\index.php')
CRITICAL - 2022-08-31 19:46:57 --> Undefined variable: cur
in APPPATH\Controllers\Director.php on line 430.
 1 APPPATH\Controllers\Director.php(430): CodeIgniter\Debug\Exceptions->errorHandler(8, 'Undefined variable: cur', 'APPPATH\\Controllers\\Director.php', 430, [...])
 2 FCPATH\custom-assets\Ssp.php(51): App\Controllers\Director->App\Controllers\{closure}('2323', [...])
 3 FCPATH\custom-assets\Ssp.php(293): Ssp::data_output([...], [...])
 4 APPPATH\Controllers\Director.php(479): Ssp::simple([...], [...], 'select * from director where user_id="387"', 'director_id', [...])
 5 SYSTEMPATH\CodeIgniter.php(904): App\Controllers\Director->ajaxListDt()
 6 SYSTEMPATH\CodeIgniter.php(457): CodeIgniter\CodeIgniter->runController(Object(App\Controllers\Director))
 7 SYSTEMPATH\CodeIgniter.php(340): CodeIgniter\CodeIgniter->handleRequest(null, Object(Config\Cache), false)
 8 FCPATH\index.php(55): CodeIgniter\CodeIgniter->run()
 9 SYSTEMPATH\Commands\Server\rewrite.php(43): require_once('FCPATH\\index.php')
CRITICAL - 2022-08-31 19:47:51 --> Undefined variable: cur
in APPPATH\Controllers\Director.php on line 434.
 1 APPPATH\Controllers\Director.php(434): CodeIgniter\Debug\Exceptions->errorHandler(8, 'Undefined variable: cur', 'APPPATH\\Controllers\\Director.php', 434, [...])
 2 FCPATH\custom-assets\Ssp.php(51): App\Controllers\Director->App\Controllers\{closure}('2323', [...])
 3 FCPATH\custom-assets\Ssp.php(293): Ssp::data_output([...], [...])
 4 APPPATH\Controllers\Director.php(482): Ssp::simple([], [...], 'select * from director where user_id="387"', 'director_id', [...])
 5 SYSTEMPATH\CodeIgniter.php(904): App\Controllers\Director->ajaxListDt()
 6 SYSTEMPATH\CodeIgniter.php(457): CodeIgniter\CodeIgniter->runController(Object(App\Controllers\Director))
 7 SYSTEMPATH\CodeIgniter.php(340): CodeIgniter\CodeIgniter->handleRequest(null, Object(Config\Cache), false)
 8 FCPATH\index.php(55): CodeIgniter\CodeIgniter->run()
 9 SYSTEMPATH\Commands\Server\rewrite.php(43): require_once('FCPATH\\index.php')
CRITICAL - 2022-08-31 19:47:52 --> Undefined variable: cur
in APPPATH\Controllers\Director.php on line 434.
 1 APPPATH\Controllers\Director.php(434): CodeIgniter\Debug\Exceptions->errorHandler(8, 'Undefined variable: cur', 'APPPATH\\Controllers\\Director.php', 434, [...])
 2 FCPATH\custom-assets\Ssp.php(51): App\Controllers\Director->App\Controllers\{closure}('2323', [...])
 3 FCPATH\custom-assets\Ssp.php(293): Ssp::data_output([...], [...])
 4 APPPATH\Controllers\Director.php(482): Ssp::simple([], [...], 'select * from director where user_id="387"', 'director_id', [...])
 5 SYSTEMPATH\CodeIgniter.php(904): App\Controllers\Director->ajaxListDt()
 6 SYSTEMPATH\CodeIgniter.php(457): CodeIgniter\CodeIgniter->runController(Object(App\Controllers\Director))
 7 SYSTEMPATH\CodeIgniter.php(340): CodeIgniter\CodeIgniter->handleRequest(null, Object(Config\Cache), false)
 8 FCPATH\index.php(55): CodeIgniter\CodeIgniter->run()
 9 SYSTEMPATH\Commands\Server\rewrite.php(43): require_once('FCPATH\\index.php')
CRITICAL - 2022-08-31 19:47:53 --> Undefined variable: cur
in APPPATH\Controllers\Director.php on line 434.
 1 APPPATH\Controllers\Director.php(434): CodeIgniter\Debug\Exceptions->errorHandler(8, 'Undefined variable: cur', 'APPPATH\\Controllers\\Director.php', 434, [...])
 2 FCPATH\custom-assets\Ssp.php(51): App\Controllers\Director->App\Controllers\{closure}('2323', [...])
 3 FCPATH\custom-assets\Ssp.php(293): Ssp::data_output([...], [...])
 4 APPPATH\Controllers\Director.php(482): Ssp::simple([], [...], 'select * from director where user_id="387"', 'director_id', [...])
 5 SYSTEMPATH\CodeIgniter.php(904): App\Controllers\Director->ajaxListDt()
 6 SYSTEMPATH\CodeIgniter.php(457): CodeIgniter\CodeIgniter->runController(Object(App\Controllers\Director))
 7 SYSTEMPATH\CodeIgniter.php(340): CodeIgniter\CodeIgniter->handleRequest(null, Object(Config\Cache), false)
 8 FCPATH\index.php(55): CodeIgniter\CodeIgniter->run()
 9 SYSTEMPATH\Commands\Server\rewrite.php(43): require_once('FCPATH\\index.php')
CRITICAL - 2022-08-31 19:48:29 --> Undefined variable: cur1
in APPPATH\Controllers\Director.php on line 434.
 1 APPPATH\Controllers\Director.php(434): CodeIgniter\Debug\Exceptions->errorHandler(8, 'Undefined variable: cur1', 'APPPATH\\Controllers\\Director.php', 434, [...])
 2 FCPATH\custom-assets\Ssp.php(51): App\Controllers\Director->App\Controllers\{closure}('2323', [...])
 3 FCPATH\custom-assets\Ssp.php(293): Ssp::data_output([...], [...])
 4 APPPATH\Controllers\Director.php(482): Ssp::simple([], [...], 'select * from director where user_id="387"', 'director_id', [...])
 5 SYSTEMPATH\CodeIgniter.php(904): App\Controllers\Director->ajaxListDt()
 6 SYSTEMPATH\CodeIgniter.php(457): CodeIgniter\CodeIgniter->runController(Object(App\Controllers\Director))
 7 SYSTEMPATH\CodeIgniter.php(340): CodeIgniter\CodeIgniter->handleRequest(null, Object(Config\Cache), false)
 8 FCPATH\index.php(55): CodeIgniter\CodeIgniter->run()
 9 SYSTEMPATH\Commands\Server\rewrite.php(43): require_once('FCPATH\\index.php')
CRITICAL - 2022-08-31 19:49:19 --> Undefined variable: curdata
in APPPATH\Controllers\Director.php on line 434.
 1 APPPATH\Controllers\Director.php(434): CodeIgniter\Debug\Exceptions->errorHandler(8, 'Undefined variable: curdata', 'APPPATH\\Controllers\\Director.php', 434, [...])
 2 FCPATH\custom-assets\Ssp.php(51): App\Controllers\Director->App\Controllers\{closure}('2323', [...])
 3 FCPATH\custom-assets\Ssp.php(293): Ssp::data_output([...], [...])
 4 APPPATH\Controllers\Director.php(484): Ssp::simple([], [...], 'select * from director where user_id="387"', 'director_id', [...])
 5 SYSTEMPATH\CodeIgniter.php(904): App\Controllers\Director->ajaxListDt()
 6 SYSTEMPATH\CodeIgniter.php(457): CodeIgniter\CodeIgniter->runController(Object(App\Controllers\Director))
 7 SYSTEMPATH\CodeIgniter.php(340): CodeIgniter\CodeIgniter->handleRequest(null, Object(Config\Cache), false)
 8 FCPATH\index.php(55): CodeIgniter\CodeIgniter->run()
 9 SYSTEMPATH\Commands\Server\rewrite.php(43): require_once('FCPATH\\index.php')
CRITICAL - 2022-08-31 19:49:20 --> Undefined variable: curdata
in APPPATH\Controllers\Director.php on line 434.
 1 APPPATH\Controllers\Director.php(434): CodeIgniter\Debug\Exceptions->errorHandler(8, 'Undefined variable: curdata', 'APPPATH\\Controllers\\Director.php', 434, [...])
 2 FCPATH\custom-assets\Ssp.php(51): App\Controllers\Director->App\Controllers\{closure}('2323', [...])
 3 FCPATH\custom-assets\Ssp.php(293): Ssp::data_output([...], [...])
 4 APPPATH\Controllers\Director.php(484): Ssp::simple([], [...], 'select * from director where user_id="387"', 'director_id', [...])
 5 SYSTEMPATH\CodeIgniter.php(904): App\Controllers\Director->ajaxListDt()
 6 SYSTEMPATH\CodeIgniter.php(457): CodeIgniter\CodeIgniter->runController(Object(App\Controllers\Director))
 7 SYSTEMPATH\CodeIgniter.php(340): CodeIgniter\CodeIgniter->handleRequest(null, Object(Config\Cache), false)
 8 FCPATH\index.php(55): CodeIgniter\CodeIgniter->run()
 9 SYSTEMPATH\Commands\Server\rewrite.php(43): require_once('FCPATH\\index.php')
CRITICAL - 2022-08-31 19:49:21 --> Undefined variable: curdata
in APPPATH\Controllers\Director.php on line 434.
 1 APPPATH\Controllers\Director.php(434): CodeIgniter\Debug\Exceptions->errorHandler(8, 'Undefined variable: curdata', 'APPPATH\\Controllers\\Director.php', 434, [...])
 2 FCPATH\custom-assets\Ssp.php(51): App\Controllers\Director->App\Controllers\{closure}('2323', [...])
 3 FCPATH\custom-assets\Ssp.php(293): Ssp::data_output([...], [...])
 4 APPPATH\Controllers\Director.php(484): Ssp::simple([], [...], 'select * from director where user_id="387"', 'director_id', [...])
 5 SYSTEMPATH\CodeIgniter.php(904): App\Controllers\Director->ajaxListDt()
 6 SYSTEMPATH\CodeIgniter.php(457): CodeIgniter\CodeIgniter->runController(Object(App\Controllers\Director))
 7 SYSTEMPATH\CodeIgniter.php(340): CodeIgniter\CodeIgniter->handleRequest(null, Object(Config\Cache), false)
 8 FCPATH\index.php(55): CodeIgniter\CodeIgniter->run()
 9 SYSTEMPATH\Commands\Server\rewrite.php(43): require_once('FCPATH\\index.php')
CRITICAL - 2022-08-31 19:49:47 --> Undefined variable: user_id
in APPPATH\Controllers\Director.php on line 435.
 1 APPPATH\Controllers\Director.php(435): CodeIgniter\Debug\Exceptions->errorHandler(8, 'Undefined variable: user_id', 'APPPATH\\Controllers\\Director.php', 435, [...])
 2 FCPATH\custom-assets\Ssp.php(51): App\Controllers\Director->App\Controllers\{closure}('2323', [...])
 3 FCPATH\custom-assets\Ssp.php(293): Ssp::data_output([...], [...])
 4 APPPATH\Controllers\Director.php(486): Ssp::simple([], [...], 'select * from director where user_id="387"', 'director_id', [...])
 5 SYSTEMPATH\CodeIgniter.php(904): App\Controllers\Director->ajaxListDt()
 6 SYSTEMPATH\CodeIgniter.php(457): CodeIgniter\CodeIgniter->runController(Object(App\Controllers\Director))
 7 SYSTEMPATH\CodeIgniter.php(340): CodeIgniter\CodeIgniter->handleRequest(null, Object(Config\Cache), false)
 8 FCPATH\index.php(55): CodeIgniter\CodeIgniter->run()
 9 SYSTEMPATH\Commands\Server\rewrite.php(43): require_once('FCPATH\\index.php')
CRITICAL - 2022-08-31 19:49:48 --> Undefined variable: user_id
in APPPATH\Controllers\Director.php on line 435.
 1 APPPATH\Controllers\Director.php(435): CodeIgniter\Debug\Exceptions->errorHandler(8, 'Undefined variable: user_id', 'APPPATH\\Controllers\\Director.php', 435, [...])
 2 FCPATH\custom-assets\Ssp.php(51): App\Controllers\Director->App\Controllers\{closure}('2323', [...])
 3 FCPATH\custom-assets\Ssp.php(293): Ssp::data_output([...], [...])
 4 APPPATH\Controllers\Director.php(486): Ssp::simple([], [...], 'select * from director where user_id="387"', 'director_id', [...])
 5 SYSTEMPATH\CodeIgniter.php(904): App\Controllers\Director->ajaxListDt()
 6 SYSTEMPATH\CodeIgniter.php(457): CodeIgniter\CodeIgniter->runController(Object(App\Controllers\Director))
 7 SYSTEMPATH\CodeIgniter.php(340): CodeIgniter\CodeIgniter->handleRequest(null, Object(Config\Cache), false)
 8 FCPATH\index.php(55): CodeIgniter\CodeIgniter->run()
 9 SYSTEMPATH\Commands\Server\rewrite.php(43): require_once('FCPATH\\index.php')
CRITICAL - 2022-08-31 19:50:12 --> Undefined variable: curdata
in APPPATH\Controllers\Director.php on line 449.
 1 APPPATH\Controllers\Director.php(449): CodeIgniter\Debug\Exceptions->errorHandler(8, 'Undefined variable: curdata', 'APPPATH\\Controllers\\Director.php', 449, [...])
 2 FCPATH\custom-assets\Ssp.php(51): App\Controllers\Director->App\Controllers\{closure}('0', [...])
 3 FCPATH\custom-assets\Ssp.php(293): Ssp::data_output([...], [...])
 4 APPPATH\Controllers\Director.php(487): Ssp::simple([], [...], 'select * from director where user_id="387"', 'director_id', [...])
 5 SYSTEMPATH\CodeIgniter.php(904): App\Controllers\Director->ajaxListDt()
 6 SYSTEMPATH\CodeIgniter.php(457): CodeIgniter\CodeIgniter->runController(Object(App\Controllers\Director))
 7 SYSTEMPATH\CodeIgniter.php(340): CodeIgniter\CodeIgniter->handleRequest(null, Object(Config\Cache), false)
 8 FCPATH\index.php(55): CodeIgniter\CodeIgniter->run()
 9 SYSTEMPATH\Commands\Server\rewrite.php(43): require_once('FCPATH\\index.php')
CRITICAL - 2022-08-31 19:58:11 --> A non-numeric value encountered
in APPPATH\Controllers\Director.php on line 439.
 1 APPPATH\Controllers\Director.php(439): CodeIgniter\Debug\Exceptions->errorHandler(2, 'A non-numeric value encountered', 'APPPATH\\Controllers\\Director.php', 439, [...])
 2 FCPATH\custom-assets\Ssp.php(51): App\Controllers\Director->App\Controllers\{closure}('2323', [...])
 3 FCPATH\custom-assets\Ssp.php(293): Ssp::data_output([...], [...])
 4 APPPATH\Controllers\Director.php(491): Ssp::simple([...], [...], 'select * from director where user_id="387"', 'director_id', [...])
 5 SYSTEMPATH\CodeIgniter.php(904): App\Controllers\Director->ajaxListDt()
 6 SYSTEMPATH\CodeIgniter.php(457): CodeIgniter\CodeIgniter->runController(Object(App\Controllers\Director))
 7 SYSTEMPATH\CodeIgniter.php(340): CodeIgniter\CodeIgniter->handleRequest(null, Object(Config\Cache), false)
 8 FCPATH\index.php(55): CodeIgniter\CodeIgniter->run()
 9 SYSTEMPATH\Commands\Server\rewrite.php(43): require_once('FCPATH\\index.php')
