ERROR - 2022-11-22 20:52:00 --> Error connecting to the database: mysqli_sql_exception: Connection refused in /Applications/XAMPP/xamppfiles/htdocs/Auziplan-1/system/Database/MySQLi/Connection.php:171
Stack trace:
#0 /Applications/XAMPP/xamppfiles/htdocs/Auziplan-1/system/Database/MySQLi/Connection.php(171): mysqli->real_connect('127.0.0.1', 'root', '', 'excelpla_cbp_on...', 3306, '', 0)
#1 /Applications/XAMPP/xamppfiles/htdocs/Auziplan-1/system/Database/BaseConnection.php(382): CodeIgniter\Database\MySQLi\Connection->connect(false)
#2 /Applications/XAMPP/xamppfiles/htdocs/Auziplan-1/system/Database/BaseConnection.php(588): CodeIgniter\Database\BaseConnection->initialize()
#3 /Applications/XAMPP/xamppfiles/htdocs/Auziplan-1/system/Database/BaseBuilder.php(1585): CodeIgniter\Database\BaseConnection->query('SELECT *\nFROM `...', Array, false)
#4 /Applications/XAMPP/xamppfiles/htdocs/Auziplan-1/system/Model.php(184): CodeIgniter\Database\BaseBuilder->get()
#5 /Applications/XAMPP/xamppfiles/htdocs/Auziplan-1/system/BaseModel.php(523): CodeIgniter\Model->doFind(false, NULL)
#6 /Applications/XAMPP/xamppfiles/htdocs/Auziplan-1/app/Controllers/Register.php(48): CodeIgniter\BaseModel->find()
#7 /Applications/XAMPP/xamppfiles/htdocs/Auziplan-1/system/CodeIgniter.php(904): App\Controllers\Register->doRegister()
#8 /Applications/XAMPP/xamppfiles/htdocs/Auziplan-1/system/CodeIgniter.php(457): CodeIgniter\CodeIgniter->runController(Object(App\Controllers\Register))
#9 /Applications/XAMPP/xamppfiles/htdocs/Auziplan-1/system/CodeIgniter.php(340): CodeIgniter\CodeIgniter->handleRequest(NULL, Object(Config\Cache), false)
#10 /Applications/XAMPP/xamppfiles/htdocs/Auziplan-1/public/index.php(55): CodeIgniter\CodeIgniter->run()
#11 /Applications/XAMPP/xamppfiles/htdocs/Auziplan-1/system/Commands/Server/rewrite.php(43): require_once('/Applications/X...')
#12 {main}

Next CodeIgniter\Database\Exceptions\DatabaseException: Connection refused in /Applications/XAMPP/xamppfiles/htdocs/Auziplan-1/system/Database/MySQLi/Connection.php:215
Stack trace:
#0 /Applications/XAMPP/xamppfiles/htdocs/Auziplan-1/system/Database/BaseConnection.php(382): CodeIgniter\Database\MySQLi\Connection->connect(false)
#1 /Applications/XAMPP/xamppfiles/htdocs/Auziplan-1/system/Database/BaseConnection.php(588): CodeIgniter\Database\BaseConnection->initialize()
#2 /Applications/XAMPP/xamppfiles/htdocs/Auziplan-1/system/Database/BaseBuilder.php(1585): CodeIgniter\Database\BaseConnection->query('SELECT *\nFROM `...', Array, false)
#3 /Applications/XAMPP/xamppfiles/htdocs/Auziplan-1/system/Model.php(184): CodeIgniter\Database\BaseBuilder->get()
#4 /Applications/XAMPP/xamppfiles/htdocs/Auziplan-1/system/BaseModel.php(523): CodeIgniter\Model->doFind(false, NULL)
#5 /Applications/XAMPP/xamppfiles/htdocs/Auziplan-1/app/Controllers/Register.php(48): CodeIgniter\BaseModel->find()
#6 /Applications/XAMPP/xamppfiles/htdocs/Auziplan-1/system/CodeIgniter.php(904): App\Controllers\Register->doRegister()
#7 /Applications/XAMPP/xamppfiles/htdocs/Auziplan-1/system/CodeIgniter.php(457): CodeIgniter\CodeIgniter->runController(Object(App\Controllers\Register))
#8 /Applications/XAMPP/xamppfiles/htdocs/Auziplan-1/system/CodeIgniter.php(340): CodeIgniter\CodeIgniter->handleRequest(NULL, Object(Config\Cache), false)
#9 /Applications/XAMPP/xamppfiles/htdocs/Auziplan-1/public/index.php(55): CodeIgniter\CodeIgniter->run()
#10 /Applications/XAMPP/xamppfiles/htdocs/Auziplan-1/system/Commands/Server/rewrite.php(43): require_once('/Applications/X...')
#11 {main}
CRITICAL - 2022-11-22 20:52:00 --> Unable to connect to the database.
Main connection [MySQLi]: Connection refused
in SYSTEMPATH/Database/BaseConnection.php on line 418.
 1 SYSTEMPATH/Database/BaseConnection.php(588): CodeIgniter\Database\BaseConnection->initialize()
 2 SYSTEMPATH/Database/BaseBuilder.php(1585): CodeIgniter\Database\BaseConnection->query('SELECT *
FROM `user`
WHERE `email` = :email:', [...], false)
 3 SYSTEMPATH/Model.php(184): CodeIgniter\Database\BaseBuilder->get()
 4 SYSTEMPATH/BaseModel.php(523): CodeIgniter\Model->doFind(false, null)
 5 APPPATH/Controllers/Register.php(48): CodeIgniter\BaseModel->find()
 6 SYSTEMPATH/CodeIgniter.php(904): App\Controllers\Register->doRegister()
 7 SYSTEMPATH/CodeIgniter.php(457): CodeIgniter\CodeIgniter->runController(Object(App\Controllers\Register))
 8 SYSTEMPATH/CodeIgniter.php(340): CodeIgniter\CodeIgniter->handleRequest(null, Object(Config\Cache), false)
 9 FCPATH/index.php(55): CodeIgniter\CodeIgniter->run()
10 SYSTEMPATH/Commands/Server/rewrite.php(43): require_once('FCPATH/index.php')
ERROR - 2022-11-22 20:52:04 --> Error connecting to the database: mysqli_sql_exception: Connection refused in /Applications/XAMPP/xamppfiles/htdocs/Auziplan-1/system/Database/MySQLi/Connection.php:171
Stack trace:
#0 /Applications/XAMPP/xamppfiles/htdocs/Auziplan-1/system/Database/MySQLi/Connection.php(171): mysqli->real_connect('127.0.0.1', 'root', '', 'excelpla_cbp_on...', 3306, '', 0)
#1 /Applications/XAMPP/xamppfiles/htdocs/Auziplan-1/system/Database/BaseConnection.php(382): CodeIgniter\Database\MySQLi\Connection->connect(false)
#2 /Applications/XAMPP/xamppfiles/htdocs/Auziplan-1/system/Database/BaseConnection.php(588): CodeIgniter\Database\BaseConnection->initialize()
#3 /Applications/XAMPP/xamppfiles/htdocs/Auziplan-1/system/Database/BaseBuilder.php(1585): CodeIgniter\Database\BaseConnection->query('SELECT *\nFROM `...', Array, false)
#4 /Applications/XAMPP/xamppfiles/htdocs/Auziplan-1/system/Model.php(184): CodeIgniter\Database\BaseBuilder->get()
#5 /Applications/XAMPP/xamppfiles/htdocs/Auziplan-1/system/BaseModel.php(523): CodeIgniter\Model->doFind(false, NULL)
#6 /Applications/XAMPP/xamppfiles/htdocs/Auziplan-1/app/Controllers/Register.php(48): CodeIgniter\BaseModel->find()
#7 /Applications/XAMPP/xamppfiles/htdocs/Auziplan-1/system/CodeIgniter.php(904): App\Controllers\Register->doRegister()
#8 /Applications/XAMPP/xamppfiles/htdocs/Auziplan-1/system/CodeIgniter.php(457): CodeIgniter\CodeIgniter->runController(Object(App\Controllers\Register))
#9 /Applications/XAMPP/xamppfiles/htdocs/Auziplan-1/system/CodeIgniter.php(340): CodeIgniter\CodeIgniter->handleRequest(NULL, Object(Config\Cache), false)
#10 /Applications/XAMPP/xamppfiles/htdocs/Auziplan-1/public/index.php(55): CodeIgniter\CodeIgniter->run()
#11 /Applications/XAMPP/xamppfiles/htdocs/Auziplan-1/system/Commands/Server/rewrite.php(43): require_once('/Applications/X...')
#12 {main}

Next CodeIgniter\Database\Exceptions\DatabaseException: Connection refused in /Applications/XAMPP/xamppfiles/htdocs/Auziplan-1/system/Database/MySQLi/Connection.php:215
Stack trace:
#0 /Applications/XAMPP/xamppfiles/htdocs/Auziplan-1/system/Database/BaseConnection.php(382): CodeIgniter\Database\MySQLi\Connection->connect(false)
#1 /Applications/XAMPP/xamppfiles/htdocs/Auziplan-1/system/Database/BaseConnection.php(588): CodeIgniter\Database\BaseConnection->initialize()
#2 /Applications/XAMPP/xamppfiles/htdocs/Auziplan-1/system/Database/BaseBuilder.php(1585): CodeIgniter\Database\BaseConnection->query('SELECT *\nFROM `...', Array, false)
#3 /Applications/XAMPP/xamppfiles/htdocs/Auziplan-1/system/Model.php(184): CodeIgniter\Database\BaseBuilder->get()
#4 /Applications/XAMPP/xamppfiles/htdocs/Auziplan-1/system/BaseModel.php(523): CodeIgniter\Model->doFind(false, NULL)
#5 /Applications/XAMPP/xamppfiles/htdocs/Auziplan-1/app/Controllers/Register.php(48): CodeIgniter\BaseModel->find()
#6 /Applications/XAMPP/xamppfiles/htdocs/Auziplan-1/system/CodeIgniter.php(904): App\Controllers\Register->doRegister()
#7 /Applications/XAMPP/xamppfiles/htdocs/Auziplan-1/system/CodeIgniter.php(457): CodeIgniter\CodeIgniter->runController(Object(App\Controllers\Register))
#8 /Applications/XAMPP/xamppfiles/htdocs/Auziplan-1/system/CodeIgniter.php(340): CodeIgniter\CodeIgniter->handleRequest(NULL, Object(Config\Cache), false)
#9 /Applications/XAMPP/xamppfiles/htdocs/Auziplan-1/public/index.php(55): CodeIgniter\CodeIgniter->run()
#10 /Applications/XAMPP/xamppfiles/htdocs/Auziplan-1/system/Commands/Server/rewrite.php(43): require_once('/Applications/X...')
#11 {main}
CRITICAL - 2022-11-22 20:52:04 --> Unable to connect to the database.
Main connection [MySQLi]: Connection refused
in SYSTEMPATH/Database/BaseConnection.php on line 418.
 1 SYSTEMPATH/Database/BaseConnection.php(588): CodeIgniter\Database\BaseConnection->initialize()
 2 SYSTEMPATH/Database/BaseBuilder.php(1585): CodeIgniter\Database\BaseConnection->query('SELECT *
FROM `user`
WHERE `email` = :email:', [...], false)
 3 SYSTEMPATH/Model.php(184): CodeIgniter\Database\BaseBuilder->get()
 4 SYSTEMPATH/BaseModel.php(523): CodeIgniter\Model->doFind(false, null)
 5 APPPATH/Controllers/Register.php(48): CodeIgniter\BaseModel->find()
 6 SYSTEMPATH/CodeIgniter.php(904): App\Controllers\Register->doRegister()
 7 SYSTEMPATH/CodeIgniter.php(457): CodeIgniter\CodeIgniter->runController(Object(App\Controllers\Register))
 8 SYSTEMPATH/CodeIgniter.php(340): CodeIgniter\CodeIgniter->handleRequest(null, Object(Config\Cache), false)
 9 FCPATH/index.php(55): CodeIgniter\CodeIgniter->run()
10 SYSTEMPATH/Commands/Server/rewrite.php(43): require_once('FCPATH/index.php')
ERROR - 2022-11-22 20:52:09 --> Error connecting to the database: mysqli_sql_exception: Connection refused in /Applications/XAMPP/xamppfiles/htdocs/Auziplan-1/system/Database/MySQLi/Connection.php:171
Stack trace:
#0 /Applications/XAMPP/xamppfiles/htdocs/Auziplan-1/system/Database/MySQLi/Connection.php(171): mysqli->real_connect('127.0.0.1', 'root', '', 'excelpla_cbp_on...', 3306, '', 0)
#1 /Applications/XAMPP/xamppfiles/htdocs/Auziplan-1/system/Database/BaseConnection.php(382): CodeIgniter\Database\MySQLi\Connection->connect(false)
#2 /Applications/XAMPP/xamppfiles/htdocs/Auziplan-1/system/Database/BaseConnection.php(588): CodeIgniter\Database\BaseConnection->initialize()
#3 /Applications/XAMPP/xamppfiles/htdocs/Auziplan-1/system/Database/BaseBuilder.php(1585): CodeIgniter\Database\BaseConnection->query('SELECT *\nFROM `...', Array, false)
#4 /Applications/XAMPP/xamppfiles/htdocs/Auziplan-1/system/Model.php(184): CodeIgniter\Database\BaseBuilder->get()
#5 /Applications/XAMPP/xamppfiles/htdocs/Auziplan-1/system/BaseModel.php(523): CodeIgniter\Model->doFind(false, NULL)
#6 /Applications/XAMPP/xamppfiles/htdocs/Auziplan-1/app/Controllers/Register.php(48): CodeIgniter\BaseModel->find()
#7 /Applications/XAMPP/xamppfiles/htdocs/Auziplan-1/system/CodeIgniter.php(904): App\Controllers\Register->doRegister()
#8 /Applications/XAMPP/xamppfiles/htdocs/Auziplan-1/system/CodeIgniter.php(457): CodeIgniter\CodeIgniter->runController(Object(App\Controllers\Register))
#9 /Applications/XAMPP/xamppfiles/htdocs/Auziplan-1/system/CodeIgniter.php(340): CodeIgniter\CodeIgniter->handleRequest(NULL, Object(Config\Cache), false)
#10 /Applications/XAMPP/xamppfiles/htdocs/Auziplan-1/public/index.php(55): CodeIgniter\CodeIgniter->run()
#11 /Applications/XAMPP/xamppfiles/htdocs/Auziplan-1/system/Commands/Server/rewrite.php(43): require_once('/Applications/X...')
#12 {main}

Next CodeIgniter\Database\Exceptions\DatabaseException: Connection refused in /Applications/XAMPP/xamppfiles/htdocs/Auziplan-1/system/Database/MySQLi/Connection.php:215
Stack trace:
#0 /Applications/XAMPP/xamppfiles/htdocs/Auziplan-1/system/Database/BaseConnection.php(382): CodeIgniter\Database\MySQLi\Connection->connect(false)
#1 /Applications/XAMPP/xamppfiles/htdocs/Auziplan-1/system/Database/BaseConnection.php(588): CodeIgniter\Database\BaseConnection->initialize()
#2 /Applications/XAMPP/xamppfiles/htdocs/Auziplan-1/system/Database/BaseBuilder.php(1585): CodeIgniter\Database\BaseConnection->query('SELECT *\nFROM `...', Array, false)
#3 /Applications/XAMPP/xamppfiles/htdocs/Auziplan-1/system/Model.php(184): CodeIgniter\Database\BaseBuilder->get()
#4 /Applications/XAMPP/xamppfiles/htdocs/Auziplan-1/system/BaseModel.php(523): CodeIgniter\Model->doFind(false, NULL)
#5 /Applications/XAMPP/xamppfiles/htdocs/Auziplan-1/app/Controllers/Register.php(48): CodeIgniter\BaseModel->find()
#6 /Applications/XAMPP/xamppfiles/htdocs/Auziplan-1/system/CodeIgniter.php(904): App\Controllers\Register->doRegister()
#7 /Applications/XAMPP/xamppfiles/htdocs/Auziplan-1/system/CodeIgniter.php(457): CodeIgniter\CodeIgniter->runController(Object(App\Controllers\Register))
#8 /Applications/XAMPP/xamppfiles/htdocs/Auziplan-1/system/CodeIgniter.php(340): CodeIgniter\CodeIgniter->handleRequest(NULL, Object(Config\Cache), false)
#9 /Applications/XAMPP/xamppfiles/htdocs/Auziplan-1/public/index.php(55): CodeIgniter\CodeIgniter->run()
#10 /Applications/XAMPP/xamppfiles/htdocs/Auziplan-1/system/Commands/Server/rewrite.php(43): require_once('/Applications/X...')
#11 {main}
CRITICAL - 2022-11-22 20:52:09 --> Unable to connect to the database.
Main connection [MySQLi]: Connection refused
in SYSTEMPATH/Database/BaseConnection.php on line 418.
 1 SYSTEMPATH/Database/BaseConnection.php(588): CodeIgniter\Database\BaseConnection->initialize()
 2 SYSTEMPATH/Database/BaseBuilder.php(1585): CodeIgniter\Database\BaseConnection->query('SELECT *
FROM `user`
WHERE `email` = :email:', [...], false)
 3 SYSTEMPATH/Model.php(184): CodeIgniter\Database\BaseBuilder->get()
 4 SYSTEMPATH/BaseModel.php(523): CodeIgniter\Model->doFind(false, null)
 5 APPPATH/Controllers/Register.php(48): CodeIgniter\BaseModel->find()
 6 SYSTEMPATH/CodeIgniter.php(904): App\Controllers\Register->doRegister()
 7 SYSTEMPATH/CodeIgniter.php(457): CodeIgniter\CodeIgniter->runController(Object(App\Controllers\Register))
 8 SYSTEMPATH/CodeIgniter.php(340): CodeIgniter\CodeIgniter->handleRequest(null, Object(Config\Cache), false)
 9 FCPATH/index.php(55): CodeIgniter\CodeIgniter->run()
10 SYSTEMPATH/Commands/Server/rewrite.php(43): require_once('FCPATH/index.php')
ERROR - 2022-11-22 20:52:09 --> Error connecting to the database: mysqli_sql_exception: Connection refused in /Applications/XAMPP/xamppfiles/htdocs/Auziplan-1/system/Database/MySQLi/Connection.php:171
Stack trace:
#0 /Applications/XAMPP/xamppfiles/htdocs/Auziplan-1/system/Database/MySQLi/Connection.php(171): mysqli->real_connect('127.0.0.1', 'root', '', 'excelpla_cbp_on...', 3306, '', 0)
#1 /Applications/XAMPP/xamppfiles/htdocs/Auziplan-1/system/Database/BaseConnection.php(382): CodeIgniter\Database\MySQLi\Connection->connect(false)
#2 /Applications/XAMPP/xamppfiles/htdocs/Auziplan-1/system/Database/BaseConnection.php(588): CodeIgniter\Database\BaseConnection->initialize()
#3 /Applications/XAMPP/xamppfiles/htdocs/Auziplan-1/system/Database/BaseBuilder.php(1585): CodeIgniter\Database\BaseConnection->query('SELECT *\nFROM `...', Array, false)
#4 /Applications/XAMPP/xamppfiles/htdocs/Auziplan-1/system/Model.php(184): CodeIgniter\Database\BaseBuilder->get()
#5 /Applications/XAMPP/xamppfiles/htdocs/Auziplan-1/system/BaseModel.php(523): CodeIgniter\Model->doFind(false, NULL)
#6 /Applications/XAMPP/xamppfiles/htdocs/Auziplan-1/app/Controllers/Register.php(48): CodeIgniter\BaseModel->find()
#7 /Applications/XAMPP/xamppfiles/htdocs/Auziplan-1/system/CodeIgniter.php(904): App\Controllers\Register->doRegister()
#8 /Applications/XAMPP/xamppfiles/htdocs/Auziplan-1/system/CodeIgniter.php(457): CodeIgniter\CodeIgniter->runController(Object(App\Controllers\Register))
#9 /Applications/XAMPP/xamppfiles/htdocs/Auziplan-1/system/CodeIgniter.php(340): CodeIgniter\CodeIgniter->handleRequest(NULL, Object(Config\Cache), false)
#10 /Applications/XAMPP/xamppfiles/htdocs/Auziplan-1/public/index.php(55): CodeIgniter\CodeIgniter->run()
#11 /Applications/XAMPP/xamppfiles/htdocs/Auziplan-1/system/Commands/Server/rewrite.php(43): require_once('/Applications/X...')
#12 {main}

Next CodeIgniter\Database\Exceptions\DatabaseException: Connection refused in /Applications/XAMPP/xamppfiles/htdocs/Auziplan-1/system/Database/MySQLi/Connection.php:215
Stack trace:
#0 /Applications/XAMPP/xamppfiles/htdocs/Auziplan-1/system/Database/BaseConnection.php(382): CodeIgniter\Database\MySQLi\Connection->connect(false)
#1 /Applications/XAMPP/xamppfiles/htdocs/Auziplan-1/system/Database/BaseConnection.php(588): CodeIgniter\Database\BaseConnection->initialize()
#2 /Applications/XAMPP/xamppfiles/htdocs/Auziplan-1/system/Database/BaseBuilder.php(1585): CodeIgniter\Database\BaseConnection->query('SELECT *\nFROM `...', Array, false)
#3 /Applications/XAMPP/xamppfiles/htdocs/Auziplan-1/system/Model.php(184): CodeIgniter\Database\BaseBuilder->get()
#4 /Applications/XAMPP/xamppfiles/htdocs/Auziplan-1/system/BaseModel.php(523): CodeIgniter\Model->doFind(false, NULL)
#5 /Applications/XAMPP/xamppfiles/htdocs/Auziplan-1/app/Controllers/Register.php(48): CodeIgniter\BaseModel->find()
#6 /Applications/XAMPP/xamppfiles/htdocs/Auziplan-1/system/CodeIgniter.php(904): App\Controllers\Register->doRegister()
#7 /Applications/XAMPP/xamppfiles/htdocs/Auziplan-1/system/CodeIgniter.php(457): CodeIgniter\CodeIgniter->runController(Object(App\Controllers\Register))
#8 /Applications/XAMPP/xamppfiles/htdocs/Auziplan-1/system/CodeIgniter.php(340): CodeIgniter\CodeIgniter->handleRequest(NULL, Object(Config\Cache), false)
#9 /Applications/XAMPP/xamppfiles/htdocs/Auziplan-1/public/index.php(55): CodeIgniter\CodeIgniter->run()
#10 /Applications/XAMPP/xamppfiles/htdocs/Auziplan-1/system/Commands/Server/rewrite.php(43): require_once('/Applications/X...')
#11 {main}
CRITICAL - 2022-11-22 20:52:09 --> Unable to connect to the database.
Main connection [MySQLi]: Connection refused
in SYSTEMPATH/Database/BaseConnection.php on line 418.
 1 SYSTEMPATH/Database/BaseConnection.php(588): CodeIgniter\Database\BaseConnection->initialize()
 2 SYSTEMPATH/Database/BaseBuilder.php(1585): CodeIgniter\Database\BaseConnection->query('SELECT *
FROM `user`
WHERE `email` = :email:', [...], false)
 3 SYSTEMPATH/Model.php(184): CodeIgniter\Database\BaseBuilder->get()
 4 SYSTEMPATH/BaseModel.php(523): CodeIgniter\Model->doFind(false, null)
 5 APPPATH/Controllers/Register.php(48): CodeIgniter\BaseModel->find()
 6 SYSTEMPATH/CodeIgniter.php(904): App\Controllers\Register->doRegister()
 7 SYSTEMPATH/CodeIgniter.php(457): CodeIgniter\CodeIgniter->runController(Object(App\Controllers\Register))
 8 SYSTEMPATH/CodeIgniter.php(340): CodeIgniter\CodeIgniter->handleRequest(null, Object(Config\Cache), false)
 9 FCPATH/index.php(55): CodeIgniter\CodeIgniter->run()
10 SYSTEMPATH/Commands/Server/rewrite.php(43): require_once('FCPATH/index.php')
ERROR - 2022-11-22 20:52:09 --> Error connecting to the database: mysqli_sql_exception: Connection refused in /Applications/XAMPP/xamppfiles/htdocs/Auziplan-1/system/Database/MySQLi/Connection.php:171
Stack trace:
#0 /Applications/XAMPP/xamppfiles/htdocs/Auziplan-1/system/Database/MySQLi/Connection.php(171): mysqli->real_connect('127.0.0.1', 'root', '', 'excelpla_cbp_on...', 3306, '', 0)
#1 /Applications/XAMPP/xamppfiles/htdocs/Auziplan-1/system/Database/BaseConnection.php(382): CodeIgniter\Database\MySQLi\Connection->connect(false)
#2 /Applications/XAMPP/xamppfiles/htdocs/Auziplan-1/system/Database/BaseConnection.php(588): CodeIgniter\Database\BaseConnection->initialize()
#3 /Applications/XAMPP/xamppfiles/htdocs/Auziplan-1/system/Database/BaseBuilder.php(1585): CodeIgniter\Database\BaseConnection->query('SELECT *\nFROM `...', Array, false)
#4 /Applications/XAMPP/xamppfiles/htdocs/Auziplan-1/system/Model.php(184): CodeIgniter\Database\BaseBuilder->get()
#5 /Applications/XAMPP/xamppfiles/htdocs/Auziplan-1/system/BaseModel.php(523): CodeIgniter\Model->doFind(false, NULL)
#6 /Applications/XAMPP/xamppfiles/htdocs/Auziplan-1/app/Controllers/Register.php(48): CodeIgniter\BaseModel->find()
#7 /Applications/XAMPP/xamppfiles/htdocs/Auziplan-1/system/CodeIgniter.php(904): App\Controllers\Register->doRegister()
#8 /Applications/XAMPP/xamppfiles/htdocs/Auziplan-1/system/CodeIgniter.php(457): CodeIgniter\CodeIgniter->runController(Object(App\Controllers\Register))
#9 /Applications/XAMPP/xamppfiles/htdocs/Auziplan-1/system/CodeIgniter.php(340): CodeIgniter\CodeIgniter->handleRequest(NULL, Object(Config\Cache), false)
#10 /Applications/XAMPP/xamppfiles/htdocs/Auziplan-1/public/index.php(55): CodeIgniter\CodeIgniter->run()
#11 /Applications/XAMPP/xamppfiles/htdocs/Auziplan-1/system/Commands/Server/rewrite.php(43): require_once('/Applications/X...')
#12 {main}

Next CodeIgniter\Database\Exceptions\DatabaseException: Connection refused in /Applications/XAMPP/xamppfiles/htdocs/Auziplan-1/system/Database/MySQLi/Connection.php:215
Stack trace:
#0 /Applications/XAMPP/xamppfiles/htdocs/Auziplan-1/system/Database/BaseConnection.php(382): CodeIgniter\Database\MySQLi\Connection->connect(false)
#1 /Applications/XAMPP/xamppfiles/htdocs/Auziplan-1/system/Database/BaseConnection.php(588): CodeIgniter\Database\BaseConnection->initialize()
#2 /Applications/XAMPP/xamppfiles/htdocs/Auziplan-1/system/Database/BaseBuilder.php(1585): CodeIgniter\Database\BaseConnection->query('SELECT *\nFROM `...', Array, false)
#3 /Applications/XAMPP/xamppfiles/htdocs/Auziplan-1/system/Model.php(184): CodeIgniter\Database\BaseBuilder->get()
#4 /Applications/XAMPP/xamppfiles/htdocs/Auziplan-1/system/BaseModel.php(523): CodeIgniter\Model->doFind(false, NULL)
#5 /Applications/XAMPP/xamppfiles/htdocs/Auziplan-1/app/Controllers/Register.php(48): CodeIgniter\BaseModel->find()
#6 /Applications/XAMPP/xamppfiles/htdocs/Auziplan-1/system/CodeIgniter.php(904): App\Controllers\Register->doRegister()
#7 /Applications/XAMPP/xamppfiles/htdocs/Auziplan-1/system/CodeIgniter.php(457): CodeIgniter\CodeIgniter->runController(Object(App\Controllers\Register))
#8 /Applications/XAMPP/xamppfiles/htdocs/Auziplan-1/system/CodeIgniter.php(340): CodeIgniter\CodeIgniter->handleRequest(NULL, Object(Config\Cache), false)
#9 /Applications/XAMPP/xamppfiles/htdocs/Auziplan-1/public/index.php(55): CodeIgniter\CodeIgniter->run()
#10 /Applications/XAMPP/xamppfiles/htdocs/Auziplan-1/system/Commands/Server/rewrite.php(43): require_once('/Applications/X...')
#11 {main}
CRITICAL - 2022-11-22 20:52:09 --> Unable to connect to the database.
Main connection [MySQLi]: Connection refused
in SYSTEMPATH/Database/BaseConnection.php on line 418.
 1 SYSTEMPATH/Database/BaseConnection.php(588): CodeIgniter\Database\BaseConnection->initialize()
 2 SYSTEMPATH/Database/BaseBuilder.php(1585): CodeIgniter\Database\BaseConnection->query('SELECT *
FROM `user`
WHERE `email` = :email:', [...], false)
 3 SYSTEMPATH/Model.php(184): CodeIgniter\Database\BaseBuilder->get()
 4 SYSTEMPATH/BaseModel.php(523): CodeIgniter\Model->doFind(false, null)
 5 APPPATH/Controllers/Register.php(48): CodeIgniter\BaseModel->find()
 6 SYSTEMPATH/CodeIgniter.php(904): App\Controllers\Register->doRegister()
 7 SYSTEMPATH/CodeIgniter.php(457): CodeIgniter\CodeIgniter->runController(Object(App\Controllers\Register))
 8 SYSTEMPATH/CodeIgniter.php(340): CodeIgniter\CodeIgniter->handleRequest(null, Object(Config\Cache), false)
 9 FCPATH/index.php(55): CodeIgniter\CodeIgniter->run()
10 SYSTEMPATH/Commands/Server/rewrite.php(43): require_once('FCPATH/index.php')
ERROR - 2022-11-22 20:52:09 --> Error connecting to the database: mysqli_sql_exception: Connection refused in /Applications/XAMPP/xamppfiles/htdocs/Auziplan-1/system/Database/MySQLi/Connection.php:171
Stack trace:
#0 /Applications/XAMPP/xamppfiles/htdocs/Auziplan-1/system/Database/MySQLi/Connection.php(171): mysqli->real_connect('127.0.0.1', 'root', '', 'excelpla_cbp_on...', 3306, '', 0)
#1 /Applications/XAMPP/xamppfiles/htdocs/Auziplan-1/system/Database/BaseConnection.php(382): CodeIgniter\Database\MySQLi\Connection->connect(false)
#2 /Applications/XAMPP/xamppfiles/htdocs/Auziplan-1/system/Database/BaseConnection.php(588): CodeIgniter\Database\BaseConnection->initialize()
#3 /Applications/XAMPP/xamppfiles/htdocs/Auziplan-1/system/Database/BaseBuilder.php(1585): CodeIgniter\Database\BaseConnection->query('SELECT *\nFROM `...', Array, false)
#4 /Applications/XAMPP/xamppfiles/htdocs/Auziplan-1/system/Model.php(184): CodeIgniter\Database\BaseBuilder->get()
#5 /Applications/XAMPP/xamppfiles/htdocs/Auziplan-1/system/BaseModel.php(523): CodeIgniter\Model->doFind(false, NULL)
#6 /Applications/XAMPP/xamppfiles/htdocs/Auziplan-1/app/Controllers/Register.php(48): CodeIgniter\BaseModel->find()
#7 /Applications/XAMPP/xamppfiles/htdocs/Auziplan-1/system/CodeIgniter.php(904): App\Controllers\Register->doRegister()
#8 /Applications/XAMPP/xamppfiles/htdocs/Auziplan-1/system/CodeIgniter.php(457): CodeIgniter\CodeIgniter->runController(Object(App\Controllers\Register))
#9 /Applications/XAMPP/xamppfiles/htdocs/Auziplan-1/system/CodeIgniter.php(340): CodeIgniter\CodeIgniter->handleRequest(NULL, Object(Config\Cache), false)
#10 /Applications/XAMPP/xamppfiles/htdocs/Auziplan-1/public/index.php(55): CodeIgniter\CodeIgniter->run()
#11 /Applications/XAMPP/xamppfiles/htdocs/Auziplan-1/system/Commands/Server/rewrite.php(43): require_once('/Applications/X...')
#12 {main}

Next CodeIgniter\Database\Exceptions\DatabaseException: Connection refused in /Applications/XAMPP/xamppfiles/htdocs/Auziplan-1/system/Database/MySQLi/Connection.php:215
Stack trace:
#0 /Applications/XAMPP/xamppfiles/htdocs/Auziplan-1/system/Database/BaseConnection.php(382): CodeIgniter\Database\MySQLi\Connection->connect(false)
#1 /Applications/XAMPP/xamppfiles/htdocs/Auziplan-1/system/Database/BaseConnection.php(588): CodeIgniter\Database\BaseConnection->initialize()
#2 /Applications/XAMPP/xamppfiles/htdocs/Auziplan-1/system/Database/BaseBuilder.php(1585): CodeIgniter\Database\BaseConnection->query('SELECT *\nFROM `...', Array, false)
#3 /Applications/XAMPP/xamppfiles/htdocs/Auziplan-1/system/Model.php(184): CodeIgniter\Database\BaseBuilder->get()
#4 /Applications/XAMPP/xamppfiles/htdocs/Auziplan-1/system/BaseModel.php(523): CodeIgniter\Model->doFind(false, NULL)
#5 /Applications/XAMPP/xamppfiles/htdocs/Auziplan-1/app/Controllers/Register.php(48): CodeIgniter\BaseModel->find()
#6 /Applications/XAMPP/xamppfiles/htdocs/Auziplan-1/system/CodeIgniter.php(904): App\Controllers\Register->doRegister()
#7 /Applications/XAMPP/xamppfiles/htdocs/Auziplan-1/system/CodeIgniter.php(457): CodeIgniter\CodeIgniter->runController(Object(App\Controllers\Register))
#8 /Applications/XAMPP/xamppfiles/htdocs/Auziplan-1/system/CodeIgniter.php(340): CodeIgniter\CodeIgniter->handleRequest(NULL, Object(Config\Cache), false)
#9 /Applications/XAMPP/xamppfiles/htdocs/Auziplan-1/public/index.php(55): CodeIgniter\CodeIgniter->run()
#10 /Applications/XAMPP/xamppfiles/htdocs/Auziplan-1/system/Commands/Server/rewrite.php(43): require_once('/Applications/X...')
#11 {main}
CRITICAL - 2022-11-22 20:52:09 --> Unable to connect to the database.
Main connection [MySQLi]: Connection refused
in SYSTEMPATH/Database/BaseConnection.php on line 418.
 1 SYSTEMPATH/Database/BaseConnection.php(588): CodeIgniter\Database\BaseConnection->initialize()
 2 SYSTEMPATH/Database/BaseBuilder.php(1585): CodeIgniter\Database\BaseConnection->query('SELECT *
FROM `user`
WHERE `email` = :email:', [...], false)
 3 SYSTEMPATH/Model.php(184): CodeIgniter\Database\BaseBuilder->get()
 4 SYSTEMPATH/BaseModel.php(523): CodeIgniter\Model->doFind(false, null)
 5 APPPATH/Controllers/Register.php(48): CodeIgniter\BaseModel->find()
 6 SYSTEMPATH/CodeIgniter.php(904): App\Controllers\Register->doRegister()
 7 SYSTEMPATH/CodeIgniter.php(457): CodeIgniter\CodeIgniter->runController(Object(App\Controllers\Register))
 8 SYSTEMPATH/CodeIgniter.php(340): CodeIgniter\CodeIgniter->handleRequest(null, Object(Config\Cache), false)
 9 FCPATH/index.php(55): CodeIgniter\CodeIgniter->run()
10 SYSTEMPATH/Commands/Server/rewrite.php(43): require_once('FCPATH/index.php')
