CRITICAL - 2023-02-19 19:59:03 --> file_get_contents(/Applications/XAMPP/xamppfiles/htdocs/Auziplan-1/writable/uploads/20230219/1676854341_34a242bbb99138592615.jpg): Failed to open stream: No such file or directory
in APPPATH/Controllers/Uploadfile.php on line 28.
 1 [internal function]: CodeIgniter\Debug\Exceptions->errorHandler(2, 'file_get_contents(/Applications/XAMPP/xamppfiles/htdocs/Auziplan-1/writable/uploads/20230219/1676854341_34a242bbb99138592615.jpg): Failed to open stream: No such file or directory', 'APPPATH/Controllers/Uploadfile.php', 28)
 2 APPPATH/Controllers/Uploadfile.php(28): file_get_contents('ROOTPATH/writable/uploads/20230219/1676854341_34a242bbb99138592615.jpg')
 3 SYSTEMPATH/CodeIgniter.php(904): App\Controllers\Uploadfile->index('20230219', '1676854341_34a242bbb99138592615.jpg')
 4 SYSTEMPATH/CodeIgniter.php(457): CodeIgniter\CodeIgniter->runController(Object(App\Controllers\Uploadfile))
 5 SYSTEMPATH/CodeIgniter.php(340): CodeIgniter\CodeIgniter->handleRequest(null, Object(Config\Cache), false)
 6 FCPATH/index.php(55): CodeIgniter\CodeIgniter->run()
 7 SYSTEMPATH/Commands/Server/rewrite.php(43): require_once('FCPATH/index.php')
CRITICAL - 2023-02-19 19:59:03 --> file_get_contents(/Applications/XAMPP/xamppfiles/htdocs/Auziplan-1/writable/uploads/20230219/1676854341_34a242bbb99138592615.jpg): Failed to open stream: No such file or directory
in APPPATH/Controllers/Uploadfile.php on line 28.
 1 [internal function]: CodeIgniter\Debug\Exceptions->errorHandler(2, 'file_get_contents(/Applications/XAMPP/xamppfiles/htdocs/Auziplan-1/writable/uploads/20230219/1676854341_34a242bbb99138592615.jpg): Failed to open stream: No such file or directory', 'APPPATH/Controllers/Uploadfile.php', 28)
 2 APPPATH/Controllers/Uploadfile.php(28): file_get_contents('ROOTPATH/writable/uploads/20230219/1676854341_34a242bbb99138592615.jpg')
 3 SYSTEMPATH/CodeIgniter.php(904): App\Controllers\Uploadfile->index('20230219', '1676854341_34a242bbb99138592615.jpg')
 4 SYSTEMPATH/CodeIgniter.php(457): CodeIgniter\CodeIgniter->runController(Object(App\Controllers\Uploadfile))
 5 SYSTEMPATH/CodeIgniter.php(340): CodeIgniter\CodeIgniter->handleRequest(null, Object(Config\Cache), false)
 6 FCPATH/index.php(55): CodeIgniter\CodeIgniter->run()
 7 SYSTEMPATH/Commands/Server/rewrite.php(43): require_once('FCPATH/index.php')
CRITICAL - 2023-02-19 19:59:06 --> file_get_contents(/Applications/XAMPP/xamppfiles/htdocs/Auziplan-1/writable/uploads/20230219/1676854341_34a242bbb99138592615.jpg): Failed to open stream: No such file or directory
in APPPATH/Controllers/Uploadfile.php on line 28.
 1 [internal function]: CodeIgniter\Debug\Exceptions->errorHandler(2, 'file_get_contents(/Applications/XAMPP/xamppfiles/htdocs/Auziplan-1/writable/uploads/20230219/1676854341_34a242bbb99138592615.jpg): Failed to open stream: No such file or directory', 'APPPATH/Controllers/Uploadfile.php', 28)
 2 APPPATH/Controllers/Uploadfile.php(28): file_get_contents('ROOTPATH/writable/uploads/20230219/1676854341_34a242bbb99138592615.jpg')
 3 SYSTEMPATH/CodeIgniter.php(904): App\Controllers\Uploadfile->index('20230219', '1676854341_34a242bbb99138592615.jpg')
 4 SYSTEMPATH/CodeIgniter.php(457): CodeIgniter\CodeIgniter->runController(Object(App\Controllers\Uploadfile))
 5 SYSTEMPATH/CodeIgniter.php(340): CodeIgniter\CodeIgniter->handleRequest(null, Object(Config\Cache), false)
 6 FCPATH/index.php(55): CodeIgniter\CodeIgniter->run()
 7 SYSTEMPATH/Commands/Server/rewrite.php(43): require_once('FCPATH/index.php')
