CRITICAL - 2022-09-06 11:37:47 --> Undefined variable $total_month
in APPPATH\Views\analysis_reports\business_health.php on line 295.
 1 APPPATH\Views\analysis_reports\business_health.php(295): CodeIgniter\Debug\Exceptions->errorHandler()
 2 SYSTEMPATH\View\View.php(213): include('APPPATH\\Views\\analysis_reports\\business_health.php')
 3 SYSTEMPATH\View\View.php(216): CodeIgniter\View\View->CodeIgniter\View\{closure}()
 4 SYSTEMPATH\Common.php(1137): CodeIgniter\View\View->render()
 5 APPPATH\Views\analysis.php(73): view()
 6 SYSTEMPATH\View\View.php(213): include('APPPATH\\Views\\analysis.php')
 7 SYSTEMPATH\View\View.php(216): CodeIgniter\View\View->CodeIgniter\View\{closure}()
 8 SYSTEMPATH\Common.php(1137): CodeIgniter\View\View->render()
 9 APPPATH\Controllers\Analysis.php(47): view()
10 SYSTEMPATH\CodeIgniter.php(904): App\Controllers\Analysis->index()
11 SYSTEMPATH\CodeIgniter.php(457): CodeIgniter\CodeIgniter->runController()
12 SYSTEMPATH\CodeIgniter.php(340): CodeIgniter\CodeIgniter->handleRequest()
13 FCPATH\index.php(55): CodeIgniter\CodeIgniter->run()
14 SYSTEMPATH\Commands\Server\rewrite.php(43): require_once('FCPATH\\index.php')
CRITICAL - 2022-09-06 15:58:01 --> Call to undefined function App\Controllers\mime_content_type()
in APPPATH\Controllers\Uploadfile.php on line 14.
 1 SYSTEMPATH\CodeIgniter.php(904): App\Controllers\Uploadfile->index()
 2 SYSTEMPATH\CodeIgniter.php(457): CodeIgniter\CodeIgniter->runController()
 3 SYSTEMPATH\CodeIgniter.php(340): CodeIgniter\CodeIgniter->handleRequest()
 4 FCPATH\index.php(55): CodeIgniter\CodeIgniter->run()
 5 SYSTEMPATH\Commands\Server\rewrite.php(43): require_once('FCPATH\\index.php')
CRITICAL - 2022-09-06 15:59:15 --> Call to undefined function App\Controllers\mime_content_type()
in APPPATH\Controllers\Uploadfile.php on line 14.
 1 SYSTEMPATH\CodeIgniter.php(904): App\Controllers\Uploadfile->index()
 2 SYSTEMPATH\CodeIgniter.php(457): CodeIgniter\CodeIgniter->runController()
 3 SYSTEMPATH\CodeIgniter.php(340): CodeIgniter\CodeIgniter->handleRequest()
 4 FCPATH\index.php(55): CodeIgniter\CodeIgniter->run()
 5 SYSTEMPATH\Commands\Server\rewrite.php(43): require_once('FCPATH\\index.php')
CRITICAL - 2022-09-06 16:00:34 --> Call to undefined function App\Controllers\mime_content_type()
in APPPATH\Controllers\Uploadfile.php on line 14.
 1 SYSTEMPATH\CodeIgniter.php(904): App\Controllers\Uploadfile->index()
 2 SYSTEMPATH\CodeIgniter.php(457): CodeIgniter\CodeIgniter->runController()
 3 SYSTEMPATH\CodeIgniter.php(340): CodeIgniter\CodeIgniter->handleRequest()
 4 FCPATH\index.php(55): CodeIgniter\CodeIgniter->run()
 5 SYSTEMPATH\Commands\Server\rewrite.php(43): require_once('FCPATH\\index.php')
CRITICAL - 2022-09-06 16:05:44 --> Call to undefined function App\Controllers\mime_content_type()
in APPPATH\Controllers\Uploadfile.php on line 14.
 1 SYSTEMPATH\CodeIgniter.php(904): App\Controllers\Uploadfile->index()
 2 SYSTEMPATH\CodeIgniter.php(457): CodeIgniter\CodeIgniter->runController()
 3 SYSTEMPATH\CodeIgniter.php(340): CodeIgniter\CodeIgniter->handleRequest()
 4 FCPATH\index.php(55): CodeIgniter\CodeIgniter->run()
 5 SYSTEMPATH\Commands\Server\rewrite.php(43): require_once('FCPATH\\index.php')
CRITICAL - 2022-09-06 16:06:03 --> Call to undefined function App\Controllers\mime_content_type()
in APPPATH\Controllers\Uploadfile.php on line 14.
 1 SYSTEMPATH\CodeIgniter.php(904): App\Controllers\Uploadfile->index()
 2 SYSTEMPATH\CodeIgniter.php(457): CodeIgniter\CodeIgniter->runController()
 3 SYSTEMPATH\CodeIgniter.php(340): CodeIgniter\CodeIgniter->handleRequest()
 4 FCPATH\index.php(55): CodeIgniter\CodeIgniter->run()
 5 SYSTEMPATH\Commands\Server\rewrite.php(43): require_once('FCPATH\\index.php')
CRITICAL - 2022-09-06 16:08:33 --> Array to string conversion
in APPPATH\Controllers\Uploadfile.php on line 16.
 1 APPPATH\Controllers\Uploadfile.php(16): CodeIgniter\Debug\Exceptions->errorHandler()
 2 SYSTEMPATH\CodeIgniter.php(904): App\Controllers\Uploadfile->index()
 3 SYSTEMPATH\CodeIgniter.php(457): CodeIgniter\CodeIgniter->runController()
 4 SYSTEMPATH\CodeIgniter.php(340): CodeIgniter\CodeIgniter->handleRequest()
 5 FCPATH\index.php(55): CodeIgniter\CodeIgniter->run()
 6 SYSTEMPATH\Commands\Server\rewrite.php(43): require_once('FCPATH\\index.php')
CRITICAL - 2022-09-06 16:09:14 --> Array to string conversion
in APPPATH\Controllers\Uploadfile.php on line 16.
 1 APPPATH\Controllers\Uploadfile.php(16): CodeIgniter\Debug\Exceptions->errorHandler()
 2 SYSTEMPATH\CodeIgniter.php(904): App\Controllers\Uploadfile->index()
 3 SYSTEMPATH\CodeIgniter.php(457): CodeIgniter\CodeIgniter->runController()
 4 SYSTEMPATH\CodeIgniter.php(340): CodeIgniter\CodeIgniter->handleRequest()
 5 FCPATH\index.php(55): CodeIgniter\CodeIgniter->run()
 6 SYSTEMPATH\Commands\Server\rewrite.php(43): require_once('FCPATH\\index.php')
CRITICAL - 2022-09-06 16:09:15 --> Call to a member function hasMoved() on null
in APPPATH\Controllers\Uploadfile.php on line 58.
 1 SYSTEMPATH\CodeIgniter.php(904): App\Controllers\Uploadfile->uploadCompanySetupPics()
 2 SYSTEMPATH\CodeIgniter.php(457): CodeIgniter\CodeIgniter->runController()
 3 SYSTEMPATH\CodeIgniter.php(340): CodeIgniter\CodeIgniter->handleRequest()
 4 FCPATH\index.php(55): CodeIgniter\CodeIgniter->run()
 5 SYSTEMPATH\Commands\Server\rewrite.php(43): require_once('FCPATH\\index.php')
CRITICAL - 2022-09-06 16:09:40 --> Array to string conversion
in APPPATH\Controllers\Uploadfile.php on line 16.
 1 APPPATH\Controllers\Uploadfile.php(16): CodeIgniter\Debug\Exceptions->errorHandler()
 2 SYSTEMPATH\CodeIgniter.php(904): App\Controllers\Uploadfile->index()
 3 SYSTEMPATH\CodeIgniter.php(457): CodeIgniter\CodeIgniter->runController()
 4 SYSTEMPATH\CodeIgniter.php(340): CodeIgniter\CodeIgniter->handleRequest()
 5 FCPATH\index.php(55): CodeIgniter\CodeIgniter->run()
 6 SYSTEMPATH\Commands\Server\rewrite.php(43): require_once('FCPATH\\index.php')
CRITICAL - 2022-09-06 16:11:16 --> Call to undefined function App\Controllers\mime_content_type()
in APPPATH\Controllers\Uploadfile.php on line 14.
 1 SYSTEMPATH\CodeIgniter.php(904): App\Controllers\Uploadfile->index()
 2 SYSTEMPATH\CodeIgniter.php(457): CodeIgniter\CodeIgniter->runController()
 3 SYSTEMPATH\CodeIgniter.php(340): CodeIgniter\CodeIgniter->handleRequest()
 4 FCPATH\index.php(55): CodeIgniter\CodeIgniter->run()
 5 SYSTEMPATH\Commands\Server\rewrite.php(43): require_once('FCPATH\\index.php')
CRITICAL - 2022-09-06 16:11:23 --> Call to undefined function App\Controllers\mime_content_type()
in APPPATH\Controllers\Uploadfile.php on line 14.
 1 SYSTEMPATH\CodeIgniter.php(904): App\Controllers\Uploadfile->index()
 2 SYSTEMPATH\CodeIgniter.php(457): CodeIgniter\CodeIgniter->runController()
 3 SYSTEMPATH\CodeIgniter.php(340): CodeIgniter\CodeIgniter->handleRequest()
 4 FCPATH\index.php(55): CodeIgniter\CodeIgniter->run()
 5 SYSTEMPATH\Commands\Server\rewrite.php(43): require_once('FCPATH\\index.php')
CRITICAL - 2022-09-06 16:27:02 --> Call to a member function hasMoved() on null
in APPPATH\Controllers\Uploadfile.php on line 58.
 1 SYSTEMPATH\CodeIgniter.php(904): App\Controllers\Uploadfile->uploadCompanySetupPics()
 2 SYSTEMPATH\CodeIgniter.php(457): CodeIgniter\CodeIgniter->runController()
 3 SYSTEMPATH\CodeIgniter.php(340): CodeIgniter\CodeIgniter->handleRequest()
 4 FCPATH\index.php(55): CodeIgniter\CodeIgniter->run()
 5 SYSTEMPATH\Commands\Server\rewrite.php(43): require_once('FCPATH\\index.php')
CRITICAL - 2022-09-06 16:32:42 --> Call to undefined function App\Controllers\mime_content_type()
in APPPATH\Controllers\Uploadfile.php on line 14.
 1 SYSTEMPATH\CodeIgniter.php(904): App\Controllers\Uploadfile->index()
 2 SYSTEMPATH\CodeIgniter.php(457): CodeIgniter\CodeIgniter->runController()
 3 SYSTEMPATH\CodeIgniter.php(340): CodeIgniter\CodeIgniter->handleRequest()
 4 FCPATH\index.php(55): CodeIgniter\CodeIgniter->run()
 5 SYSTEMPATH\Commands\Server\rewrite.php(43): require_once('FCPATH\\index.php')
CRITICAL - 2022-09-06 16:50:18 --> The uploaded file has already been moved.
in SYSTEMPATH\HTTP\Files\UploadedFile.php on line 133.
 1 SYSTEMPATH\HTTP\Files\UploadedFile.php(133): CodeIgniter\HTTP\Exceptions\HTTPException::forAlreadyMoved()
 2 APPPATH\Controllers\Uploadfile.php(60): CodeIgniter\HTTP\Files\UploadedFile->move()
 3 SYSTEMPATH\CodeIgniter.php(904): App\Controllers\Uploadfile->uploadCompanySetupPics()
 4 SYSTEMPATH\CodeIgniter.php(457): CodeIgniter\CodeIgniter->runController()
 5 SYSTEMPATH\CodeIgniter.php(340): CodeIgniter\CodeIgniter->handleRequest()
 6 FCPATH\index.php(55): CodeIgniter\CodeIgniter->run()
 7 SYSTEMPATH\Commands\Server\rewrite.php(43): require_once('FCPATH\\index.php')
CRITICAL - 2022-09-06 16:56:26 --> fopen(http://localhost:8080/uploads/files/20220906/1662501386_0846db55e6b03431e749.png/index.html): Failed to open stream: HTTP wrapper does not support writeable connections
in SYSTEMPATH\HTTP\Files\UploadedFile.php on line 179.
 1 [internal function]: CodeIgniter\Debug\Exceptions->errorHandler()
 2 SYSTEMPATH\HTTP\Files\UploadedFile.php(179): fopen()
 3 SYSTEMPATH\HTTP\Files\UploadedFile.php(130): CodeIgniter\HTTP\Files\UploadedFile->setPath()
 4 APPPATH\Controllers\Uploadfile.php(61): CodeIgniter\HTTP\Files\UploadedFile->move()
 5 SYSTEMPATH\CodeIgniter.php(904): App\Controllers\Uploadfile->uploadCompanySetupPics()
 6 SYSTEMPATH\CodeIgniter.php(457): CodeIgniter\CodeIgniter->runController()
 7 SYSTEMPATH\CodeIgniter.php(340): CodeIgniter\CodeIgniter->handleRequest()
 8 FCPATH\index.php(55): CodeIgniter\CodeIgniter->run()
 9 SYSTEMPATH\Commands\Server\rewrite.php(43): require_once('FCPATH\\index.php')
CRITICAL - 2022-09-06 16:57:33 --> fopen(http://localhost:8080/uploads/files/20220906/1662501453_2ef58dd50e1743a99d8e.png/index.html): Failed to open stream: HTTP wrapper does not support writeable connections
in SYSTEMPATH\HTTP\Files\UploadedFile.php on line 179.
 1 [internal function]: CodeIgniter\Debug\Exceptions->errorHandler()
 2 SYSTEMPATH\HTTP\Files\UploadedFile.php(179): fopen()
 3 SYSTEMPATH\HTTP\Files\UploadedFile.php(130): CodeIgniter\HTTP\Files\UploadedFile->setPath()
 4 APPPATH\Controllers\Uploadfile.php(62): CodeIgniter\HTTP\Files\UploadedFile->move()
 5 SYSTEMPATH\CodeIgniter.php(904): App\Controllers\Uploadfile->uploadCompanySetupPics()
 6 SYSTEMPATH\CodeIgniter.php(457): CodeIgniter\CodeIgniter->runController()
 7 SYSTEMPATH\CodeIgniter.php(340): CodeIgniter\CodeIgniter->handleRequest()
 8 FCPATH\index.php(55): CodeIgniter\CodeIgniter->run()
 9 SYSTEMPATH\Commands\Server\rewrite.php(43): require_once('FCPATH\\index.php')
CRITICAL - 2022-09-06 17:03:51 --> Call to undefined function App\Controllers\mime_content_type()
in APPPATH\Controllers\Uploadfile.php on line 14.
 1 SYSTEMPATH\CodeIgniter.php(904): App\Controllers\Uploadfile->index()
 2 SYSTEMPATH\CodeIgniter.php(457): CodeIgniter\CodeIgniter->runController()
 3 SYSTEMPATH\CodeIgniter.php(340): CodeIgniter\CodeIgniter->handleRequest()
 4 FCPATH\index.php(55): CodeIgniter\CodeIgniter->run()
 5 SYSTEMPATH\Commands\Server\rewrite.php(43): require_once('FCPATH\\index.php')
CRITICAL - 2022-09-06 17:03:52 --> Call to undefined function App\Controllers\mime_content_type()
in APPPATH\Controllers\Uploadfile.php on line 14.
 1 SYSTEMPATH\CodeIgniter.php(904): App\Controllers\Uploadfile->index()
 2 SYSTEMPATH\CodeIgniter.php(457): CodeIgniter\CodeIgniter->runController()
 3 SYSTEMPATH\CodeIgniter.php(340): CodeIgniter\CodeIgniter->handleRequest()
 4 FCPATH\index.php(55): CodeIgniter\CodeIgniter->run()
 5 SYSTEMPATH\Commands\Server\rewrite.php(43): require_once('FCPATH\\index.php')
CRITICAL - 2022-09-06 17:03:53 --> Call to undefined function App\Controllers\mime_content_type()
in APPPATH\Controllers\Uploadfile.php on line 14.
 1 SYSTEMPATH\CodeIgniter.php(904): App\Controllers\Uploadfile->index()
 2 SYSTEMPATH\CodeIgniter.php(457): CodeIgniter\CodeIgniter->runController()
 3 SYSTEMPATH\CodeIgniter.php(340): CodeIgniter\CodeIgniter->handleRequest()
 4 FCPATH\index.php(55): CodeIgniter\CodeIgniter->run()
 5 SYSTEMPATH\Commands\Server\rewrite.php(43): require_once('FCPATH\\index.php')
CRITICAL - 2022-09-06 17:03:55 --> Call to undefined function App\Controllers\mime_content_type()
in APPPATH\Controllers\Uploadfile.php on line 14.
 1 SYSTEMPATH\CodeIgniter.php(904): App\Controllers\Uploadfile->index()
 2 SYSTEMPATH\CodeIgniter.php(457): CodeIgniter\CodeIgniter->runController()
 3 SYSTEMPATH\CodeIgniter.php(340): CodeIgniter\CodeIgniter->handleRequest()
 4 FCPATH\index.php(55): CodeIgniter\CodeIgniter->run()
 5 SYSTEMPATH\Commands\Server\rewrite.php(43): require_once('FCPATH\\index.php')
CRITICAL - 2022-09-06 17:05:09 --> Call to undefined function App\Controllers\mime_content_type()
in APPPATH\Controllers\Uploadfile.php on line 14.
 1 SYSTEMPATH\CodeIgniter.php(904): App\Controllers\Uploadfile->index()
 2 SYSTEMPATH\CodeIgniter.php(457): CodeIgniter\CodeIgniter->runController()
 3 SYSTEMPATH\CodeIgniter.php(340): CodeIgniter\CodeIgniter->handleRequest()
 4 FCPATH\index.php(55): CodeIgniter\CodeIgniter->run()
 5 SYSTEMPATH\Commands\Server\rewrite.php(43): require_once('FCPATH\\index.php')
CRITICAL - 2022-09-06 17:09:43 --> Call to undefined function App\Controllers\mime_content_type()
in APPPATH\Controllers\Uploadfile.php on line 14.
 1 SYSTEMPATH\CodeIgniter.php(904): App\Controllers\Uploadfile->index()
 2 SYSTEMPATH\CodeIgniter.php(457): CodeIgniter\CodeIgniter->runController()
 3 SYSTEMPATH\CodeIgniter.php(340): CodeIgniter\CodeIgniter->handleRequest()
 4 FCPATH\index.php(55): CodeIgniter\CodeIgniter->run()
 5 SYSTEMPATH\Commands\Server\rewrite.php(43): require_once('FCPATH\\index.php')
CRITICAL - 2022-09-06 17:09:45 --> Call to undefined function App\Controllers\mime_content_type()
in APPPATH\Controllers\Uploadfile.php on line 14.
 1 SYSTEMPATH\CodeIgniter.php(904): App\Controllers\Uploadfile->index()
 2 SYSTEMPATH\CodeIgniter.php(457): CodeIgniter\CodeIgniter->runController()
 3 SYSTEMPATH\CodeIgniter.php(340): CodeIgniter\CodeIgniter->handleRequest()
 4 FCPATH\index.php(55): CodeIgniter\CodeIgniter->run()
 5 SYSTEMPATH\Commands\Server\rewrite.php(43): require_once('FCPATH\\index.php')
CRITICAL - 2022-09-06 17:10:11 --> Call to undefined function App\Controllers\mime_content_type()
in APPPATH\Controllers\Uploadfile.php on line 14.
 1 SYSTEMPATH\CodeIgniter.php(904): App\Controllers\Uploadfile->index()
 2 SYSTEMPATH\CodeIgniter.php(457): CodeIgniter\CodeIgniter->runController()
 3 SYSTEMPATH\CodeIgniter.php(340): CodeIgniter\CodeIgniter->handleRequest()
 4 FCPATH\index.php(55): CodeIgniter\CodeIgniter->run()
 5 SYSTEMPATH\Commands\Server\rewrite.php(43): require_once('FCPATH\\index.php')
CRITICAL - 2022-09-06 17:11:08 --> Call to undefined function App\Controllers\mime_content_type()
in APPPATH\Controllers\Uploadfile.php on line 14.
 1 SYSTEMPATH\CodeIgniter.php(904): App\Controllers\Uploadfile->index()
 2 SYSTEMPATH\CodeIgniter.php(457): CodeIgniter\CodeIgniter->runController()
 3 SYSTEMPATH\CodeIgniter.php(340): CodeIgniter\CodeIgniter->handleRequest()
 4 FCPATH\index.php(55): CodeIgniter\CodeIgniter->run()
 5 SYSTEMPATH\Commands\Server\rewrite.php(43): require_once('FCPATH\\index.php')
CRITICAL - 2022-09-06 17:11:11 --> Call to undefined function App\Controllers\mime_content_type()
in APPPATH\Controllers\Uploadfile.php on line 14.
 1 SYSTEMPATH\CodeIgniter.php(904): App\Controllers\Uploadfile->index()
 2 SYSTEMPATH\CodeIgniter.php(457): CodeIgniter\CodeIgniter->runController()
 3 SYSTEMPATH\CodeIgniter.php(340): CodeIgniter\CodeIgniter->handleRequest()
 4 FCPATH\index.php(55): CodeIgniter\CodeIgniter->run()
 5 SYSTEMPATH\Commands\Server\rewrite.php(43): require_once('FCPATH\\index.php')
CRITICAL - 2022-09-06 17:11:12 --> Call to undefined function App\Controllers\mime_content_type()
in APPPATH\Controllers\Uploadfile.php on line 14.
 1 SYSTEMPATH\CodeIgniter.php(904): App\Controllers\Uploadfile->index()
 2 SYSTEMPATH\CodeIgniter.php(457): CodeIgniter\CodeIgniter->runController()
 3 SYSTEMPATH\CodeIgniter.php(340): CodeIgniter\CodeIgniter->handleRequest()
 4 FCPATH\index.php(55): CodeIgniter\CodeIgniter->run()
 5 SYSTEMPATH\Commands\Server\rewrite.php(43): require_once('FCPATH\\index.php')
CRITICAL - 2022-09-06 17:15:35 --> Call to undefined function App\Controllers\mime_content_type()
in APPPATH\Controllers\Uploadfile.php on line 14.
 1 SYSTEMPATH\CodeIgniter.php(904): App\Controllers\Uploadfile->index()
 2 SYSTEMPATH\CodeIgniter.php(457): CodeIgniter\CodeIgniter->runController()
 3 SYSTEMPATH\CodeIgniter.php(340): CodeIgniter\CodeIgniter->handleRequest()
 4 FCPATH\index.php(55): CodeIgniter\CodeIgniter->run()
 5 SYSTEMPATH\Commands\Server\rewrite.php(43): require_once('FCPATH\\index.php')
CRITICAL - 2022-09-06 17:15:47 --> Call to undefined function App\Controllers\mime_content_type()
in APPPATH\Controllers\Uploadfile.php on line 14.
 1 SYSTEMPATH\CodeIgniter.php(904): App\Controllers\Uploadfile->index()
 2 SYSTEMPATH\CodeIgniter.php(457): CodeIgniter\CodeIgniter->runController()
 3 SYSTEMPATH\CodeIgniter.php(340): CodeIgniter\CodeIgniter->handleRequest()
 4 FCPATH\index.php(55): CodeIgniter\CodeIgniter->run()
 5 SYSTEMPATH\Commands\Server\rewrite.php(43): require_once('FCPATH\\index.php')
CRITICAL - 2022-09-06 17:21:22 --> file_get_contents(C:\Users\h4ham\OneDrive\Desktop\Auziplan-C-4\writable\uploads/C:\Users\h4ham\OneDrive\Desktop\Auziplan-C-4\writable\uploads\20220906\1662501657_5707720076c153d8143b.png): Failed to open stream: No such file or directory
in APPPATH\Controllers\Uploadfile.php on line 13.
 1 [internal function]: CodeIgniter\Debug\Exceptions->errorHandler()
 2 APPPATH\Controllers\Uploadfile.php(13): file_get_contents()
 3 SYSTEMPATH\CodeIgniter.php(904): App\Controllers\Uploadfile->index()
 4 SYSTEMPATH\CodeIgniter.php(457): CodeIgniter\CodeIgniter->runController()
 5 SYSTEMPATH\CodeIgniter.php(340): CodeIgniter\CodeIgniter->handleRequest()
 6 FCPATH\index.php(55): CodeIgniter\CodeIgniter->run()
 7 SYSTEMPATH\Commands\Server\rewrite.php(43): require_once('FCPATH\\index.php')
