CRITICAL - 2022-09-26 16:59:37 --> file_get_contents(C:\Users\h4ham\OneDrive\Desktop\Auziplan-C-4\writable\uploads\20220906\1662504573_eecc8be79c5687adb982.png): Failed to open stream: No such file or directory
in APPPATH\Controllers\Uploadfile.php on line 28.
 1 [internal function]: CodeIgniter\Debug\Exceptions->errorHandler()
 2 APPPATH\Controllers\Uploadfile.php(28): file_get_contents()
 3 SYSTEMPATH\CodeIgniter.php(904): App\Controllers\Uploadfile->index()
 4 SYSTEMPATH\CodeIgniter.php(457): CodeIgniter\CodeIgniter->runController()
 5 SYSTEMPATH\CodeIgniter.php(340): CodeIgniter\CodeIgniter->handleRequest()
 6 FCPATH\index.php(55): CodeIgniter\CodeIgniter->run()
 7 SYSTEMPATH\Commands\Server\rewrite.php(43): require_once('FCPATH\\index.php')
CRITICAL - 2022-09-26 16:59:38 --> file_get_contents(C:\Users\h4ham\OneDrive\Desktop\Auziplan-C-4\writable\uploads\20220906\1662504621_25ce283405c762f812a9.png): Failed to open stream: No such file or directory
in APPPATH\Controllers\Uploadfile.php on line 28.
 1 [internal function]: CodeIgniter\Debug\Exceptions->errorHandler()
 2 APPPATH\Controllers\Uploadfile.php(28): file_get_contents()
 3 SYSTEMPATH\CodeIgniter.php(904): App\Controllers\Uploadfile->index()
 4 SYSTEMPATH\CodeIgniter.php(457): CodeIgniter\CodeIgniter->runController()
 5 SYSTEMPATH\CodeIgniter.php(340): CodeIgniter\CodeIgniter->handleRequest()
 6 FCPATH\index.php(55): CodeIgniter\CodeIgniter->run()
 7 SYSTEMPATH\Commands\Server\rewrite.php(43): require_once('FCPATH\\index.php')
CRITICAL - 2022-09-26 16:59:40 --> file_get_contents(C:\Users\h4ham\OneDrive\Desktop\Auziplan-C-4\writable\uploads\20220906\1662504573_eecc8be79c5687adb982.png): Failed to open stream: No such file or directory
in APPPATH\Controllers\Uploadfile.php on line 28.
 1 [internal function]: CodeIgniter\Debug\Exceptions->errorHandler()
 2 APPPATH\Controllers\Uploadfile.php(28): file_get_contents()
 3 SYSTEMPATH\CodeIgniter.php(904): App\Controllers\Uploadfile->index()
 4 SYSTEMPATH\CodeIgniter.php(457): CodeIgniter\CodeIgniter->runController()
 5 SYSTEMPATH\CodeIgniter.php(340): CodeIgniter\CodeIgniter->handleRequest()
 6 FCPATH\index.php(55): CodeIgniter\CodeIgniter->run()
 7 SYSTEMPATH\Commands\Server\rewrite.php(43): require_once('FCPATH\\index.php')
CRITICAL - 2022-09-26 16:59:41 --> file_get_contents(C:\Users\h4ham\OneDrive\Desktop\Auziplan-C-4\writable\uploads\20220906\1662504621_25ce283405c762f812a9.png): Failed to open stream: No such file or directory
in APPPATH\Controllers\Uploadfile.php on line 28.
 1 [internal function]: CodeIgniter\Debug\Exceptions->errorHandler()
 2 APPPATH\Controllers\Uploadfile.php(28): file_get_contents()
 3 SYSTEMPATH\CodeIgniter.php(904): App\Controllers\Uploadfile->index()
 4 SYSTEMPATH\CodeIgniter.php(457): CodeIgniter\CodeIgniter->runController()
 5 SYSTEMPATH\CodeIgniter.php(340): CodeIgniter\CodeIgniter->handleRequest()
 6 FCPATH\index.php(55): CodeIgniter\CodeIgniter->run()
 7 SYSTEMPATH\Commands\Server\rewrite.php(43): require_once('FCPATH\\index.php')
CRITICAL - 2022-09-26 21:07:04 --> file_get_contents(C:\Users\h4ham\OneDrive\Desktop\Auziplan-C-4\writable\uploads\20220906\1662504573_eecc8be79c5687adb982.png): Failed to open stream: No such file or directory
in APPPATH\Controllers\Uploadfile.php on line 28.
 1 [internal function]: CodeIgniter\Debug\Exceptions->errorHandler()
 2 APPPATH\Controllers\Uploadfile.php(28): file_get_contents()
 3 SYSTEMPATH\CodeIgniter.php(904): App\Controllers\Uploadfile->index()
 4 SYSTEMPATH\CodeIgniter.php(457): CodeIgniter\CodeIgniter->runController()
 5 SYSTEMPATH\CodeIgniter.php(340): CodeIgniter\CodeIgniter->handleRequest()
 6 FCPATH\index.php(55): CodeIgniter\CodeIgniter->run()
 7 SYSTEMPATH\Commands\Server\rewrite.php(43): require_once('FCPATH\\index.php')
CRITICAL - 2022-09-26 21:07:05 --> file_get_contents(C:\Users\h4ham\OneDrive\Desktop\Auziplan-C-4\writable\uploads\20220906\1662504621_25ce283405c762f812a9.png): Failed to open stream: No such file or directory
in APPPATH\Controllers\Uploadfile.php on line 28.
 1 [internal function]: CodeIgniter\Debug\Exceptions->errorHandler()
 2 APPPATH\Controllers\Uploadfile.php(28): file_get_contents()
 3 SYSTEMPATH\CodeIgniter.php(904): App\Controllers\Uploadfile->index()
 4 SYSTEMPATH\CodeIgniter.php(457): CodeIgniter\CodeIgniter->runController()
 5 SYSTEMPATH\CodeIgniter.php(340): CodeIgniter\CodeIgniter->handleRequest()
 6 FCPATH\index.php(55): CodeIgniter\CodeIgniter->run()
 7 SYSTEMPATH\Commands\Server\rewrite.php(43): require_once('FCPATH\\index.php')
CRITICAL - 2022-09-26 21:17:36 --> file_get_contents(C:\Users\h4ham\OneDrive\Desktop\Auziplan-C-4\writable\uploads\20220906\1662504573_eecc8be79c5687adb982.png): Failed to open stream: No such file or directory
in APPPATH\Controllers\Uploadfile.php on line 28.
 1 [internal function]: CodeIgniter\Debug\Exceptions->errorHandler()
 2 APPPATH\Controllers\Uploadfile.php(28): file_get_contents()
 3 SYSTEMPATH\CodeIgniter.php(904): App\Controllers\Uploadfile->index()
 4 SYSTEMPATH\CodeIgniter.php(457): CodeIgniter\CodeIgniter->runController()
 5 SYSTEMPATH\CodeIgniter.php(340): CodeIgniter\CodeIgniter->handleRequest()
 6 FCPATH\index.php(55): CodeIgniter\CodeIgniter->run()
 7 SYSTEMPATH\Commands\Server\rewrite.php(43): require_once('FCPATH\\index.php')
CRITICAL - 2022-09-26 21:17:37 --> file_get_contents(C:\Users\h4ham\OneDrive\Desktop\Auziplan-C-4\writable\uploads\20220906\1662504621_25ce283405c762f812a9.png): Failed to open stream: No such file or directory
in APPPATH\Controllers\Uploadfile.php on line 28.
 1 [internal function]: CodeIgniter\Debug\Exceptions->errorHandler()
 2 APPPATH\Controllers\Uploadfile.php(28): file_get_contents()
 3 SYSTEMPATH\CodeIgniter.php(904): App\Controllers\Uploadfile->index()
 4 SYSTEMPATH\CodeIgniter.php(457): CodeIgniter\CodeIgniter->runController()
 5 SYSTEMPATH\CodeIgniter.php(340): CodeIgniter\CodeIgniter->handleRequest()
 6 FCPATH\index.php(55): CodeIgniter\CodeIgniter->run()
 7 SYSTEMPATH\Commands\Server\rewrite.php(43): require_once('FCPATH\\index.php')
CRITICAL - 2022-09-26 21:17:38 --> file_get_contents(C:\Users\h4ham\OneDrive\Desktop\Auziplan-C-4\writable\uploads\20220906\1662504573_eecc8be79c5687adb982.png): Failed to open stream: No such file or directory
in APPPATH\Controllers\Uploadfile.php on line 28.
 1 [internal function]: CodeIgniter\Debug\Exceptions->errorHandler()
 2 APPPATH\Controllers\Uploadfile.php(28): file_get_contents()
 3 SYSTEMPATH\CodeIgniter.php(904): App\Controllers\Uploadfile->index()
 4 SYSTEMPATH\CodeIgniter.php(457): CodeIgniter\CodeIgniter->runController()
 5 SYSTEMPATH\CodeIgniter.php(340): CodeIgniter\CodeIgniter->handleRequest()
 6 FCPATH\index.php(55): CodeIgniter\CodeIgniter->run()
 7 SYSTEMPATH\Commands\Server\rewrite.php(43): require_once('FCPATH\\index.php')
CRITICAL - 2022-09-26 21:17:40 --> file_get_contents(C:\Users\h4ham\OneDrive\Desktop\Auziplan-C-4\writable\uploads\20220906\1662504621_25ce283405c762f812a9.png): Failed to open stream: No such file or directory
in APPPATH\Controllers\Uploadfile.php on line 28.
 1 [internal function]: CodeIgniter\Debug\Exceptions->errorHandler()
 2 APPPATH\Controllers\Uploadfile.php(28): file_get_contents()
 3 SYSTEMPATH\CodeIgniter.php(904): App\Controllers\Uploadfile->index()
 4 SYSTEMPATH\CodeIgniter.php(457): CodeIgniter\CodeIgniter->runController()
 5 SYSTEMPATH\CodeIgniter.php(340): CodeIgniter\CodeIgniter->handleRequest()
 6 FCPATH\index.php(55): CodeIgniter\CodeIgniter->run()
 7 SYSTEMPATH\Commands\Server\rewrite.php(43): require_once('FCPATH\\index.php')
CRITICAL - 2022-09-26 22:02:41 --> file_get_contents(C:\Users\h4ham\OneDrive\Desktop\Auziplan-C-4\writable\uploads\20220906\1662504573_eecc8be79c5687adb982.png): Failed to open stream: No such file or directory
in APPPATH\Controllers\Uploadfile.php on line 28.
 1 [internal function]: CodeIgniter\Debug\Exceptions->errorHandler()
 2 APPPATH\Controllers\Uploadfile.php(28): file_get_contents()
 3 SYSTEMPATH\CodeIgniter.php(904): App\Controllers\Uploadfile->index()
 4 SYSTEMPATH\CodeIgniter.php(457): CodeIgniter\CodeIgniter->runController()
 5 SYSTEMPATH\CodeIgniter.php(340): CodeIgniter\CodeIgniter->handleRequest()
 6 FCPATH\index.php(55): CodeIgniter\CodeIgniter->run()
 7 SYSTEMPATH\Commands\Server\rewrite.php(43): require_once('FCPATH\\index.php')
CRITICAL - 2022-09-26 22:02:42 --> file_get_contents(C:\Users\h4ham\OneDrive\Desktop\Auziplan-C-4\writable\uploads\20220906\1662504621_25ce283405c762f812a9.png): Failed to open stream: No such file or directory
in APPPATH\Controllers\Uploadfile.php on line 28.
 1 [internal function]: CodeIgniter\Debug\Exceptions->errorHandler()
 2 APPPATH\Controllers\Uploadfile.php(28): file_get_contents()
 3 SYSTEMPATH\CodeIgniter.php(904): App\Controllers\Uploadfile->index()
 4 SYSTEMPATH\CodeIgniter.php(457): CodeIgniter\CodeIgniter->runController()
 5 SYSTEMPATH\CodeIgniter.php(340): CodeIgniter\CodeIgniter->handleRequest()
 6 FCPATH\index.php(55): CodeIgniter\CodeIgniter->run()
 7 SYSTEMPATH\Commands\Server\rewrite.php(43): require_once('FCPATH\\index.php')
