ERROR - 2023-04-03 18:27:04 --> mysqli_sql_exception: Table 'excelpla_cbp_online_dev.user' doesn't exist in engine in /Applications/XAMPP/xamppfiles/htdocs/Auziplan-1/system/Database/MySQLi/Connection.php:292
Stack trace:
#0 /Applications/XAMPP/xamppfiles/htdocs/Auziplan-1/system/Database/MySQLi/Connection.php(292): mysqli->query('SELECT *\nFROM `...', 0)
#1 /Applications/XAMPP/xamppfiles/htdocs/Auziplan-1/system/Database/BaseConnection.php(693): CodeIgniter\Database\MySQLi\Connection->execute('SELECT *\nFROM `...')
#2 /Applications/XAMPP/xamppfiles/htdocs/Auziplan-1/system/Database/BaseConnection.php(620): CodeIgniter\Database\BaseConnection->simpleQuery('SELECT *\nFROM `...')
#3 /Applications/XAMPP/xamppfiles/htdocs/Auziplan-1/system/Database/BaseBuilder.php(1585): CodeIgniter\Database\BaseConnection->query('SELECT *\nFROM `...', Array, false)
#4 /Applications/XAMPP/xamppfiles/htdocs/Auziplan-1/system/Model.php(184): CodeIgniter\Database\BaseBuilder->get()
#5 /Applications/XAMPP/xamppfiles/htdocs/Auziplan-1/system/BaseModel.php(523): CodeIgniter\Model->doFind(false, NULL)
#6 /Applications/XAMPP/xamppfiles/htdocs/Auziplan-1/app/Controllers/Login.php(54): CodeIgniter\BaseModel->find()
#7 /Applications/XAMPP/xamppfiles/htdocs/Auziplan-1/system/CodeIgniter.php(904): App\Controllers\Login->doLogin()
#8 /Applications/XAMPP/xamppfiles/htdocs/Auziplan-1/system/CodeIgniter.php(457): CodeIgniter\CodeIgniter->runController(Object(App\Controllers\Login))
#9 /Applications/XAMPP/xamppfiles/htdocs/Auziplan-1/system/CodeIgniter.php(340): CodeIgniter\CodeIgniter->handleRequest(NULL, Object(Config\Cache), false)
#10 /Applications/XAMPP/xamppfiles/htdocs/Auziplan-1/public/index.php(55): CodeIgniter\CodeIgniter->run()
#11 /Applications/XAMPP/xamppfiles/htdocs/Auziplan-1/system/Commands/Server/rewrite.php(43): require_once('/Applications/X...')
#12 {main}
CRITICAL - 2023-04-03 18:27:04 --> Table 'excelpla_cbp_online_dev.user' doesn't exist in engine
in SYSTEMPATH/Database/MySQLi/Connection.php on line 292.
 1 SYSTEMPATH/Database/MySQLi/Connection.php(292): mysqli->query('SELECT *
FROM `user`
WHERE `email` = \'nuri@auziplan.com\'
AND `password` = \'098f6bcd4621d373cade4e832627b4f6\'', 0)
 2 SYSTEMPATH/Database/BaseConnection.php(693): CodeIgniter\Database\MySQLi\Connection->execute('SELECT *
FROM `user`
WHERE `email` = \'nuri@auziplan.com\'
AND `password` = \'098f6bcd4621d373cade4e832627b4f6\'')
 3 SYSTEMPATH/Database/BaseConnection.php(620): CodeIgniter\Database\BaseConnection->simpleQuery('SELECT *
FROM `user`
WHERE `email` = \'nuri@auziplan.com\'
AND `password` = \'098f6bcd4621d373cade4e832627b4f6\'')
 4 SYSTEMPATH/Database/BaseBuilder.php(1585): CodeIgniter\Database\BaseConnection->query('SELECT *
FROM `user`
WHERE `email` = :email:
AND `password` = :password:', [...], false)
 5 SYSTEMPATH/Model.php(184): CodeIgniter\Database\BaseBuilder->get()
 6 SYSTEMPATH/BaseModel.php(523): CodeIgniter\Model->doFind(false, null)
 7 APPPATH/Controllers/Login.php(54): CodeIgniter\BaseModel->find()
 8 SYSTEMPATH/CodeIgniter.php(904): App\Controllers\Login->doLogin()
 9 SYSTEMPATH/CodeIgniter.php(457): CodeIgniter\CodeIgniter->runController(Object(App\Controllers\Login))
10 SYSTEMPATH/CodeIgniter.php(340): CodeIgniter\CodeIgniter->handleRequest(null, Object(Config\Cache), false)
11 FCPATH/index.php(55): CodeIgniter\CodeIgniter->run()
12 SYSTEMPATH/Commands/Server/rewrite.php(43): require_once('FCPATH/index.php')
ERROR - 2023-04-03 18:27:07 --> mysqli_sql_exception: Table 'excelpla_cbp_online_dev.user' doesn't exist in engine in /Applications/XAMPP/xamppfiles/htdocs/Auziplan-1/system/Database/MySQLi/Connection.php:292
Stack trace:
#0 /Applications/XAMPP/xamppfiles/htdocs/Auziplan-1/system/Database/MySQLi/Connection.php(292): mysqli->query('SELECT *\nFROM `...', 0)
#1 /Applications/XAMPP/xamppfiles/htdocs/Auziplan-1/system/Database/BaseConnection.php(693): CodeIgniter\Database\MySQLi\Connection->execute('SELECT *\nFROM `...')
#2 /Applications/XAMPP/xamppfiles/htdocs/Auziplan-1/system/Database/BaseConnection.php(620): CodeIgniter\Database\BaseConnection->simpleQuery('SELECT *\nFROM `...')
#3 /Applications/XAMPP/xamppfiles/htdocs/Auziplan-1/system/Database/BaseBuilder.php(1585): CodeIgniter\Database\BaseConnection->query('SELECT *\nFROM `...', Array, false)
#4 /Applications/XAMPP/xamppfiles/htdocs/Auziplan-1/system/Model.php(184): CodeIgniter\Database\BaseBuilder->get()
#5 /Applications/XAMPP/xamppfiles/htdocs/Auziplan-1/system/BaseModel.php(523): CodeIgniter\Model->doFind(false, NULL)
#6 /Applications/XAMPP/xamppfiles/htdocs/Auziplan-1/app/Controllers/Login.php(54): CodeIgniter\BaseModel->find()
#7 /Applications/XAMPP/xamppfiles/htdocs/Auziplan-1/system/CodeIgniter.php(904): App\Controllers\Login->doLogin()
#8 /Applications/XAMPP/xamppfiles/htdocs/Auziplan-1/system/CodeIgniter.php(457): CodeIgniter\CodeIgniter->runController(Object(App\Controllers\Login))
#9 /Applications/XAMPP/xamppfiles/htdocs/Auziplan-1/system/CodeIgniter.php(340): CodeIgniter\CodeIgniter->handleRequest(NULL, Object(Config\Cache), false)
#10 /Applications/XAMPP/xamppfiles/htdocs/Auziplan-1/public/index.php(55): CodeIgniter\CodeIgniter->run()
#11 /Applications/XAMPP/xamppfiles/htdocs/Auziplan-1/system/Commands/Server/rewrite.php(43): require_once('/Applications/X...')
#12 {main}
CRITICAL - 2023-04-03 18:27:07 --> Table 'excelpla_cbp_online_dev.user' doesn't exist in engine
in SYSTEMPATH/Database/MySQLi/Connection.php on line 292.
 1 SYSTEMPATH/Database/MySQLi/Connection.php(292): mysqli->query('SELECT *
FROM `user`
WHERE `email` = \'nuri@auziplan.com\'
AND `password` = \'098f6bcd4621d373cade4e832627b4f6\'', 0)
 2 SYSTEMPATH/Database/BaseConnection.php(693): CodeIgniter\Database\MySQLi\Connection->execute('SELECT *
FROM `user`
WHERE `email` = \'nuri@auziplan.com\'
AND `password` = \'098f6bcd4621d373cade4e832627b4f6\'')
 3 SYSTEMPATH/Database/BaseConnection.php(620): CodeIgniter\Database\BaseConnection->simpleQuery('SELECT *
FROM `user`
WHERE `email` = \'nuri@auziplan.com\'
AND `password` = \'098f6bcd4621d373cade4e832627b4f6\'')
 4 SYSTEMPATH/Database/BaseBuilder.php(1585): CodeIgniter\Database\BaseConnection->query('SELECT *
FROM `user`
WHERE `email` = :email:
AND `password` = :password:', [...], false)
 5 SYSTEMPATH/Model.php(184): CodeIgniter\Database\BaseBuilder->get()
 6 SYSTEMPATH/BaseModel.php(523): CodeIgniter\Model->doFind(false, null)
 7 APPPATH/Controllers/Login.php(54): CodeIgniter\BaseModel->find()
 8 SYSTEMPATH/CodeIgniter.php(904): App\Controllers\Login->doLogin()
 9 SYSTEMPATH/CodeIgniter.php(457): CodeIgniter\CodeIgniter->runController(Object(App\Controllers\Login))
10 SYSTEMPATH/CodeIgniter.php(340): CodeIgniter\CodeIgniter->handleRequest(null, Object(Config\Cache), false)
11 FCPATH/index.php(55): CodeIgniter\CodeIgniter->run()
12 SYSTEMPATH/Commands/Server/rewrite.php(43): require_once('FCPATH/index.php')
ERROR - 2023-04-03 18:27:12 --> mysqli_sql_exception: Table 'excelpla_cbp_online_dev.user' doesn't exist in engine in /Applications/XAMPP/xamppfiles/htdocs/Auziplan-1/system/Database/MySQLi/Connection.php:292
Stack trace:
#0 /Applications/XAMPP/xamppfiles/htdocs/Auziplan-1/system/Database/MySQLi/Connection.php(292): mysqli->query('SELECT *\nFROM `...', 0)
#1 /Applications/XAMPP/xamppfiles/htdocs/Auziplan-1/system/Database/BaseConnection.php(693): CodeIgniter\Database\MySQLi\Connection->execute('SELECT *\nFROM `...')
#2 /Applications/XAMPP/xamppfiles/htdocs/Auziplan-1/system/Database/BaseConnection.php(620): CodeIgniter\Database\BaseConnection->simpleQuery('SELECT *\nFROM `...')
#3 /Applications/XAMPP/xamppfiles/htdocs/Auziplan-1/system/Database/BaseBuilder.php(1585): CodeIgniter\Database\BaseConnection->query('SELECT *\nFROM `...', Array, false)
#4 /Applications/XAMPP/xamppfiles/htdocs/Auziplan-1/system/Model.php(184): CodeIgniter\Database\BaseBuilder->get()
#5 /Applications/XAMPP/xamppfiles/htdocs/Auziplan-1/system/BaseModel.php(523): CodeIgniter\Model->doFind(false, NULL)
#6 /Applications/XAMPP/xamppfiles/htdocs/Auziplan-1/app/Controllers/Login.php(54): CodeIgniter\BaseModel->find()
#7 /Applications/XAMPP/xamppfiles/htdocs/Auziplan-1/system/CodeIgniter.php(904): App\Controllers\Login->doLogin()
#8 /Applications/XAMPP/xamppfiles/htdocs/Auziplan-1/system/CodeIgniter.php(457): CodeIgniter\CodeIgniter->runController(Object(App\Controllers\Login))
#9 /Applications/XAMPP/xamppfiles/htdocs/Auziplan-1/system/CodeIgniter.php(340): CodeIgniter\CodeIgniter->handleRequest(NULL, Object(Config\Cache), false)
#10 /Applications/XAMPP/xamppfiles/htdocs/Auziplan-1/public/index.php(55): CodeIgniter\CodeIgniter->run()
#11 /Applications/XAMPP/xamppfiles/htdocs/Auziplan-1/system/Commands/Server/rewrite.php(43): require_once('/Applications/X...')
#12 {main}
CRITICAL - 2023-04-03 18:27:12 --> Table 'excelpla_cbp_online_dev.user' doesn't exist in engine
in SYSTEMPATH/Database/MySQLi/Connection.php on line 292.
 1 SYSTEMPATH/Database/MySQLi/Connection.php(292): mysqli->query('SELECT *
FROM `user`
WHERE `email` = \'nuri@auziplan.com\'
AND `password` = \'098f6bcd4621d373cade4e832627b4f6\'', 0)
 2 SYSTEMPATH/Database/BaseConnection.php(693): CodeIgniter\Database\MySQLi\Connection->execute('SELECT *
FROM `user`
WHERE `email` = \'nuri@auziplan.com\'
AND `password` = \'098f6bcd4621d373cade4e832627b4f6\'')
 3 SYSTEMPATH/Database/BaseConnection.php(620): CodeIgniter\Database\BaseConnection->simpleQuery('SELECT *
FROM `user`
WHERE `email` = \'nuri@auziplan.com\'
AND `password` = \'098f6bcd4621d373cade4e832627b4f6\'')
 4 SYSTEMPATH/Database/BaseBuilder.php(1585): CodeIgniter\Database\BaseConnection->query('SELECT *
FROM `user`
WHERE `email` = :email:
AND `password` = :password:', [...], false)
 5 SYSTEMPATH/Model.php(184): CodeIgniter\Database\BaseBuilder->get()
 6 SYSTEMPATH/BaseModel.php(523): CodeIgniter\Model->doFind(false, null)
 7 APPPATH/Controllers/Login.php(54): CodeIgniter\BaseModel->find()
 8 SYSTEMPATH/CodeIgniter.php(904): App\Controllers\Login->doLogin()
 9 SYSTEMPATH/CodeIgniter.php(457): CodeIgniter\CodeIgniter->runController(Object(App\Controllers\Login))
10 SYSTEMPATH/CodeIgniter.php(340): CodeIgniter\CodeIgniter->handleRequest(null, Object(Config\Cache), false)
11 FCPATH/index.php(55): CodeIgniter\CodeIgniter->run()
12 SYSTEMPATH/Commands/Server/rewrite.php(43): require_once('FCPATH/index.php')
ERROR - 2023-04-03 18:27:13 --> mysqli_sql_exception: Table 'excelpla_cbp_online_dev.user' doesn't exist in engine in /Applications/XAMPP/xamppfiles/htdocs/Auziplan-1/system/Database/MySQLi/Connection.php:292
Stack trace:
#0 /Applications/XAMPP/xamppfiles/htdocs/Auziplan-1/system/Database/MySQLi/Connection.php(292): mysqli->query('SELECT *\nFROM `...', 0)
#1 /Applications/XAMPP/xamppfiles/htdocs/Auziplan-1/system/Database/BaseConnection.php(693): CodeIgniter\Database\MySQLi\Connection->execute('SELECT *\nFROM `...')
#2 /Applications/XAMPP/xamppfiles/htdocs/Auziplan-1/system/Database/BaseConnection.php(620): CodeIgniter\Database\BaseConnection->simpleQuery('SELECT *\nFROM `...')
#3 /Applications/XAMPP/xamppfiles/htdocs/Auziplan-1/system/Database/BaseBuilder.php(1585): CodeIgniter\Database\BaseConnection->query('SELECT *\nFROM `...', Array, false)
#4 /Applications/XAMPP/xamppfiles/htdocs/Auziplan-1/system/Model.php(184): CodeIgniter\Database\BaseBuilder->get()
#5 /Applications/XAMPP/xamppfiles/htdocs/Auziplan-1/system/BaseModel.php(523): CodeIgniter\Model->doFind(false, NULL)
#6 /Applications/XAMPP/xamppfiles/htdocs/Auziplan-1/app/Controllers/Login.php(54): CodeIgniter\BaseModel->find()
#7 /Applications/XAMPP/xamppfiles/htdocs/Auziplan-1/system/CodeIgniter.php(904): App\Controllers\Login->doLogin()
#8 /Applications/XAMPP/xamppfiles/htdocs/Auziplan-1/system/CodeIgniter.php(457): CodeIgniter\CodeIgniter->runController(Object(App\Controllers\Login))
#9 /Applications/XAMPP/xamppfiles/htdocs/Auziplan-1/system/CodeIgniter.php(340): CodeIgniter\CodeIgniter->handleRequest(NULL, Object(Config\Cache), false)
#10 /Applications/XAMPP/xamppfiles/htdocs/Auziplan-1/public/index.php(55): CodeIgniter\CodeIgniter->run()
#11 /Applications/XAMPP/xamppfiles/htdocs/Auziplan-1/system/Commands/Server/rewrite.php(43): require_once('/Applications/X...')
#12 {main}
CRITICAL - 2023-04-03 18:27:13 --> Table 'excelpla_cbp_online_dev.user' doesn't exist in engine
in SYSTEMPATH/Database/MySQLi/Connection.php on line 292.
 1 SYSTEMPATH/Database/MySQLi/Connection.php(292): mysqli->query('SELECT *
FROM `user`
WHERE `email` = \'nuri@auziplan.com\'
AND `password` = \'098f6bcd4621d373cade4e832627b4f6\'', 0)
 2 SYSTEMPATH/Database/BaseConnection.php(693): CodeIgniter\Database\MySQLi\Connection->execute('SELECT *
FROM `user`
WHERE `email` = \'nuri@auziplan.com\'
AND `password` = \'098f6bcd4621d373cade4e832627b4f6\'')
 3 SYSTEMPATH/Database/BaseConnection.php(620): CodeIgniter\Database\BaseConnection->simpleQuery('SELECT *
FROM `user`
WHERE `email` = \'nuri@auziplan.com\'
AND `password` = \'098f6bcd4621d373cade4e832627b4f6\'')
 4 SYSTEMPATH/Database/BaseBuilder.php(1585): CodeIgniter\Database\BaseConnection->query('SELECT *
FROM `user`
WHERE `email` = :email:
AND `password` = :password:', [...], false)
 5 SYSTEMPATH/Model.php(184): CodeIgniter\Database\BaseBuilder->get()
 6 SYSTEMPATH/BaseModel.php(523): CodeIgniter\Model->doFind(false, null)
 7 APPPATH/Controllers/Login.php(54): CodeIgniter\BaseModel->find()
 8 SYSTEMPATH/CodeIgniter.php(904): App\Controllers\Login->doLogin()
 9 SYSTEMPATH/CodeIgniter.php(457): CodeIgniter\CodeIgniter->runController(Object(App\Controllers\Login))
10 SYSTEMPATH/CodeIgniter.php(340): CodeIgniter\CodeIgniter->handleRequest(null, Object(Config\Cache), false)
11 FCPATH/index.php(55): CodeIgniter\CodeIgniter->run()
12 SYSTEMPATH/Commands/Server/rewrite.php(43): require_once('FCPATH/index.php')
ERROR - 2023-04-03 18:27:13 --> mysqli_sql_exception: Table 'excelpla_cbp_online_dev.user' doesn't exist in engine in /Applications/XAMPP/xamppfiles/htdocs/Auziplan-1/system/Database/MySQLi/Connection.php:292
Stack trace:
#0 /Applications/XAMPP/xamppfiles/htdocs/Auziplan-1/system/Database/MySQLi/Connection.php(292): mysqli->query('SELECT *\nFROM `...', 0)
#1 /Applications/XAMPP/xamppfiles/htdocs/Auziplan-1/system/Database/BaseConnection.php(693): CodeIgniter\Database\MySQLi\Connection->execute('SELECT *\nFROM `...')
#2 /Applications/XAMPP/xamppfiles/htdocs/Auziplan-1/system/Database/BaseConnection.php(620): CodeIgniter\Database\BaseConnection->simpleQuery('SELECT *\nFROM `...')
#3 /Applications/XAMPP/xamppfiles/htdocs/Auziplan-1/system/Database/BaseBuilder.php(1585): CodeIgniter\Database\BaseConnection->query('SELECT *\nFROM `...', Array, false)
#4 /Applications/XAMPP/xamppfiles/htdocs/Auziplan-1/system/Model.php(184): CodeIgniter\Database\BaseBuilder->get()
#5 /Applications/XAMPP/xamppfiles/htdocs/Auziplan-1/system/BaseModel.php(523): CodeIgniter\Model->doFind(false, NULL)
#6 /Applications/XAMPP/xamppfiles/htdocs/Auziplan-1/app/Controllers/Login.php(54): CodeIgniter\BaseModel->find()
#7 /Applications/XAMPP/xamppfiles/htdocs/Auziplan-1/system/CodeIgniter.php(904): App\Controllers\Login->doLogin()
#8 /Applications/XAMPP/xamppfiles/htdocs/Auziplan-1/system/CodeIgniter.php(457): CodeIgniter\CodeIgniter->runController(Object(App\Controllers\Login))
#9 /Applications/XAMPP/xamppfiles/htdocs/Auziplan-1/system/CodeIgniter.php(340): CodeIgniter\CodeIgniter->handleRequest(NULL, Object(Config\Cache), false)
#10 /Applications/XAMPP/xamppfiles/htdocs/Auziplan-1/public/index.php(55): CodeIgniter\CodeIgniter->run()
#11 /Applications/XAMPP/xamppfiles/htdocs/Auziplan-1/system/Commands/Server/rewrite.php(43): require_once('/Applications/X...')
#12 {main}
CRITICAL - 2023-04-03 18:27:13 --> Table 'excelpla_cbp_online_dev.user' doesn't exist in engine
in SYSTEMPATH/Database/MySQLi/Connection.php on line 292.
 1 SYSTEMPATH/Database/MySQLi/Connection.php(292): mysqli->query('SELECT *
FROM `user`
WHERE `email` = \'nuri@auziplan.com\'
AND `password` = \'098f6bcd4621d373cade4e832627b4f6\'', 0)
 2 SYSTEMPATH/Database/BaseConnection.php(693): CodeIgniter\Database\MySQLi\Connection->execute('SELECT *
FROM `user`
WHERE `email` = \'nuri@auziplan.com\'
AND `password` = \'098f6bcd4621d373cade4e832627b4f6\'')
 3 SYSTEMPATH/Database/BaseConnection.php(620): CodeIgniter\Database\BaseConnection->simpleQuery('SELECT *
FROM `user`
WHERE `email` = \'nuri@auziplan.com\'
AND `password` = \'098f6bcd4621d373cade4e832627b4f6\'')
 4 SYSTEMPATH/Database/BaseBuilder.php(1585): CodeIgniter\Database\BaseConnection->query('SELECT *
FROM `user`
WHERE `email` = :email:
AND `password` = :password:', [...], false)
 5 SYSTEMPATH/Model.php(184): CodeIgniter\Database\BaseBuilder->get()
 6 SYSTEMPATH/BaseModel.php(523): CodeIgniter\Model->doFind(false, null)
 7 APPPATH/Controllers/Login.php(54): CodeIgniter\BaseModel->find()
 8 SYSTEMPATH/CodeIgniter.php(904): App\Controllers\Login->doLogin()
 9 SYSTEMPATH/CodeIgniter.php(457): CodeIgniter\CodeIgniter->runController(Object(App\Controllers\Login))
10 SYSTEMPATH/CodeIgniter.php(340): CodeIgniter\CodeIgniter->handleRequest(null, Object(Config\Cache), false)
11 FCPATH/index.php(55): CodeIgniter\CodeIgniter->run()
12 SYSTEMPATH/Commands/Server/rewrite.php(43): require_once('FCPATH/index.php')
ERROR - 2023-04-03 18:27:13 --> mysqli_sql_exception: Table 'excelpla_cbp_online_dev.user' doesn't exist in engine in /Applications/XAMPP/xamppfiles/htdocs/Auziplan-1/system/Database/MySQLi/Connection.php:292
Stack trace:
#0 /Applications/XAMPP/xamppfiles/htdocs/Auziplan-1/system/Database/MySQLi/Connection.php(292): mysqli->query('SELECT *\nFROM `...', 0)
#1 /Applications/XAMPP/xamppfiles/htdocs/Auziplan-1/system/Database/BaseConnection.php(693): CodeIgniter\Database\MySQLi\Connection->execute('SELECT *\nFROM `...')
#2 /Applications/XAMPP/xamppfiles/htdocs/Auziplan-1/system/Database/BaseConnection.php(620): CodeIgniter\Database\BaseConnection->simpleQuery('SELECT *\nFROM `...')
#3 /Applications/XAMPP/xamppfiles/htdocs/Auziplan-1/system/Database/BaseBuilder.php(1585): CodeIgniter\Database\BaseConnection->query('SELECT *\nFROM `...', Array, false)
#4 /Applications/XAMPP/xamppfiles/htdocs/Auziplan-1/system/Model.php(184): CodeIgniter\Database\BaseBuilder->get()
#5 /Applications/XAMPP/xamppfiles/htdocs/Auziplan-1/system/BaseModel.php(523): CodeIgniter\Model->doFind(false, NULL)
#6 /Applications/XAMPP/xamppfiles/htdocs/Auziplan-1/app/Controllers/Login.php(54): CodeIgniter\BaseModel->find()
#7 /Applications/XAMPP/xamppfiles/htdocs/Auziplan-1/system/CodeIgniter.php(904): App\Controllers\Login->doLogin()
#8 /Applications/XAMPP/xamppfiles/htdocs/Auziplan-1/system/CodeIgniter.php(457): CodeIgniter\CodeIgniter->runController(Object(App\Controllers\Login))
#9 /Applications/XAMPP/xamppfiles/htdocs/Auziplan-1/system/CodeIgniter.php(340): CodeIgniter\CodeIgniter->handleRequest(NULL, Object(Config\Cache), false)
#10 /Applications/XAMPP/xamppfiles/htdocs/Auziplan-1/public/index.php(55): CodeIgniter\CodeIgniter->run()
#11 /Applications/XAMPP/xamppfiles/htdocs/Auziplan-1/system/Commands/Server/rewrite.php(43): require_once('/Applications/X...')
#12 {main}
CRITICAL - 2023-04-03 18:27:13 --> Table 'excelpla_cbp_online_dev.user' doesn't exist in engine
in SYSTEMPATH/Database/MySQLi/Connection.php on line 292.
 1 SYSTEMPATH/Database/MySQLi/Connection.php(292): mysqli->query('SELECT *
FROM `user`
WHERE `email` = \'nuri@auziplan.com\'
AND `password` = \'098f6bcd4621d373cade4e832627b4f6\'', 0)
 2 SYSTEMPATH/Database/BaseConnection.php(693): CodeIgniter\Database\MySQLi\Connection->execute('SELECT *
FROM `user`
WHERE `email` = \'nuri@auziplan.com\'
AND `password` = \'098f6bcd4621d373cade4e832627b4f6\'')
 3 SYSTEMPATH/Database/BaseConnection.php(620): CodeIgniter\Database\BaseConnection->simpleQuery('SELECT *
FROM `user`
WHERE `email` = \'nuri@auziplan.com\'
AND `password` = \'098f6bcd4621d373cade4e832627b4f6\'')
 4 SYSTEMPATH/Database/BaseBuilder.php(1585): CodeIgniter\Database\BaseConnection->query('SELECT *
FROM `user`
WHERE `email` = :email:
AND `password` = :password:', [...], false)
 5 SYSTEMPATH/Model.php(184): CodeIgniter\Database\BaseBuilder->get()
 6 SYSTEMPATH/BaseModel.php(523): CodeIgniter\Model->doFind(false, null)
 7 APPPATH/Controllers/Login.php(54): CodeIgniter\BaseModel->find()
 8 SYSTEMPATH/CodeIgniter.php(904): App\Controllers\Login->doLogin()
 9 SYSTEMPATH/CodeIgniter.php(457): CodeIgniter\CodeIgniter->runController(Object(App\Controllers\Login))
10 SYSTEMPATH/CodeIgniter.php(340): CodeIgniter\CodeIgniter->handleRequest(null, Object(Config\Cache), false)
11 FCPATH/index.php(55): CodeIgniter\CodeIgniter->run()
12 SYSTEMPATH/Commands/Server/rewrite.php(43): require_once('FCPATH/index.php')
