CRITICAL - 2023-04-28 17:49:08 --> Creation of dynamic property App\Controllers\Login::$data is deprecated
in APPPATH/Controllers/BaseController.php on line 82.
 1 APPPATH/Controllers/BaseController.php(82): CodeIgniter\Debug\Exceptions->errorHandler(8192, 'Creation of dynamic property App\\Controllers\\Login::$data is deprecated', 'APPPATH/Controllers/BaseController.php', 82)
 2 SYSTEMPATH/CodeIgniter.php(867): App\Controllers\BaseController->initController(Object(CodeIgniter\HTTP\IncomingRequest), Object(CodeIgniter\HTTP\Response), Object(CodeIgniter\Log\Logger))
 3 SYSTEMPATH/CodeIgniter.php(448): CodeIgniter\CodeIgniter->createController()
 4 SYSTEMPATH/CodeIgniter.php(340): CodeIgniter\CodeIgniter->handleRequest(null, Object(Config\Cache), false)
 5 FCPATH/index.php(55): CodeIgniter\CodeIgniter->run()
 6 SYSTEMPATH/Commands/Server/rewrite.php(43): require_once('FCPATH/index.php')
CRITICAL - 2023-04-28 17:49:56 --> Creation of dynamic property App\Controllers\Login::$data is deprecated
in APPPATH/Controllers/BaseController.php on line 82.
 1 APPPATH/Controllers/BaseController.php(82): CodeIgniter\Debug\Exceptions->errorHandler(8192, 'Creation of dynamic property App\\Controllers\\Login::$data is deprecated', 'APPPATH/Controllers/BaseController.php', 82)
 2 SYSTEMPATH/CodeIgniter.php(867): App\Controllers\BaseController->initController(Object(CodeIgniter\HTTP\IncomingRequest), Object(CodeIgniter\HTTP\Response), Object(CodeIgniter\Log\Logger))
 3 SYSTEMPATH/CodeIgniter.php(448): CodeIgniter\CodeIgniter->createController()
 4 SYSTEMPATH/CodeIgniter.php(340): CodeIgniter\CodeIgniter->handleRequest(null, Object(Config\Cache), false)
 5 FCPATH/index.php(55): CodeIgniter\CodeIgniter->run()
 6 SYSTEMPATH/Commands/Server/rewrite.php(43): require_once('FCPATH/index.php')
CRITICAL - 2023-04-28 18:34:08 --> file_get_contents(/Applications/XAMPP/xamppfiles/htdocs/Auziplan-1/writable/uploads/20230407/1680909564_a8e615a69dc76fc731cc.png): Failed to open stream: No such file or directory
in APPPATH/Controllers/Uploadfile.php on line 28.
 1 [internal function]: CodeIgniter\Debug\Exceptions->errorHandler(2, 'file_get_contents(/Applications/XAMPP/xamppfiles/htdocs/Auziplan-1/writable/uploads/20230407/1680909564_a8e615a69dc76fc731cc.png): Failed to open stream: No such file or directory', 'APPPATH/Controllers/Uploadfile.php', 28)
 2 APPPATH/Controllers/Uploadfile.php(28): file_get_contents('ROOTPATH/writable/uploads/20230407/1680909564_a8e615a69dc76fc731cc.png')
 3 SYSTEMPATH/CodeIgniter.php(904): App\Controllers\Uploadfile->index('20230407', '1680909564_a8e615a69dc76fc731cc.png')
 4 SYSTEMPATH/CodeIgniter.php(457): CodeIgniter\CodeIgniter->runController(Object(App\Controllers\Uploadfile))
 5 SYSTEMPATH/CodeIgniter.php(340): CodeIgniter\CodeIgniter->handleRequest(null, Object(Config\Cache), false)
 6 FCPATH/index.php(55): CodeIgniter\CodeIgniter->run()
 7 SYSTEMPATH/Commands/Server/rewrite.php(43): require_once('FCPATH/index.php')
CRITICAL - 2023-04-28 18:34:08 --> file_get_contents(/Applications/XAMPP/xamppfiles/htdocs/Auziplan-1/writable/uploads/20230407/1680909564_a8e615a69dc76fc731cc.png): Failed to open stream: No such file or directory
in APPPATH/Controllers/Uploadfile.php on line 28.
 1 [internal function]: CodeIgniter\Debug\Exceptions->errorHandler(2, 'file_get_contents(/Applications/XAMPP/xamppfiles/htdocs/Auziplan-1/writable/uploads/20230407/1680909564_a8e615a69dc76fc731cc.png): Failed to open stream: No such file or directory', 'APPPATH/Controllers/Uploadfile.php', 28)
 2 APPPATH/Controllers/Uploadfile.php(28): file_get_contents('ROOTPATH/writable/uploads/20230407/1680909564_a8e615a69dc76fc731cc.png')
 3 SYSTEMPATH/CodeIgniter.php(904): App\Controllers\Uploadfile->index('20230407', '1680909564_a8e615a69dc76fc731cc.png')
 4 SYSTEMPATH/CodeIgniter.php(457): CodeIgniter\CodeIgniter->runController(Object(App\Controllers\Uploadfile))
 5 SYSTEMPATH/CodeIgniter.php(340): CodeIgniter\CodeIgniter->handleRequest(null, Object(Config\Cache), false)
 6 FCPATH/index.php(55): CodeIgniter\CodeIgniter->run()
 7 SYSTEMPATH/Commands/Server/rewrite.php(43): require_once('FCPATH/index.php')
CRITICAL - 2023-04-28 18:34:16 --> file_get_contents(/Applications/XAMPP/xamppfiles/htdocs/Auziplan-1/writable/uploads/20230407/1680909564_a8e615a69dc76fc731cc.png): Failed to open stream: No such file or directory
in APPPATH/Controllers/Uploadfile.php on line 28.
 1 [internal function]: CodeIgniter\Debug\Exceptions->errorHandler(2, 'file_get_contents(/Applications/XAMPP/xamppfiles/htdocs/Auziplan-1/writable/uploads/20230407/1680909564_a8e615a69dc76fc731cc.png): Failed to open stream: No such file or directory', 'APPPATH/Controllers/Uploadfile.php', 28)
 2 APPPATH/Controllers/Uploadfile.php(28): file_get_contents('ROOTPATH/writable/uploads/20230407/1680909564_a8e615a69dc76fc731cc.png')
 3 SYSTEMPATH/CodeIgniter.php(904): App\Controllers\Uploadfile->index('20230407', '1680909564_a8e615a69dc76fc731cc.png')
 4 SYSTEMPATH/CodeIgniter.php(457): CodeIgniter\CodeIgniter->runController(Object(App\Controllers\Uploadfile))
 5 SYSTEMPATH/CodeIgniter.php(340): CodeIgniter\CodeIgniter->handleRequest(null, Object(Config\Cache), false)
 6 FCPATH/index.php(55): CodeIgniter\CodeIgniter->run()
 7 SYSTEMPATH/Commands/Server/rewrite.php(43): require_once('FCPATH/index.php')
